TpTrace Verbose: 0 : 616, 1, 2020/12/02, 21:20:51.055, 11481019602739, vstest.console.dll, Version: 16.8.0-release-20201022-02
TpTrace Information: 0 : 616, 1, 2020/12/02, 21:20:51.070, 11481019731663, vstest.console.dll, FilePatternParser: The given file C:\Users\Muhamed\source\repos\VVS-Zadaca2-GrupaRS3-EMM\Tinder.ba\Unit Testovi\bin\Release\fine-code-coverage\Unit Testovi.dll is a full path.
TpTrace Verbose: 0 : 616, 1, 2020/12/02, 21:20:51.080, 11481019834547, vstest.console.dll, TestPluginCache.DiscoverTestExtensions: finding test extensions in assemblies ends with: RuntimeProvider.dll TPluginInfo: Microsoft.VisualStudio.TestPlatform.Common.ExtensionFramework.Utilities.TestRuntimePluginInformation TExtension: Microsoft.VisualStudio.TestPlatform.ObjectModel.Host.ITestRuntimeProvider
TpTrace Verbose: 0 : 616, 1, 2020/12/02, 21:20:51.081, 11481019839972, vstest.console.dll, TestPluginCache.GetExtensionPaths: Filtered extension paths: 
TpTrace Verbose: 0 : 616, 1, 2020/12/02, 21:20:51.081, 11481019842086, vstest.console.dll, TestPluginCache.GetExtensionPaths: Added default extension paths: C:\Program Files\dotnet\sdk\5.0.100\Extensions\Microsoft.Diagnostics.NETCore.Client.dll
C:\Program Files\dotnet\sdk\5.0.100\Extensions\Microsoft.TestPlatform.Extensions.BlameDataCollector.dll
C:\Program Files\dotnet\sdk\5.0.100\Extensions\Microsoft.TestPlatform.Extensions.EventLogCollector.dll
C:\Program Files\dotnet\sdk\5.0.100\Extensions\Microsoft.TestPlatform.TestHostRuntimeProvider.dll
C:\Program Files\dotnet\sdk\5.0.100\Extensions\Microsoft.VisualStudio.TestPlatform.Extensions.Html.TestLogger.dll
C:\Program Files\dotnet\sdk\5.0.100\Extensions\Microsoft.VisualStudio.TestPlatform.Extensions.Trx.TestLogger.dll
TpTrace Verbose: 0 : 616, 1, 2020/12/02, 21:20:51.081, 11481019843344, vstest.console.dll, TestPluginCache.GetExtensionPaths: Added unfilterableExtensionPaths: 
TpTrace Information: 0 : 616, 1, 2020/12/02, 21:20:51.082, 11481019852929, vstest.console.dll, AssemblyResolver.ctor: Creating AssemblyResolver with searchDirectories C:\Program Files\dotnet\sdk\5.0.100\Extensions,C:\Program Files\dotnet\sdk\5.0.100
TpTrace Verbose: 0 : 616, 1, 2020/12/02, 21:20:51.084, 11481019870588, vstest.console.dll, TestPluginCache.DiscoverTestExtensions: Discovering the extensions using extension path.
TpTrace Verbose: 0 : 616, 1, 2020/12/02, 21:20:51.084, 11481019873204, vstest.console.dll, TestPluginCache.GetExtensionPaths: Filtered extension paths: 
TpTrace Verbose: 0 : 616, 1, 2020/12/02, 21:20:51.084, 11481019874235, vstest.console.dll, TestPluginCache.GetExtensionPaths: Added default extension paths: C:\Program Files\dotnet\sdk\5.0.100\Extensions\Microsoft.Diagnostics.NETCore.Client.dll
C:\Program Files\dotnet\sdk\5.0.100\Extensions\Microsoft.TestPlatform.Extensions.BlameDataCollector.dll
C:\Program Files\dotnet\sdk\5.0.100\Extensions\Microsoft.TestPlatform.Extensions.EventLogCollector.dll
C:\Program Files\dotnet\sdk\5.0.100\Extensions\Microsoft.TestPlatform.TestHostRuntimeProvider.dll
C:\Program Files\dotnet\sdk\5.0.100\Extensions\Microsoft.VisualStudio.TestPlatform.Extensions.Html.TestLogger.dll
C:\Program Files\dotnet\sdk\5.0.100\Extensions\Microsoft.VisualStudio.TestPlatform.Extensions.Trx.TestLogger.dll
TpTrace Verbose: 0 : 616, 1, 2020/12/02, 21:20:51.084, 11481019874992, vstest.console.dll, TestPluginCache.GetExtensionPaths: Added unfilterableExtensionPaths: 
TpTrace Verbose: 0 : 616, 1, 2020/12/02, 21:20:51.085, 11481019876157, vstest.console.dll, TestPluginCache.DiscoverTestExtensions: Discovering the extensions using allExtensionPaths: C:\Program Files\dotnet\sdk\5.0.100\Extensions\Microsoft.Diagnostics.NETCore.Client.dll
C:\Program Files\dotnet\sdk\5.0.100\Extensions\Microsoft.TestPlatform.Extensions.BlameDataCollector.dll
C:\Program Files\dotnet\sdk\5.0.100\Extensions\Microsoft.TestPlatform.Extensions.EventLogCollector.dll
C:\Program Files\dotnet\sdk\5.0.100\Extensions\Microsoft.TestPlatform.TestHostRuntimeProvider.dll
C:\Program Files\dotnet\sdk\5.0.100\Extensions\Microsoft.VisualStudio.TestPlatform.Extensions.Html.TestLogger.dll
C:\Program Files\dotnet\sdk\5.0.100\Extensions\Microsoft.VisualStudio.TestPlatform.Extensions.Trx.TestLogger.dll
TpTrace Information: 0 : 616, 1, 2020/12/02, 21:20:51.085, 11481019878436, vstest.console.dll, AssemblyResolver.AddSearchDirectories: Adding more searchDirectories C:\Program Files\dotnet\sdk\5.0.100\Extensions,C:\Program Files\dotnet\sdk\5.0.100
TpTrace Information: 0 : 616, 1, 2020/12/02, 21:20:51.085, 11481019879611, vstest.console.dll, AssemblyResolver.AddSearchDirectories: Adding more searchDirectories C:\Program Files\dotnet\sdk\5.0.100\Extensions,C:\Program Files\dotnet\sdk\5.0.100
TpTrace Information: 0 : 616, 1, 2020/12/02, 21:20:51.085, 11481019881380, vstest.console.dll, AssemblyResolver.AddSearchDirectories: Adding more searchDirectories C:\Program Files\dotnet\sdk\5.0.100\Extensions,C:\Program Files\dotnet\sdk\5.0.100
TpTrace Information: 0 : 616, 1, 2020/12/02, 21:20:51.085, 11481019883093, vstest.console.dll, AssemblyResolver.AddSearchDirectories: Adding more searchDirectories C:\Program Files\dotnet\sdk\5.0.100\Extensions,C:\Program Files\dotnet\sdk\5.0.100
TpTrace Information: 0 : 616, 1, 2020/12/02, 21:20:51.085, 11481019884258, vstest.console.dll, AssemblyResolver.AddSearchDirectories: Adding more searchDirectories C:\Program Files\dotnet\sdk\5.0.100\Extensions,C:\Program Files\dotnet\sdk\5.0.100
TpTrace Information: 0 : 616, 1, 2020/12/02, 21:20:51.085, 11481019885307, vstest.console.dll, AssemblyResolver.AddSearchDirectories: Adding more searchDirectories C:\Program Files\dotnet\sdk\5.0.100\Extensions,C:\Program Files\dotnet\sdk\5.0.100
TpTrace Information: 0 : 616, 1, 2020/12/02, 21:20:51.087, 11481019897507, vstest.console.dll, AssemblyResolver.OnResolve: Microsoft.Diagnostics.NETCore.Client: Resolving assembly.
TpTrace Information: 0 : 616, 1, 2020/12/02, 21:20:51.090, 11481019935184, vstest.console.dll, AssemblyResolver.OnResolve: Resolved assembly: Microsoft.Diagnostics.NETCore.Client, from path: C:\Program Files\dotnet\sdk\5.0.100\Extensions\Microsoft.Diagnostics.NETCore.Client.dll
TpTrace Information: 0 : 616, 1, 2020/12/02, 21:20:51.103, 11481020062909, vstest.console.dll, AssemblyResolver.OnResolve: Microsoft.Bcl.AsyncInterfaces: Resolving assembly.
TpTrace Information: 0 : 616, 1, 2020/12/02, 21:20:51.104, 11481020068685, vstest.console.dll, AssemblyResolver.OnResolve: Microsoft.Bcl.AsyncInterfaces: Failed to load assembly.
TpTrace Verbose: 0 : 616, 1, 2020/12/02, 21:20:51.104, 11481020070313, vstest.console.dll, CurrentDomain_AssemblyResolve: Resolving assembly 'Microsoft.Bcl.AsyncInterfaces'.
TpTrace Information: 0 : 616, 1, 2020/12/02, 21:20:51.104, 11481020072131, vstest.console.dll, AssemblyResolver.OnResolve: Microsoft.Bcl.AsyncInterfaces: Resolving assembly.
TpTrace Information: 0 : 616, 1, 2020/12/02, 21:20:51.104, 11481020073738, vstest.console.dll, AssemblyResolver.OnResolve: Microsoft.Bcl.AsyncInterfaces: Resolved from cache.
TpTrace Verbose: 0 : 616, 1, 2020/12/02, 21:20:51.104, 11481020074969, vstest.console.dll, CurrentDomain_AssemblyResolve: Resolving assembly 'Microsoft.Bcl.AsyncInterfaces'.
TpTrace Verbose: 0 : 616, 1, 2020/12/02, 21:20:51.105, 11481020076448, vstest.console.dll, CurrentDomainAssemblyResolve: Failed to resolve assembly 'Microsoft.Bcl.AsyncInterfaces'.
TpTrace Verbose: 0 : 616, 1, 2020/12/02, 21:20:51.107, 11481020104147, vstest.console.dll, CurrentDomainAssemblyResolve: Failed to resolve assembly 'Microsoft.Bcl.AsyncInterfaces'.
TpTrace Warning: 0 : 616, 1, 2020/12/02, 21:20:51.152, 11481020554991, vstest.console.dll, TestPluginDiscoverer: Failed to get types from assembly 'Microsoft.Diagnostics.NETCore.Client, Version=0.2.2.41902, Culture=neutral, PublicKeyToken=31bf3856ad364e35'.  Skipping test extension scan for this assembly.  Error: System.Reflection.ReflectionTypeLoadException: Unable to load one or more of the requested types.
Could not load file or assembly 'Microsoft.Bcl.AsyncInterfaces, Version=1.0.0.0, Culture=neutral, PublicKeyToken=cc7b13ffcd2ddd51'. The system cannot find the file specified.
   at System.Reflection.RuntimeModule.GetTypes(RuntimeModule module)
   at System.Reflection.RuntimeModule.GetTypes()
   at System.Reflection.Assembly.GetTypes()
   at Microsoft.VisualStudio.TestPlatform.Common.ExtensionFramework.TestPluginDiscoverer.GetTestExtensionsFromAssembly[TPluginInfo,TExtension](Assembly assembly, Dictionary`2 pluginInfos)
System.IO.FileNotFoundException: Could not load file or assembly 'Microsoft.Bcl.AsyncInterfaces, Version=1.0.0.0, Culture=neutral, PublicKeyToken=cc7b13ffcd2ddd51'. The system cannot find the file specified.
File name: 'Microsoft.Bcl.AsyncInterfaces, Version=1.0.0.0, Culture=neutral, PublicKeyToken=cc7b13ffcd2ddd51'
TpTrace Warning: 0 : 616, 1, 2020/12/02, 21:20:51.153, 11481020558032, vstest.console.dll, LoaderExceptions: System.IO.FileNotFoundException: Could not load file or assembly 'Microsoft.Bcl.AsyncInterfaces, Version=1.0.0.0, Culture=neutral, PublicKeyToken=cc7b13ffcd2ddd51'. The system cannot find the file specified.
File name: 'Microsoft.Bcl.AsyncInterfaces, Version=1.0.0.0, Culture=neutral, PublicKeyToken=cc7b13ffcd2ddd51'
TpTrace Information: 0 : 616, 1, 2020/12/02, 21:20:51.153, 11481020560308, vstest.console.dll, AssemblyResolver.OnResolve: Microsoft.TestPlatform.Extensions.BlameDataCollector: Resolving assembly.
TpTrace Information: 0 : 616, 1, 2020/12/02, 21:20:51.155, 11481020577093, vstest.console.dll, AssemblyResolver.OnResolve: Resolved assembly: Microsoft.TestPlatform.Extensions.BlameDataCollector, from path: C:\Program Files\dotnet\sdk\5.0.100\Extensions\Microsoft.TestPlatform.Extensions.BlameDataCollector.dll
TpTrace Information: 0 : 616, 1, 2020/12/02, 21:20:51.156, 11481020587865, vstest.console.dll, AssemblyResolver.OnResolve: Microsoft.TestPlatform.Extensions.EventLogCollector: Resolving assembly.
TpTrace Information: 0 : 616, 1, 2020/12/02, 21:20:51.157, 11481020600569, vstest.console.dll, AssemblyResolver.OnResolve: Resolved assembly: Microsoft.TestPlatform.Extensions.EventLogCollector, from path: C:\Program Files\dotnet\sdk\5.0.100\Extensions\Microsoft.TestPlatform.Extensions.EventLogCollector.dll
TpTrace Information: 0 : 616, 1, 2020/12/02, 21:20:51.160, 11481020631351, vstest.console.dll, AssemblyResolver.OnResolve: Microsoft.TestPlatform.TestHostRuntimeProvider: Resolving assembly.
TpTrace Information: 0 : 616, 1, 2020/12/02, 21:20:51.165, 11481020676979, vstest.console.dll, AssemblyResolver.OnResolve: Resolved assembly: Microsoft.TestPlatform.TestHostRuntimeProvider, from path: C:\Program Files\dotnet\sdk\5.0.100\Extensions\Microsoft.TestPlatform.TestHostRuntimeProvider.dll
TpTrace Information: 0 : 616, 1, 2020/12/02, 21:20:51.168, 11481020707411, vstest.console.dll, AssemblyResolver.OnResolve: Microsoft.VisualStudio.TestPlatform.Extensions.Html.TestLogger: Resolving assembly.
TpTrace Information: 0 : 616, 1, 2020/12/02, 21:20:51.169, 11481020722970, vstest.console.dll, AssemblyResolver.OnResolve: Resolved assembly: Microsoft.VisualStudio.TestPlatform.Extensions.Html.TestLogger, from path: C:\Program Files\dotnet\sdk\5.0.100\Extensions\Microsoft.VisualStudio.TestPlatform.Extensions.Html.TestLogger.dll
TpTrace Information: 0 : 616, 1, 2020/12/02, 21:20:51.170, 11481020726918, vstest.console.dll, AssemblyResolver.OnResolve: Microsoft.VisualStudio.TestPlatform.Extensions.Trx.TestLogger: Resolving assembly.
TpTrace Information: 0 : 616, 1, 2020/12/02, 21:20:51.171, 11481020741834, vstest.console.dll, AssemblyResolver.OnResolve: Resolved assembly: Microsoft.VisualStudio.TestPlatform.Extensions.Trx.TestLogger, from path: C:\Program Files\dotnet\sdk\5.0.100\Extensions\Microsoft.VisualStudio.TestPlatform.Extensions.Trx.TestLogger.dll
TpTrace Verbose: 0 : 616, 1, 2020/12/02, 21:20:51.173, 11481020765675, vstest.console.dll, TestPluginCache: Discovered the extensions using extension path ''.
TpTrace Verbose: 0 : 616, 1, 2020/12/02, 21:20:51.174, 11481020767598, vstest.console.dll, TestPluginCache: Discoverers are ''.
TpTrace Verbose: 0 : 616, 1, 2020/12/02, 21:20:51.174, 11481020768737, vstest.console.dll, TestPluginCache: Executors are ''.
TpTrace Verbose: 0 : 616, 1, 2020/12/02, 21:20:51.174, 11481020769981, vstest.console.dll, TestPluginCache: Executors2 are ''.
TpTrace Verbose: 0 : 616, 1, 2020/12/02, 21:20:51.174, 11481020771115, vstest.console.dll, TestPluginCache: Setting providers are ''.
TpTrace Verbose: 0 : 616, 1, 2020/12/02, 21:20:51.174, 11481020772756, vstest.console.dll, TestPluginCache: Loggers are ''.
TpTrace Information: 0 : 616, 1, 2020/12/02, 21:20:51.191, 11481020944986, vstest.console.dll, RunTestsArgumentProcessor:Execute: Test run is starting.
TpTrace Verbose: 0 : 616, 1, 2020/12/02, 21:20:51.192, 11481020947223, vstest.console.dll, RunTestsArgumentProcessor:Execute: Queuing Test run.
TpTrace Information: 0 : 616, 1, 2020/12/02, 21:20:51.192, 11481020952200, vstest.console.dll, TestRequestManager.RunTests: run tests started.
TpTrace Information: 0 : 616, 1, 2020/12/02, 21:20:51.197, 11481020997821, vstest.console.dll, AssemblyMetadataProvider.GetFrameWork: Determined framework:'.NETCoreApp,Version=v3.1' for source: 'C:\Users\Muhamed\source\repos\VVS-Zadaca2-GrupaRS3-EMM\Tinder.ba\Unit Testovi\bin\Release\fine-code-coverage\Unit Testovi.dll'
TpTrace Information: 0 : 616, 1, 2020/12/02, 21:20:51.197, 11481021000043, vstest.console.dll, Determined framework for all sources: .NETCoreApp,Version=v3.1
TpTrace Information: 0 : 616, 1, 2020/12/02, 21:20:51.198, 11481021007385, vstest.console.dll, AssemblyMetadataProvider.GetArchitecture: Determined architecture:AnyCPU info for assembly: C:\Users\Muhamed\source\repos\VVS-Zadaca2-GrupaRS3-EMM\Tinder.ba\Unit Testovi\bin\Release\fine-code-coverage\Unit Testovi.dll
TpTrace Information: 0 : 616, 1, 2020/12/02, 21:20:51.200, 11481021027995, vstest.console.dll, Determined platform for all sources: X64
TpTrace Information: 0 : 616, 1, 2020/12/02, 21:20:51.207, 11481021105770, vstest.console.dll, Compatible sources list : 
TpTrace Information: 0 : 616, 1, 2020/12/02, 21:20:51.208, 11481021107404, vstest.console.dll, C:\Users\Muhamed\source\repos\VVS-Zadaca2-GrupaRS3-EMM\Tinder.ba\Unit Testovi\bin\Release\fine-code-coverage\Unit Testovi.dll
TpTrace Information: 0 : 616, 1, 2020/12/02, 21:20:51.211, 11481021142368, vstest.console.dll, InferRunSettingsHelper.IsTestSettingsEnabled: Unable to navigate to RunSettings/MSTest. Current node: RunSettings
TpTrace Information: 0 : 616, 1, 2020/12/02, 21:20:51.212, 11481021154622, vstest.console.dll, AssemblyResolver.OnResolve: Microsoft.VisualStudio.TestPlatform.Fakes: Resolving assembly.
TpTrace Information: 0 : 616, 1, 2020/12/02, 21:20:51.213, 11481021158628, vstest.console.dll, AssemblyResolver.OnResolve: Microsoft.VisualStudio.TestPlatform.Fakes: Failed to load assembly.
TpTrace Information: 0 : 616, 1, 2020/12/02, 21:20:51.213, 11481021164103, vstest.console.dll, Failed to create newly implemented Fakes Configurator. Reason:System.IO.FileNotFoundException: Could not load file or assembly 'Microsoft.VisualStudio.TestPlatform.Fakes, Version=16.0.0.0, Culture=neutral, PublicKeyToken=null'. The system cannot find the file specified.
File name: 'Microsoft.VisualStudio.TestPlatform.Fakes, Version=16.0.0.0, Culture=neutral, PublicKeyToken=null'
   at System.Reflection.RuntimeAssembly.InternalLoad(ObjectHandleOnStack assemblyName, ObjectHandleOnStack requestingAssembly, StackCrawlMarkHandle stackMark, Boolean throwOnFileNotFound, ObjectHandleOnStack assemblyLoadContext, ObjectHandleOnStack retAssembly)
   at System.Reflection.RuntimeAssembly.InternalLoad(AssemblyName assemblyName, RuntimeAssembly requestingAssembly, StackCrawlMark& stackMark, Boolean throwOnFileNotFound, AssemblyLoadContext assemblyLoadContext)
   at System.Reflection.Assembly.Load(String assemblyString)
   at Microsoft.VisualStudio.TestPlatform.Common.Utilities.FakesUtilities.TryGetFakesCrossPlatformDataCollectorConfigurator() 
TpTrace Verbose: 0 : 616, 1, 2020/12/02, 21:20:51.218, 11481021207133, vstest.console.dll, TestPluginCache.DiscoverTestExtensions: finding test extensions in assemblies ends with: TestLogger.dll TPluginInfo: Microsoft.VisualStudio.TestPlatform.Common.ExtensionFramework.Utilities.TestLoggerPluginInformation TExtension: Microsoft.VisualStudio.TestPlatform.ObjectModel.Client.ITestLogger
TpTrace Verbose: 0 : 616, 1, 2020/12/02, 21:20:51.218, 11481021209200, vstest.console.dll, TestPluginCache.GetExtensionPaths: Filtered extension paths: 
TpTrace Verbose: 0 : 616, 1, 2020/12/02, 21:20:51.218, 11481021210053, vstest.console.dll, TestPluginCache.GetExtensionPaths: Added default extension paths: C:\Program Files\dotnet\sdk\5.0.100\Extensions\Microsoft.Diagnostics.NETCore.Client.dll
C:\Program Files\dotnet\sdk\5.0.100\Extensions\Microsoft.TestPlatform.Extensions.BlameDataCollector.dll
C:\Program Files\dotnet\sdk\5.0.100\Extensions\Microsoft.TestPlatform.Extensions.EventLogCollector.dll
C:\Program Files\dotnet\sdk\5.0.100\Extensions\Microsoft.TestPlatform.TestHostRuntimeProvider.dll
C:\Program Files\dotnet\sdk\5.0.100\Extensions\Microsoft.VisualStudio.TestPlatform.Extensions.Html.TestLogger.dll
C:\Program Files\dotnet\sdk\5.0.100\Extensions\Microsoft.VisualStudio.TestPlatform.Extensions.Trx.TestLogger.dll
TpTrace Verbose: 0 : 616, 1, 2020/12/02, 21:20:51.218, 11481021210843, vstest.console.dll, TestPluginCache.GetExtensionPaths: Added unfilterableExtensionPaths: 
TpTrace Information: 0 : 616, 1, 2020/12/02, 21:20:51.218, 11481021214161, vstest.console.dll, AssemblyResolver.AddSearchDirectories: Adding more searchDirectories C:\Program Files\dotnet\sdk\5.0.100\Extensions,C:\Program Files\dotnet\sdk\5.0.100
TpTrace Verbose: 0 : 616, 1, 2020/12/02, 21:20:51.218, 11481021215608, vstest.console.dll, TestPluginCache.DiscoverTestExtensions: Discovering the extensions using extension path.
TpTrace Verbose: 0 : 616, 1, 2020/12/02, 21:20:51.219, 11481021216727, vstest.console.dll, TestPluginCache.GetExtensionPaths: Filtered extension paths: 
TpTrace Verbose: 0 : 616, 1, 2020/12/02, 21:20:51.219, 11481021217876, vstest.console.dll, TestPluginCache.GetExtensionPaths: Added default extension paths: C:\Program Files\dotnet\sdk\5.0.100\Extensions\Microsoft.Diagnostics.NETCore.Client.dll
C:\Program Files\dotnet\sdk\5.0.100\Extensions\Microsoft.TestPlatform.Extensions.BlameDataCollector.dll
C:\Program Files\dotnet\sdk\5.0.100\Extensions\Microsoft.TestPlatform.Extensions.EventLogCollector.dll
C:\Program Files\dotnet\sdk\5.0.100\Extensions\Microsoft.TestPlatform.TestHostRuntimeProvider.dll
C:\Program Files\dotnet\sdk\5.0.100\Extensions\Microsoft.VisualStudio.TestPlatform.Extensions.Html.TestLogger.dll
C:\Program Files\dotnet\sdk\5.0.100\Extensions\Microsoft.VisualStudio.TestPlatform.Extensions.Trx.TestLogger.dll
TpTrace Verbose: 0 : 616, 1, 2020/12/02, 21:20:51.219, 11481021219126, vstest.console.dll, TestPluginCache.GetExtensionPaths: Added unfilterableExtensionPaths: 
TpTrace Verbose: 0 : 616, 1, 2020/12/02, 21:20:51.219, 11481021220275, vstest.console.dll, TestPluginCache.DiscoverTestExtensions: Discovering the extensions using allExtensionPaths: C:\Program Files\dotnet\sdk\5.0.100\Extensions\Microsoft.Diagnostics.NETCore.Client.dll
C:\Program Files\dotnet\sdk\5.0.100\Extensions\Microsoft.TestPlatform.Extensions.BlameDataCollector.dll
C:\Program Files\dotnet\sdk\5.0.100\Extensions\Microsoft.TestPlatform.Extensions.EventLogCollector.dll
C:\Program Files\dotnet\sdk\5.0.100\Extensions\Microsoft.TestPlatform.TestHostRuntimeProvider.dll
C:\Program Files\dotnet\sdk\5.0.100\Extensions\Microsoft.VisualStudio.TestPlatform.Extensions.Html.TestLogger.dll
C:\Program Files\dotnet\sdk\5.0.100\Extensions\Microsoft.VisualStudio.TestPlatform.Extensions.Trx.TestLogger.dll
TpTrace Information: 0 : 616, 1, 2020/12/02, 21:20:51.219, 11481021225782, vstest.console.dll, AssemblyResolver.AddSearchDirectories: Adding more searchDirectories C:\Program Files\dotnet\sdk\5.0.100\Extensions,C:\Program Files\dotnet\sdk\5.0.100
TpTrace Information: 0 : 616, 1, 2020/12/02, 21:20:51.220, 11481021233199, vstest.console.dll, AssemblyResolver.AddSearchDirectories: Adding more searchDirectories C:\Program Files\dotnet\sdk\5.0.100\Extensions,C:\Program Files\dotnet\sdk\5.0.100
TpTrace Information: 0 : 616, 1, 2020/12/02, 21:20:51.220, 11481021235315, vstest.console.dll, AssemblyResolver.AddSearchDirectories: Adding more searchDirectories C:\Program Files\dotnet\sdk\5.0.100\Extensions,C:\Program Files\dotnet\sdk\5.0.100
TpTrace Information: 0 : 616, 1, 2020/12/02, 21:20:51.221, 11481021236995, vstest.console.dll, AssemblyResolver.AddSearchDirectories: Adding more searchDirectories C:\Program Files\dotnet\sdk\5.0.100\Extensions,C:\Program Files\dotnet\sdk\5.0.100
TpTrace Information: 0 : 616, 1, 2020/12/02, 21:20:51.221, 11481021238220, vstest.console.dll, AssemblyResolver.AddSearchDirectories: Adding more searchDirectories C:\Program Files\dotnet\sdk\5.0.100\Extensions,C:\Program Files\dotnet\sdk\5.0.100
TpTrace Information: 0 : 616, 1, 2020/12/02, 21:20:51.221, 11481021239361, vstest.console.dll, AssemblyResolver.AddSearchDirectories: Adding more searchDirectories C:\Program Files\dotnet\sdk\5.0.100\Extensions,C:\Program Files\dotnet\sdk\5.0.100
TpTrace Information: 0 : 616, 1, 2020/12/02, 21:20:51.221, 11481021243916, vstest.console.dll, AssemblyResolver.OnResolve: Microsoft.Bcl.AsyncInterfaces: Resolving assembly.
TpTrace Information: 0 : 616, 1, 2020/12/02, 21:20:51.221, 11481021245511, vstest.console.dll, AssemblyResolver.OnResolve: Microsoft.Bcl.AsyncInterfaces: Resolved from cache.
TpTrace Verbose: 0 : 616, 1, 2020/12/02, 21:20:51.222, 11481021246764, vstest.console.dll, CurrentDomain_AssemblyResolve: Resolving assembly 'Microsoft.Bcl.AsyncInterfaces'.
TpTrace Information: 0 : 616, 1, 2020/12/02, 21:20:51.222, 11481021248478, vstest.console.dll, AssemblyResolver.OnResolve: Microsoft.Bcl.AsyncInterfaces: Resolving assembly.
TpTrace Information: 0 : 616, 1, 2020/12/02, 21:20:51.222, 11481021249607, vstest.console.dll, AssemblyResolver.OnResolve: Microsoft.Bcl.AsyncInterfaces: Resolved from cache.
TpTrace Verbose: 0 : 616, 1, 2020/12/02, 21:20:51.222, 11481021250771, vstest.console.dll, CurrentDomain_AssemblyResolve: Resolving assembly 'Microsoft.Bcl.AsyncInterfaces'.
TpTrace Verbose: 0 : 616, 1, 2020/12/02, 21:20:51.222, 11481021251878, vstest.console.dll, CurrentDomainAssemblyResolve: Failed to resolve assembly 'Microsoft.Bcl.AsyncInterfaces'.
TpTrace Verbose: 0 : 616, 1, 2020/12/02, 21:20:51.222, 11481021255813, vstest.console.dll, CurrentDomainAssemblyResolve: Failed to resolve assembly 'Microsoft.Bcl.AsyncInterfaces'.
TpTrace Warning: 0 : 616, 1, 2020/12/02, 21:20:51.223, 11481021262514, vstest.console.dll, TestPluginDiscoverer: Failed to get types from assembly 'Microsoft.Diagnostics.NETCore.Client, Version=0.2.2.41902, Culture=neutral, PublicKeyToken=31bf3856ad364e35'.  Skipping test extension scan for this assembly.  Error: System.Reflection.ReflectionTypeLoadException: Unable to load one or more of the requested types.
Could not load file or assembly 'Microsoft.Bcl.AsyncInterfaces, Version=1.0.0.0, Culture=neutral, PublicKeyToken=cc7b13ffcd2ddd51'. The system cannot find the file specified.
   at System.Reflection.RuntimeModule.GetTypes(RuntimeModule module)
   at System.Reflection.RuntimeModule.GetTypes()
   at System.Reflection.Assembly.GetTypes()
   at Microsoft.VisualStudio.TestPlatform.Common.ExtensionFramework.TestPluginDiscoverer.GetTestExtensionsFromAssembly[TPluginInfo,TExtension](Assembly assembly, Dictionary`2 pluginInfos)
System.IO.FileNotFoundException: Could not load file or assembly 'Microsoft.Bcl.AsyncInterfaces, Version=1.0.0.0, Culture=neutral, PublicKeyToken=cc7b13ffcd2ddd51'. The system cannot find the file specified.
File name: 'Microsoft.Bcl.AsyncInterfaces, Version=1.0.0.0, Culture=neutral, PublicKeyToken=cc7b13ffcd2ddd51'
TpTrace Warning: 0 : 616, 1, 2020/12/02, 21:20:51.223, 11481021263570, vstest.console.dll, LoaderExceptions: System.IO.FileNotFoundException: Could not load file or assembly 'Microsoft.Bcl.AsyncInterfaces, Version=1.0.0.0, Culture=neutral, PublicKeyToken=cc7b13ffcd2ddd51'. The system cannot find the file specified.
File name: 'Microsoft.Bcl.AsyncInterfaces, Version=1.0.0.0, Culture=neutral, PublicKeyToken=cc7b13ffcd2ddd51'
TpTrace Verbose: 0 : 616, 1, 2020/12/02, 21:20:51.224, 11481021267455, vstest.console.dll, TestPluginCache: Discovered the extensions using extension path ''.
TpTrace Verbose: 0 : 616, 1, 2020/12/02, 21:20:51.224, 11481021268361, vstest.console.dll, TestPluginCache: Discoverers are ''.
TpTrace Verbose: 0 : 616, 1, 2020/12/02, 21:20:51.224, 11481021269072, vstest.console.dll, TestPluginCache: Executors are ''.
TpTrace Verbose: 0 : 616, 1, 2020/12/02, 21:20:51.224, 11481021269731, vstest.console.dll, TestPluginCache: Executors2 are ''.
TpTrace Verbose: 0 : 616, 1, 2020/12/02, 21:20:51.224, 11481021270418, vstest.console.dll, TestPluginCache: Setting providers are ''.
TpTrace Verbose: 0 : 616, 1, 2020/12/02, 21:20:51.224, 11481021271861, vstest.console.dll, TestPluginCache: Loggers are 'logger://Microsoft/TestPlatform/Extensions/Blame/v1,logger://Microsoft/TestPlatform/HtmlLogger/v1,logger://Microsoft/TestPlatform/TrxLogger/v1'.
TpTrace Information: 0 : 616, 1, 2020/12/02, 21:20:51.225, 11481021279261, vstest.console.dll, TestPluginManager.CreateTestExtension: Attempting to load test extension: Microsoft.TestPlatform.Extensions.BlameDataCollector.BlameLogger
TpTrace Information: 0 : 616, 1, 2020/12/02, 21:20:51.247, 11481021497993, vstest.console.dll, TestPluginManager.CreateTestExtension: Attempting to load test extension: Microsoft.VisualStudio.TestPlatform.CrossPlatEngine.Hosting.DefaultTestHostManager
TpTrace Information: 0 : 616, 1, 2020/12/02, 21:20:51.247, 11481021504069, vstest.console.dll, TestPluginManager.CreateTestExtension: Attempting to load test extension: Microsoft.VisualStudio.TestPlatform.CrossPlatEngine.Hosting.DotnetTestHostManager
TpTrace Verbose: 0 : 616, 1, 2020/12/02, 21:20:51.248, 11481021515963, vstest.console.dll, TestEngine: Initializing Parallel Execution as MaxCpuCount is set to: 1
TpTrace Information: 0 : 616, 1, 2020/12/02, 21:20:51.250, 11481021528997, vstest.console.dll, InferRunSettingsHelper.IsTestSettingsEnabled: Unable to navigate to RunSettings/MSTest. Current node: RunSettings
TpTrace Verbose: 0 : 616, 1, 2020/12/02, 21:20:51.272, 11481021754516, vstest.console.dll, TestRequestSender is acting as server
TpTrace Verbose: 0 : 616, 4, 2020/12/02, 21:20:51.277, 11481021798904, vstest.console.dll, DataCollectionRequestSender.InitializeCommunication : Initialize communication. 
TpTrace Information: 0 : 616, 4, 2020/12/02, 21:20:51.293, 11481021962932, vstest.console.dll, Listening on Endpoint : 127.0.0.1:52333
TpTrace Verbose: 0 : 616, 4, 2020/12/02, 21:20:51.308, 11481022115415, vstest.console.dll, DotnetDataCollectionLauncher: Full path of dotnet.exe is C:\Program Files\dotnet\dotnet.exe
TpTrace Verbose: 0 : 616, 4, 2020/12/02, 21:20:51.309, 11481022117767, vstest.console.dll, DotnetDataCollectionLauncher: Adding  --runtimeconfig "C:\Program Files\dotnet\sdk\5.0.100\datacollector.runtimeconfig.json" in args
TpTrace Verbose: 0 : 616, 4, 2020/12/02, 21:20:51.309, 11481022119090, vstest.console.dll, DotnetDataCollectionLauncher: Adding  --depsfile "C:\Program Files\dotnet\sdk\5.0.100\datacollector.deps.json" in args
TpTrace Information: 0 : 616, 4, 2020/12/02, 21:20:51.321, 11481022238602, vstest.console.dll, ProxyDataCollectionManager.Initialize: Launched datacollector processId: 18776 port: 52333
TpTrace Information: 0 : 616, 4, 2020/12/02, 21:20:51.321, 11481022242292, vstest.console.dll, ProxyDataCollectionManager.Initialize: waiting for connection with timeout: 90 seconds
TpTrace Verbose: 0 : 616, 4, 2020/12/02, 21:20:51.321, 11481022244140, vstest.console.dll, DataCollectionRequestSender.WaitForRequestHandlerConnection : Waiting for connection with timeout: 90000
TpTrace Information: 0 : 616, 7, 2020/12/02, 21:20:51.529, 11481024326031, vstest.console.dll, Using the buffer size of 16384 bytes
TpTrace Verbose: 0 : 616, 4, 2020/12/02, 21:20:51.530, 11481024326983, vstest.console.dll, ProxyDataCollectionManager.InvokeDataCollectionServiceAction: Starting.
TpTrace Information: 0 : 616, 7, 2020/12/02, 21:20:51.530, 11481024328198, vstest.console.dll, Accepted Client request and set the flag
TpTrace Information: 0 : 616, 4, 2020/12/02, 21:20:51.530, 11481024330253, vstest.console.dll, ProxyDataCollectionManager.BeforeTestRunStart: Get environment variable and port for datacollector processId: 18776 port: 52333
TpTrace Verbose: 0 : 616, 4, 2020/12/02, 21:20:51.530, 11481024333694, vstest.console.dll, DataCollectionRequestSender.SendBeforeTestRunStartAndGetResult : Send BeforeTestRunStart message with settingsXml <RunSettings><RunConfiguration><ResultsDirectory>C:\Users\Muhamed\source\repos\VVS-Zadaca2-GrupaRS3-EMM\Tinder.ba\Unit Testovi\bin\Release\fine-code-coverage\_outputfolder</ResultsDirectory><TargetPlatform>X64</TargetPlatform><TargetFrameworkVersion>.NETCoreApp,Version=v3.1</TargetFrameworkVersion><DesignMode>False</DesignMode><CollectSourceInformation>False</CollectSourceInformation><TestAdaptersPaths>C:\Program Files\dotnet\sdk\5.0.100\Extensions</TestAdaptersPaths></RunConfiguration><LoggerRunSettings><Loggers><Logger friendlyName="blame" enabled="True" /><Logger friendlyName="Console" uri="logger://microsoft/TestPlatform/ConsoleLogger/v1" assemblyQualifiedName="Microsoft.VisualStudio.TestPlatform.CommandLine.Internal.ConsoleLogger, vstest.console, Version=15.0.0.0, Culture=neutral, PublicKeyToken=b03f5f7f11d50a3a" codeBase="C:\Program Files\dotnet\sdk\5.0.100\vstest.console.dll" enabled="True" /></Loggers></LoggerRunSettings><DataCollectionRunSettings><DataCollectors><DataCollector friendlyName="blame" enabled="True"><Configuration><ResultsDirectory>C:\Users\Muhamed\source\repos\VVS-Zadaca2-GrupaRS3-EMM\Tinder.ba\Unit Testovi\bin\Release\fine-code-coverage\_outputfolder</ResultsDirectory></Configuration></DataCollector></DataCollectors></DataCollectionRunSettings></RunSettings> and sources System.Linq.Enumerable+Concat2Iterator`1[System.String]: 
TpTrace Verbose: 0 : 616, 4, 2020/12/02, 21:20:51.688, 11481025911011, vstest.console.dll, DataCollectionRequestSender.SendBeforeTestRunStartAndGetResult : Received message: (DataCollection.SendMessage) -> {
  "FriendlyName": null,
  "Uri": null,
  "TestCaseId": "00000000-0000-0000-0000-000000000000",
  "Message": "Logging DataCollector Diagnostics in file: C:\\Users\\Muhamed\\source\\repos\\VVS-Zadaca2-GrupaRS3-EMM\\Tinder.ba\\Unit Testovi\\bin\\Release\\fine-code-coverage\\_outputfolder\\diagnostics.datacollector.20-12-02_21-20-51_30418_4.log",
  "Level": 0
}
TpTrace Verbose: 0 : 616, 4, 2020/12/02, 21:20:51.801, 11481027046398, vstest.console.dll, DataCollectionRequestSender.SendBeforeTestRunStartAndGetResult : Received message: (DataCollection.BeforeTestRunStartResult) -> {
  "EnvironmentVariables": {},
  "DataCollectionEventsPort": 52335
}
TpTrace Information: 0 : 616, 4, 2020/12/02, 21:20:51.808, 11481027107408, vstest.console.dll, ProxyDataCollectionManager.BeforeTestRunStart: SendBeforeTestRunStartAndGetResult successful, env variable from datacollector:   and testhost port: 52335
TpTrace Information: 0 : 616, 4, 2020/12/02, 21:20:51.808, 11481027109191, vstest.console.dll, ProxyDataCollectionManager.InvokeDataCollectionServiceAction: Completed.
TpTrace Verbose: 0 : 616, 1, 2020/12/02, 21:20:51.808, 11481027111599, vstest.console.dll, TestRunRequest.ExecuteAsync: Creating test run request.
TpTrace Verbose: 0 : 616, 1, 2020/12/02, 21:20:51.808, 11481027116237, vstest.console.dll, TestRunRequest.ExecuteAsync: Starting.
TpTrace Information: 0 : 616, 1, 2020/12/02, 21:20:51.809, 11481027121292, vstest.console.dll, TestRunRequest.ExecuteAsync: Starting run with settings:TestRunCriteria:
   KeepAlive=False,FrequencyOfRunStatsChangeEvent=10,RunStatsChangeEventTimeout=00:00:01.5000000,TestCaseFilter=,TestExecutorLauncher=
   Settingsxml=<RunSettings>
  <RunConfiguration>
    <ResultsDirectory>C:\Users\Muhamed\source\repos\VVS-Zadaca2-GrupaRS3-EMM\Tinder.ba\Unit Testovi\bin\Release\fine-code-coverage\_outputfolder</ResultsDirectory>
    <TargetPlatform>X64</TargetPlatform>
    <TargetFrameworkVersion>.NETCoreApp,Version=v3.1</TargetFrameworkVersion>
    <DesignMode>False</DesignMode>
    <CollectSourceInformation>False</CollectSourceInformation>
  </RunConfiguration>
  <LoggerRunSettings>
    <Loggers>
      <Logger friendlyName="blame" enabled="True" />
      <Logger friendlyName="Console" uri="logger://microsoft/TestPlatform/ConsoleLogger/v1" assemblyQualifiedName="Microsoft.VisualStudio.TestPlatform.CommandLine.Internal.ConsoleLogger, vstest.console, Version=15.0.0.0, Culture=neutral, PublicKeyToken=b03f5f7f11d50a3a" codeBase="C:\Program Files\dotnet\sdk\5.0.100\vstest.console.dll" enabled="True" />
    </Loggers>
  </LoggerRunSettings>
  <DataCollectionRunSettings>
    <DataCollectors>
      <DataCollector friendlyName="blame" enabled="True">
        <Configuration>
          <ResultsDirectory>C:\Users\Muhamed\source\repos\VVS-Zadaca2-GrupaRS3-EMM\Tinder.ba\Unit Testovi\bin\Release\fine-code-coverage\_outputfolder</ResultsDirectory>
        </Configuration>
      </DataCollector>
    </DataCollectors>
  </DataCollectionRunSettings>
</RunSettings>

TpTrace Verbose: 0 : 616, 1, 2020/12/02, 21:20:51.809, 11481027124774, vstest.console.dll, TestRunRequest.ExecuteAsync: Wait for the first run request is over.
TpTrace Verbose: 0 : 616, 1, 2020/12/02, 21:20:51.810, 11481027131694, vstest.console.dll, ParallelProxyExecutionManager: Start execution. Total sources: 1
TpTrace Information: 0 : 616, 1, 2020/12/02, 21:20:51.811, 11481027141556, vstest.console.dll, ProxyParallelExecutionManager: Triggering test run for next source: C:\Users\Muhamed\source\repos\VVS-Zadaca2-GrupaRS3-EMM\Tinder.ba\Unit Testovi\bin\Release\fine-code-coverage\Unit Testovi.dll
TpTrace Verbose: 0 : 616, 6, 2020/12/02, 21:20:51.811, 11481027144843, vstest.console.dll, ParallelProxyExecutionManager: Execution started. Started clients: 1
TpTrace Verbose: 0 : 616, 1, 2020/12/02, 21:20:51.811, 11481027145415, vstest.console.dll, ProxyParallelExecutionManager: No sources available for execution.
TpTrace Information: 0 : 616, 1, 2020/12/02, 21:20:51.812, 11481027148109, vstest.console.dll, TestRunRequest.ExecuteAsync: Started.
TpTrace Verbose: 0 : 616, 1, 2020/12/02, 21:20:51.812, 11481027150031, vstest.console.dll, TestRunRequest.WaitForCompletion: Waiting with timeout -1.
TpTrace Verbose: 0 : 616, 6, 2020/12/02, 21:20:51.812, 11481027152486, vstest.console.dll, TestRunRequest:SendTestRunMessage: Starting.
TpTrace Information: 0 : 616, 6, 2020/12/02, 21:20:51.812, 11481027154338, vstest.console.dll, TestRunRequest:SendTestRunMessage: Completed.
TpTrace Verbose: 0 : 616, 6, 2020/12/02, 21:20:51.813, 11481027157344, vstest.console.dll, ProxyExecutionManager: Test host is always Lazy initialize.
TpTrace Verbose: 0 : 616, 6, 2020/12/02, 21:20:51.813, 11481027160342, vstest.console.dll, TestRequestSender.InitializeCommunication: initialize communication. 
TpTrace Information: 0 : 616, 6, 2020/12/02, 21:20:51.813, 11481027166082, vstest.console.dll, SocketServer.Start: Listening on endpoint : 127.0.0.1:52336
TpTrace Verbose: 0 : 616, 6, 2020/12/02, 21:20:51.814, 11481027174815, vstest.console.dll, DotnetTestHostmanager: Adding  --runtimeconfig "C:\Users\Muhamed\source\repos\VVS-Zadaca2-GrupaRS3-EMM\Tinder.ba\Unit Testovi\bin\Release\fine-code-coverage\Unit Testovi.runtimeconfig.json" in args
TpTrace Verbose: 0 : 616, 6, 2020/12/02, 21:20:51.815, 11481027177536, vstest.console.dll, DotnetTestHostmanager: Adding  --depsfile "C:\Users\Muhamed\source\repos\VVS-Zadaca2-GrupaRS3-EMM\Tinder.ba\Unit Testovi\bin\Release\fine-code-coverage\Unit Testovi.deps.json" in args
TpTrace Information: 0 : 616, 6, 2020/12/02, 21:20:51.815, 11481027182701, vstest.console.dll, AssemblyResolver.OnResolve: Microsoft.Extensions.DependencyModel: Resolving assembly.
TpTrace Information: 0 : 616, 6, 2020/12/02, 21:20:51.817, 11481027200006, vstest.console.dll, AssemblyResolver.OnResolve: Resolved assembly: Microsoft.Extensions.DependencyModel, from path: C:\Program Files\dotnet\sdk\5.0.100\Microsoft.Extensions.DependencyModel.dll
TpTrace Verbose: 0 : 616, 6, 2020/12/02, 21:20:51.817, 11481027204720, vstest.console.dll, DotnetTestHostmanager: Reading file C:\Users\Muhamed\source\repos\VVS-Zadaca2-GrupaRS3-EMM\Tinder.ba\Unit Testovi\bin\Release\fine-code-coverage\Unit Testovi.deps.json to get path of testhost.dll
TpTrace Verbose: 0 : 616, 6, 2020/12/02, 21:20:51.849, 11481027521518, vstest.console.dll, DotnetTestHostmanager: Relative path of testhost.dll with respect to package folder is microsoft.testplatform.testhost/16.5.0\lib/netcoreapp2.1/testhost.dll
TpTrace Verbose: 0 : 616, 6, 2020/12/02, 21:20:51.850, 11481027529152, vstest.console.dll, DotnetTestHostmanager: Looking for path microsoft.testplatform.testhost/16.5.0\lib/netcoreapp2.1/testhost.dll in folder C:\Users\Muhamed\.dotnet\store\|arch|\|tfm|
TpTrace Verbose: 0 : 616, 6, 2020/12/02, 21:20:51.850, 11481027531125, vstest.console.dll, DotnetTestHostmanager: Looking for path microsoft.testplatform.testhost/16.5.0\lib/netcoreapp2.1/testhost.dll in folder C:\Users\Muhamed\.nuget\packages
TpTrace Verbose: 0 : 616, 6, 2020/12/02, 21:20:51.850, 11481027533703, vstest.console.dll, DotnetTestHostManager: Testhost.exe/testhost.x86.exe found at path: C:\Users\Muhamed\.nuget\packages\microsoft.testplatform.testhost\16.5.0\build\netcoreapp2.1\x64\testhost.exe
TpTrace Verbose: 0 : 616, 6, 2020/12/02, 21:20:51.850, 11481027534625, vstest.console.dll, DotnetTestHostmanager: Full path of host exe is C:\Users\Muhamed\.nuget\packages\microsoft.testplatform.testhost\16.5.0\build\netcoreapp2.1\x64\testhost.exe
TpTrace Verbose: 0 : 616, 4, 2020/12/02, 21:20:51.853, 11481027561673, vstest.console.dll, DotnetTestHostManager: Starting process 'C:\Users\Muhamed\.nuget\packages\microsoft.testplatform.testhost\16.5.0\build\netcoreapp2.1\x64\testhost.exe' with command line ' --runtimeconfig "C:\Users\Muhamed\source\repos\VVS-Zadaca2-GrupaRS3-EMM\Tinder.ba\Unit Testovi\bin\Release\fine-code-coverage\Unit Testovi.runtimeconfig.json" --depsfile "C:\Users\Muhamed\source\repos\VVS-Zadaca2-GrupaRS3-EMM\Tinder.ba\Unit Testovi\bin\Release\fine-code-coverage\Unit Testovi.deps.json" --port 52336 --endpoint 127.0.0.1:052336 --role client --parentprocessid 616 --diag "C:\Users\Muhamed\source\repos\VVS-Zadaca2-GrupaRS3-EMM\Tinder.ba\Unit Testovi\bin\Release\fine-code-coverage\_outputfolder\diagnostics.host.20-12-02_21-20-51_81441_6.log" --tracelevel 4 --datacollectionport 52335 --telemetryoptedin false'
TpTrace Verbose: 0 : 616, 4, 2020/12/02, 21:20:51.866, 11481027687716, vstest.console.dll, Test Runtime launched
TpTrace Verbose: 0 : 616, 6, 2020/12/02, 21:20:51.867, 11481027701340, vstest.console.dll, TestRequestSender.WaitForRequestHandlerConnection: waiting for connection with timeout: 90000
TpTrace Verbose: 0 : 616, 4, 2020/12/02, 21:20:52.114, 11481030167224, vstest.console.dll, SocketServer.OnClientConnected: Client connected for endPoint: 127.0.0.1:52336, starting MessageLoopAsync:
TpTrace Verbose: 0 : 616, 4, 2020/12/02, 21:20:52.114, 11481030171693, vstest.console.dll, TcpClientExtensions.MessageLoopAsync: Polling on remoteEndPoint: 127.0.0.1:52337 localEndPoint: 127.0.0.1:52336
TpTrace Verbose: 0 : 616, 4, 2020/12/02, 21:20:52.438, 11481033411465, vstest.console.dll, TcpClientExtensions.MessageLoopAsync: NotifyDataAvailable remoteEndPoint: 127.0.0.1:52337 localEndPoint: 127.0.0.1:52336
TpTrace Verbose: 0 : 616, 4, 2020/12/02, 21:20:52.438, 11481033415461, vstest.console.dll, TestRequestSender.CheckVersionWithTestHost: onMessageReceived received message: (ProtocolVersion) -> 2
TpTrace Verbose: 0 : 616, 4, 2020/12/02, 21:20:52.439, 11481033423010, vstest.console.dll, TcpClientExtensions.MessageLoopAsync: Polling on remoteEndPoint: 127.0.0.1:52337 localEndPoint: 127.0.0.1:52336
TpTrace Verbose: 0 : 616, 6, 2020/12/02, 21:20:52.439, 11481033424543, vstest.console.dll, TestPluginCache.GetExtensionPaths: Filtered extension paths: 
TpTrace Verbose: 0 : 616, 6, 2020/12/02, 21:20:52.440, 11481033427681, vstest.console.dll, TestPluginCache.GetExtensionPaths: Added default extension paths: C:\Program Files\dotnet\sdk\5.0.100\Extensions\Microsoft.Diagnostics.NETCore.Client.dll
C:\Program Files\dotnet\sdk\5.0.100\Extensions\Microsoft.TestPlatform.Extensions.BlameDataCollector.dll
C:\Program Files\dotnet\sdk\5.0.100\Extensions\Microsoft.TestPlatform.Extensions.EventLogCollector.dll
C:\Program Files\dotnet\sdk\5.0.100\Extensions\Microsoft.TestPlatform.TestHostRuntimeProvider.dll
C:\Program Files\dotnet\sdk\5.0.100\Extensions\Microsoft.VisualStudio.TestPlatform.Extensions.Html.TestLogger.dll
C:\Program Files\dotnet\sdk\5.0.100\Extensions\Microsoft.VisualStudio.TestPlatform.Extensions.Trx.TestLogger.dll
TpTrace Verbose: 0 : 616, 6, 2020/12/02, 21:20:52.440, 11481033429194, vstest.console.dll, TestPluginCache.GetExtensionPaths: Added unfilterableExtensionPaths: 
TpTrace Verbose: 0 : 616, 6, 2020/12/02, 21:20:52.447, 11481033501291, vstest.console.dll, TestRequestSender.InitializeExecution: Sending initializing execution with message: {"Version":2,"MessageType":"TestExecution.Initialize","Payload":["C:\\Users\\Muhamed\\source\\repos\\VVS-Zadaca2-GrupaRS3-EMM\\Tinder.ba\\Unit Testovi\\bin\\Release\\fine-code-coverage\\Microsoft.VisualStudio.TestPlatform.MSTest.TestAdapter.dll"]}
TpTrace Verbose: 0 : 616, 6, 2020/12/02, 21:20:52.463, 11481033660865, vstest.console.dll, TestRequestSender.StartTestRun: Sending test run with message: {"Version":2,"MessageType":"TestExecution.StartWithSources","Payload":{"AdapterSourceMap":{"_none_":["C:\\Users\\Muhamed\\source\\repos\\VVS-Zadaca2-GrupaRS3-EMM\\Tinder.ba\\Unit Testovi\\bin\\Release\\fine-code-coverage\\Unit Testovi.dll"]},"RunSettings":"<RunSettings>\r\n  <RunConfiguration>\r\n    <ResultsDirectory>C:\\Users\\Muhamed\\source\\repos\\VVS-Zadaca2-GrupaRS3-EMM\\Tinder.ba\\Unit Testovi\\bin\\Release\\fine-code-coverage\\_outputfolder</ResultsDirectory>\r\n    <TargetPlatform>X64</TargetPlatform>\r\n    <TargetFrameworkVersion>.NETCoreApp,Version=v3.1</TargetFrameworkVersion>\r\n    <DesignMode>False</DesignMode>\r\n    <CollectSourceInformation>False</CollectSourceInformation>\r\n  </RunConfiguration>\r\n  <LoggerRunSettings>\r\n    <Loggers>\r\n      <Logger friendlyName=\"blame\" enabled=\"True\" />\r\n      <Logger friendlyName=\"Console\" uri=\"logger://microsoft/TestPlatform/ConsoleLogger/v1\" assemblyQualifiedName=\"Microsoft.VisualStudio.TestPlatform.CommandLine.Internal.ConsoleLogger, vstest.console, Version=15.0.0.0, Culture=neutral, PublicKeyToken=b03f5f7f11d50a3a\" codeBase=\"C:\\Program Files\\dotnet\\sdk\\5.0.100\\vstest.console.dll\" enabled=\"True\" />\r\n    </Loggers>\r\n  </LoggerRunSettings>\r\n  <DataCollectionRunSettings>\r\n    <DataCollectors>\r\n      <DataCollector friendlyName=\"blame\" enabled=\"True\">\r\n        <Configuration>\r\n          <ResultsDirectory>C:\\Users\\Muhamed\\source\\repos\\VVS-Zadaca2-GrupaRS3-EMM\\Tinder.ba\\Unit Testovi\\bin\\Release\\fine-code-coverage\\_outputfolder</ResultsDirectory>\r\n        </Configuration>\r\n      </DataCollector>\r\n    </DataCollectors>\r\n  </DataCollectionRunSettings>\r\n</RunSettings>","TestExecutionContext":{"FrequencyOfRunStatsChangeEvent":10,"RunStatsChangeEventTimeout":"00:00:01.5000000","InIsolation":false,"KeepAlive":false,"AreTestCaseLevelEventsRequired":false,"IsDebug":false,"TestCaseFilter":null,"FilterOptions":null},"Package":null}}
TpTrace Verbose: 0 : 616, 4, 2020/12/02, 21:20:52.463, 11481033663392, vstest.console.dll, TcpClientExtensions.MessageLoopAsync: NotifyDataAvailable remoteEndPoint: 127.0.0.1:52337 localEndPoint: 127.0.0.1:52336
TpTrace Verbose: 0 : 616, 4, 2020/12/02, 21:20:52.463, 11481033666564, vstest.console.dll, TestRequestSender.OnExecutionMessageReceived: Received message: {"Version":2,"MessageType":"TestSession.Message","Payload":{"MessageLevel":0,"Message":"Logging TestHost Diagnostics in file: C:\\Users\\Muhamed\\source\\repos\\VVS-Zadaca2-GrupaRS3-EMM\\Tinder.ba\\Unit Testovi\\bin\\Release\\fine-code-coverage\\_outputfolder\\diagnostics.host.20-12-02_21-20-51_81441_6.log"}}
TpTrace Verbose: 0 : 616, 4, 2020/12/02, 21:20:52.467, 11481033705267, vstest.console.dll, TestRunRequest:SendTestRunMessage: Starting.
TpTrace Information: 0 : 616, 4, 2020/12/02, 21:20:52.468, 11481033707066, vstest.console.dll, TestRunRequest:SendTestRunMessage: Completed.
TpTrace Verbose: 0 : 616, 4, 2020/12/02, 21:20:52.468, 11481033708113, vstest.console.dll, TcpClientExtensions.MessageLoopAsync: Polling on remoteEndPoint: 127.0.0.1:52337 localEndPoint: 127.0.0.1:52336
TpTrace Verbose: 0 : 616, 4, 2020/12/02, 21:20:53.209, 11481041125315, vstest.console.dll, TcpClientExtensions.MessageLoopAsync: NotifyDataAvailable remoteEndPoint: 127.0.0.1:52337 localEndPoint: 127.0.0.1:52336
TpTrace Verbose: 0 : 616, 4, 2020/12/02, 21:20:53.210, 11481041131590, vstest.console.dll, TestRequestSender.OnExecutionMessageReceived: Received message: {"Version":2,"MessageType":"TestExecution.Completed","Payload":{"TestRunCompleteArgs":{"TestRunStatistics":{"ExecutedTests":4,"Stats":{"Passed":4}},"IsCanceled":false,"IsAborted":false,"Error":null,"AttachmentSets":[],"ElapsedTimeInRunningTests":"00:00:00.3908416","Metrics":{}},"LastRunTests":{"NewTestResults":[{"TestCase":{"Id":"1f188b79-6e7d-426e-cee7-535acfae4fe2","FullyQualifiedName":"Unit_Testovi.NoviTestovi.TestZamjenskiObjekti","DisplayName":"TestZamjenskiObjekti","ExecutorUri":"executor://MSTestAdapter/v2","Source":"C:\\Users\\Muhamed\\source\\repos\\VVS-Zadaca2-GrupaRS3-EMM\\Tinder.ba\\Unit Testovi\\bin\\Release\\fine-code-coverage\\Unit Testovi.dll","CodeFilePath":null,"LineNumber":-1,"Properties":[{"Key":{"Id":"MSTestDiscoverer.TestClassName","Label":"ClassName","Category":"","Description":"","Attributes":1,"ValueType":"System.String"},"Value":"Unit_Testovi.NoviTestovi"},{"Key":{"Id":"TestObject.Traits","Label":"Traits","Category":"","Description":"","Attributes":5,"ValueType":"System.Collections.Generic.KeyValuePair`2[[System.String],[System.String]][]"},"Value":[]}]},"Attachments":[],"Outcome":1,"ErrorMessage":null,"ErrorStackTrace":null,"DisplayName":null,"Messages":[],"ComputerName":null,"Duration":"00:00:00.0220037","StartTime":"2020-12-02T21:20:52.9506674+01:00","EndTime":"2020-12-02T21:20:53.0332775+01:00","Properties":[{"Key":{"Id":"ExecutionId","Label":"ExecutionId","Category":"","Description":"","Attributes":1,"ValueType":"System.Guid"},"Value":"00000000-0000-0000-0000-000000000000"},{"Key":{"Id":"ParentExecId","Label":"ParentExecId","Category":"","Description":"","Attributes":1,"ValueType":"System.Guid"},"Value":"00000000-0000-0000-0000-000000000000"},{"Key":{"Id":"InnerResultsCount","Label":"InnerResultsCount","Category":"","Description":"","Attributes":1,"ValueType":"System.Int32"},"Value":0}]},{"TestCase":{"Id":"39000b5c-3ec2-cb14-5cc3-6b0da6f4e3d6","FullyQualifiedName":"Unit_Testovi.NoviTestovi.TestPotencijalChataVeliki","DisplayName":"TestPotencijalChataVeliki","ExecutorUri":"executor://MSTestAdapter/v2","Source":"C:\\Users\\Muhamed\\source\\repos\\VVS-Zadaca2-GrupaRS3-EMM\\Tinder.ba\\Unit Testovi\\bin\\Release\\fine-code-coverage\\Unit Testovi.dll","CodeFilePath":null,"LineNumber":-1,"Properties":[{"Key":{"Id":"MSTestDiscoverer.TestClassName","Label":"ClassName","Category":"","Description":"","Attributes":1,"ValueType":"System.String"},"Value":"Unit_Testovi.NoviTestovi"},{"Key":{"Id":"TestObject.Traits","Label":"Traits","Category":"","Description":"","Attributes":5,"ValueType":"System.Collections.Generic.KeyValuePair`2[[System.String],[System.String]][]"},"Value":[]}]},"Attachments":[],"Outcome":1,"ErrorMessage":null,"ErrorStackTrace":null,"DisplayName":null,"Messages":[],"ComputerName":null,"Duration":"00:00:00.0018264","StartTime":"2020-12-02T21:20:53.0766003+01:00","EndTime":"2020-12-02T21:20:53.0786776+01:00","Properties":[{"Key":{"Id":"ExecutionId","Label":"ExecutionId","Category":"","Description":"","Attributes":1,"ValueType":"System.Guid"},"Value":"00000000-0000-0000-0000-000000000000"},{"Key":{"Id":"ParentExecId","Label":"ParentExecId","Category":"","Description":"","Attributes":1,"ValueType":"System.Guid"},"Value":"00000000-0000-0000-0000-000000000000"},{"Key":{"Id":"InnerResultsCount","Label":"InnerResultsCount","Category":"","Description":"","Attributes":1,"ValueType":"System.Int32"},"Value":0}]},{"TestCase":{"Id":"91a7eed0-723a-2c19-08b3-37cd0fdbe5f9","FullyQualifiedName":"Unit_Testovi.NoviTestovi.TestPotencijalChataMali","DisplayName":"TestPotencijalChataMali","ExecutorUri":"executor://MSTestAdapter/v2","Source":"C:\\Users\\Muhamed\\source\\repos\\VVS-Zadaca2-GrupaRS3-EMM\\Tinder.ba\\Unit Testovi\\bin\\Release\\fine-code-coverage\\Unit Testovi.dll","CodeFilePath":null,"LineNumber":-1,"Properties":[{"Key":{"Id":"MSTestDiscoverer.TestClassName","Label":"ClassName","Category":"","Description":"","Attributes":1,"ValueType":"System.String"},"Value":"Unit_Testovi.NoviTestovi"},{"Key":{"Id":"TestObject.Traits","Label":"Traits","Category":"","Description":"","Attributes":5,"ValueType":"System.Collections.Generic.KeyValuePair`2[[System.String],[System.String]][]"},"Value":[]}]},"Attachments":[],"Outcome":1,"ErrorMessage":null,"ErrorStackTrace":null,"DisplayName":null,"Messages":[],"ComputerName":null,"Duration":"00:00:00.0003977","StartTime":"2020-12-02T21:20:53.0815875+01:00","EndTime":"2020-12-02T21:20:53.082201+01:00","Properties":[{"Key":{"Id":"ExecutionId","Label":"ExecutionId","Category":"","Description":"","Attributes":1,"ValueType":"System.Guid"},"Value":"00000000-0000-0000-0000-000000000000"},{"Key":{"Id":"ParentExecId","Label":"ParentExecId","Category":"","Description":"","Attributes":1,"ValueType":"System.Guid"},"Value":"00000000-0000-0000-0000-000000000000"},{"Key":{"Id":"InnerResultsCount","Label":"InnerResultsCount","Category":"","Description":"","Attributes":1,"ValueType":"System.Int32"},"Value":0}]},{"TestCase":{"Id":"38eae18c-f9cd-11af-df60-e79774e5f173","FullyQualifiedName":"Unit_Testovi.NoviTestovi.TestPotencijalChataIzuzetak","DisplayName":"TestPotencijalChataIzuzetak","ExecutorUri":"executor://MSTestAdapter/v2","Source":"C:\\Users\\Muhamed\\source\\repos\\VVS-Zadaca2-GrupaRS3-EMM\\Tinder.ba\\Unit Testovi\\bin\\Release\\fine-code-coverage\\Unit Testovi.dll","CodeFilePath":null,"LineNumber":-1,"Properties":[{"Key":{"Id":"MSTestDiscoverer.TestClassName","Label":"ClassName","Category":"","Description":"","Attributes":1,"ValueType":"System.String"},"Value":"Unit_Testovi.NoviTestovi"},{"Key":{"Id":"TestObject.Traits","Label":"Traits","Category":"","Description":"","Attributes":5,"ValueType":"System.Collections.Generic.KeyValuePair`2[[System.String],[System.String]][]"},"Value":[]}]},"Attachments":[],"Outcome":1,"ErrorMessage":null,"ErrorStackTrace":null,"DisplayName":null,"Messages":[],"ComputerName":null,"Duration":"00:00:00.0026510","StartTime":"2020-12-02T21:20:53.0869177+01:00","EndTime":"2020-12-02T21:20:53.0898389+01:00","Properties":[{"Key":{"Id":"ExecutionId","Label":"ExecutionId","Category":"","Description":"","Attributes":1,"ValueType":"System.Guid"},"Value":"00000000-0000-0000-0000-000000000000"},{"Key":{"Id":"ParentExecId","Label":"ParentExecId","Category":"","Description":"","Attributes":1,"ValueType":"System.Guid"},"Value":"00000000-0000-0000-0000-000000000000"},{"Key":{"Id":"InnerResultsCount","Label":"InnerResultsCount","Category":"","Description":"","Attributes":1,"ValueType":"System.Int32"},"Value":0}]}],"TestRunStatistics":{"ExecutedTests":4,"Stats":{"Passed":4}},"ActiveTests":[]},"RunAttachments":[],"ExecutorUris":["executor://mstestadapter/v2"]}}
TpTrace Verbose: 0 : 616, 4, 2020/12/02, 21:20:53.216, 11481041188191, vstest.console.dll, TestRequestSender.EndSession: Sending end session.
TpTrace Verbose: 0 : 616, 4, 2020/12/02, 21:20:53.216, 11481041192838, vstest.console.dll, ProxyOperationManager.Close: waiting for test host to exit for 100 ms
TpTrace Warning: 0 : 616, 10, 2020/12/02, 21:20:53.276, 11481041790070, vstest.console.dll, TestHostManagerCallbacks.ErrorReceivedCallback Test host standard error line: 
TpTrace Verbose: 0 : 616, 7, 2020/12/02, 21:20:53.289, 11481041922314, vstest.console.dll, TestHostProvider.ExitCallBack: Host exited starting callback.
TpTrace Information: 0 : 616, 7, 2020/12/02, 21:20:53.290, 11481041928599, vstest.console.dll, TestHostManagerCallbacks.ExitCallBack: Testhost processId: 21240 exited with exitcode: 0 error: ''
TpTrace Verbose: 0 : 616, 7, 2020/12/02, 21:20:53.290, 11481041929766, vstest.console.dll, DotnetTestHostManager.OnHostExited: invoking OnHostExited callback
TpTrace Verbose: 0 : 616, 7, 2020/12/02, 21:20:53.290, 11481041930768, vstest.console.dll, CrossPlatEngine.TestHostManagerHostExited: calling on client process exit callback.
TpTrace Information: 0 : 616, 7, 2020/12/02, 21:20:53.290, 11481041931793, vstest.console.dll, TestRequestSender.OnClientProcessExit: Test host process exited. Standard error: 
TpTrace Warning: 0 : 616, 4, 2020/12/02, 21:20:53.290, 11481041931860, vstest.console.dll, ProxyOperationManager: Timed out waiting for test host to exit. Will terminate process.
TpTrace Information: 0 : 616, 7, 2020/12/02, 21:20:53.290, 11481041932774, vstest.console.dll, SocketServer.Stop: Stop server endPoint: 127.0.0.1:52336
TpTrace Information: 0 : 616, 7, 2020/12/02, 21:20:53.290, 11481041934665, vstest.console.dll, SocketServer.Stop: Cancellation requested. Stopping message loop.
TpTrace Verbose: 0 : 616, 4, 2020/12/02, 21:20:53.291, 11481041943808, vstest.console.dll, ProxyDataCollectionManager.InvokeDataCollectionServiceAction: Starting.
TpTrace Information: 0 : 616, 4, 2020/12/02, 21:20:53.291, 11481041945131, vstest.console.dll, ProxyDataCollectionManager.AfterTestRunEnd: Get attachment set for datacollector processId: 18776 port: 52333
TpTrace Verbose: 0 : 616, 4, 2020/12/02, 21:20:53.291, 11481041946410, vstest.console.dll, DataCollectionRequestSender.SendAfterTestRunStartAndGetResult : Send AfterTestRunEnd message with isCancelled: False
TpTrace Verbose: 0 : 616, 4, 2020/12/02, 21:20:53.296, 11481041990345, vstest.console.dll, DataCollectionRequestSender.SendAfterTestRunStartAndGetResult : Received message: (DataCollection.SendMessage) -> {
  "FriendlyName": "Blame",
  "Uri": "datacollector://Microsoft/TestPlatform/Extensions/Blame/v1",
  "TestCaseId": "00000000-0000-0000-0000-000000000000",
  "Message": "All tests finished running, Sequence file will not be generated",
  "Level": 1
}
TpTrace Verbose: 0 : 616, 4, 2020/12/02, 21:20:53.296, 11481041993029, vstest.console.dll, TestRunRequest:SendTestRunMessage: Starting.
TpTrace Information: 0 : 616, 4, 2020/12/02, 21:20:53.296, 11481041994226, vstest.console.dll, TestRunRequest:SendTestRunMessage: Completed.
TpTrace Verbose: 0 : 616, 4, 2020/12/02, 21:20:53.296, 11481041996773, vstest.console.dll, DataCollectionRequestSender.SendAfterTestRunStartAndGetResult : Received message: (DataCollection.AfterTestRunEndResult) -> []
TpTrace Information: 0 : 616, 4, 2020/12/02, 21:20:53.300, 11481042029012, vstest.console.dll, ProxyDataCollectionManager.InvokeDataCollectionServiceAction: Completed.
TpTrace Warning: 0 : 616, 9, 2020/12/02, 21:20:53.307, 11481042098290, vstest.console.dll, DataCollectionLauncher.ErrorReceivedCallback datacollector standard error line: 
TpTrace Information: 0 : 616, 7, 2020/12/02, 21:20:53.325, 11481042284704, vstest.console.dll, DataCollectionLauncher.ExitCallBack: Data collector exited with exitcode: 0 error: ''
TpTrace Verbose: 0 : 616, 4, 2020/12/02, 21:20:53.438, 11481043409484, vstest.console.dll, TestRunRequest:SendTestRunStatsChange: Starting.
TpTrace Information: 0 : 616, 4, 2020/12/02, 21:20:53.438, 11481043412561, vstest.console.dll, TestRunRequest:SendTestRunStatsChange: Completed.
TpTrace Verbose: 0 : 616, 4, 2020/12/02, 21:20:53.438, 11481043415547, vstest.console.dll, ParallelProxyExecutionManager: HandlePartialRunComplete: Total completed clients = 1, Run complete = True, Run canceled: False.
TpTrace Verbose: 0 : 616, 4, 2020/12/02, 21:20:53.461, 11481043639004, vstest.console.dll, TestRunRequest:TestRunComplete: Starting. IsAborted:False IsCanceled:False.
TpTrace Verbose: 0 : 616, 4, 2020/12/02, 21:20:53.461, 11481043642914, vstest.console.dll, TestLoggerManager.HandleTestRunComplete: Ignoring as the object is disposed.
TpTrace Information: 0 : 616, 4, 2020/12/02, 21:20:53.462, 11481043648282, vstest.console.dll, TestRunRequest:TestRunComplete: Completed.
TpTrace Verbose: 0 : 616, 1, 2020/12/02, 21:20:53.462, 11481043648900, vstest.console.dll, TestRunRequest.Dispose: Starting.
TpTrace Verbose: 0 : 616, 4, 2020/12/02, 21:20:53.462, 11481043650055, vstest.console.dll, TestRequestSender.SetOperationComplete: Setting operation complete.
TpTrace Information: 0 : 616, 1, 2020/12/02, 21:20:53.462, 11481043651548, vstest.console.dll, TestRunRequest.Dispose: Completed.
TpTrace Information: 0 : 616, 4, 2020/12/02, 21:20:53.462, 11481043652857, vstest.console.dll, SocketServer.Stop: Stop server endPoint: 127.0.0.1:52336
TpTrace Information: 0 : 616, 1, 2020/12/02, 21:20:53.462, 11481043654157, vstest.console.dll, TestRequestManager.RunTests: run tests completed.
TpTrace Information: 0 : 616, 4, 2020/12/02, 21:20:53.462, 11481043654877, vstest.console.dll, SocketServer.Stop: Cancellation requested. Stopping message loop.
TpTrace Information: 0 : 616, 1, 2020/12/02, 21:20:53.462, 11481043656797, vstest.console.dll, RunTestsArgumentProcessor:Execute: Test run is completed.
TpTrace Information: 0 : 616, 4, 2020/12/02, 21:20:53.463, 11481043657642, vstest.console.dll, SocketServer.PrivateStop: Stop server endPoint: 127.0.0.1:52336 error: 
TpTrace Verbose: 0 : 616, 1, 2020/12/02, 21:20:53.463, 11481043658659, vstest.console.dll, Executor.Execute: Exiting with exit code of 0
TpTrace Verbose: 0 : 616, 4, 2020/12/02, 21:20:53.463, 11481043666146, vstest.console.dll, LengthPrefixCommunicationChannel.Dispose: Dispose reader and writer.
TpTrace Information: 0 : 616, 4, 2020/12/02, 21:20:53.464, 11481043668128, vstest.console.dll, SocketServer.Stop: Raise disconnected event endPoint: 127.0.0.1:52336 error: 
TpTrace Verbose: 0 : 616, 4, 2020/12/02, 21:20:53.464, 11481043669787, vstest.console.dll, TestRequestSender: OnTestRunAbort: Operation is already complete. Skip error message.
TpTrace Verbose: 0 : 616, 4, 2020/12/02, 21:20:53.464, 11481043670990, vstest.console.dll, TcpClientExtensions.MessageLoopAsync: exiting MessageLoopAsync remoteEndPoint: 127.0.0.1:52337 localEndPoint: 127.0.0.1:52336
