<?xml version="1.0" encoding="utf-8"?>
<!DOCTYPE coverage SYSTEM "http://cobertura.sourceforge.net/xml/coverage-04.dtd">
<coverage line-rate="0.8125" branch-rate="0.6060606060606061" lines-covered="234" lines-valid="288" branches-covered="80" branches-valid="132" complexity="172" version="0" timestamp="1606942500">
  <sources>
    <source>C:\Users\Muhamed\</source>
  </sources>
  <packages>
    <package name="NasiUnitTestovi" line-rate="0.9629629629629629" branch-rate="1" complexity="9">
      <classes>
        <class name="AutoGeneratedProgram" filename="C:\Users\Muhamed\.nuget\packages\microsoft.net.test.sdk\16.7.1\build\netcoreapp2.1\Microsoft.NET.Test.Sdk.Program.cs" line-rate="0" branch-rate="1" complexity="1">
          <methods>
            <method name="Main" signature="(...)" line-rate="0" branch-rate="1" complexity="1">
              <lines>
                <line number="4" hits="0" branch="false" />
              </lines>
            </method>
          </methods>
          <lines>
            <line number="4" hits="0" branch="false" />
          </lines>
        </class>
        <class name="NasiUnitTestovi.UnitTest1" filename="C:\Users\Muhamed\source\repos\VVS-Zadaca2-GrupaRS3-EMM\Tinder.ba\NasiUnitTestovi\TestDajSvePorukeOdKorisnika.cs" line-rate="0.9285714285714286" branch-rate="1" complexity="2">
          <methods>
            <method name="TestMethod1" signature="()" line-rate="0.75" branch-rate="1" complexity="1">
              <lines>
                <line number="15" hits="1" branch="false" />
                <line number="16" hits="1" branch="false" />
                <line number="17" hits="1" branch="false" />
                <line number="18" hits="0" branch="false" />
              </lines>
            </method>
            <method name="TestMethod2" signature="()" line-rate="1" branch-rate="1" complexity="1">
              <lines>
                <line number="24" hits="1" branch="false" />
                <line number="25" hits="1" branch="false" />
                <line number="26" hits="1" branch="false" />
                <line number="27" hits="1" branch="false" />
                <line number="28" hits="1" branch="false" />
                <line number="29" hits="1" branch="false" />
                <line number="30" hits="1" branch="false" />
                <line number="31" hits="1" branch="false" />
                <line number="32" hits="1" branch="false" />
                <line number="33" hits="1" branch="false" />
              </lines>
            </method>
          </methods>
          <lines>
            <line number="15" hits="1" branch="false" />
            <line number="16" hits="1" branch="false" />
            <line number="17" hits="1" branch="false" />
            <line number="18" hits="0" branch="false" />
            <line number="24" hits="1" branch="false" />
            <line number="25" hits="1" branch="false" />
            <line number="26" hits="1" branch="false" />
            <line number="27" hits="1" branch="false" />
            <line number="28" hits="1" branch="false" />
            <line number="29" hits="1" branch="false" />
            <line number="30" hits="1" branch="false" />
            <line number="31" hits="1" branch="false" />
            <line number="32" hits="1" branch="false" />
            <line number="33" hits="1" branch="false" />
          </lines>
        </class>
        <class name="Tinder.ba.Tests.KorisnikTests" filename="C:\Users\Muhamed\source\repos\VVS-Zadaca2-GrupaRS3-EMM\Tinder.ba\NasiUnitTestovi\KorisnikTests.cs" line-rate="1" branch-rate="1" complexity="2">
          <methods>
            <method name="RazvediSeTest1" signature="()" line-rate="1" branch-rate="1" complexity="1">
              <lines>
                <line number="15" hits="1" branch="false" />
                <line number="16" hits="1" branch="false" />
                <line number="17" hits="1" branch="false" />
                <line number="18" hits="1" branch="false" />
                <line number="19" hits="1" branch="false" />
                <line number="20" hits="1" branch="false" />
                <line number="21" hits="1" branch="false" />
                <line number="22" hits="1" branch="false" />
              </lines>
            </method>
            <method name="RazvediSeTest2" signature="()" line-rate="1" branch-rate="1" complexity="1">
              <lines>
                <line number="26" hits="1" branch="false" />
                <line number="27" hits="1" branch="false" />
                <line number="28" hits="1" branch="false" />
                <line number="29" hits="1" branch="false" />
                <line number="30" hits="1" branch="false" />
                <line number="31" hits="1" branch="false" />
                <line number="32" hits="1" branch="false" />
                <line number="33" hits="1" branch="false" />
              </lines>
            </method>
          </methods>
          <lines>
            <line number="15" hits="1" branch="false" />
            <line number="16" hits="1" branch="false" />
            <line number="17" hits="1" branch="false" />
            <line number="18" hits="1" branch="false" />
            <line number="19" hits="1" branch="false" />
            <line number="20" hits="1" branch="false" />
            <line number="21" hits="1" branch="false" />
            <line number="22" hits="1" branch="false" />
            <line number="26" hits="1" branch="false" />
            <line number="27" hits="1" branch="false" />
            <line number="28" hits="1" branch="false" />
            <line number="29" hits="1" branch="false" />
            <line number="30" hits="1" branch="false" />
            <line number="31" hits="1" branch="false" />
            <line number="32" hits="1" branch="false" />
            <line number="33" hits="1" branch="false" />
          </lines>
        </class>
        <class name="Tinder.ba.Tests.PorukaTests" filename="C:\Users\Muhamed\source\repos\VVS-Zadaca2-GrupaRS3-EMM\Tinder.ba\NasiUnitTestovi\PorukaTests.cs" line-rate="1" branch-rate="1" complexity="2">
          <methods>
            <method name="TestPoruka" signature="()" line-rate="1" branch-rate="1" complexity="1">
              <lines>
                <line number="16" hits="1" branch="false" />
                <line number="17" hits="1" branch="false" />
                <line number="19" hits="1" branch="false" />
                <line number="20" hits="1" branch="false" />
                <line number="22" hits="1" branch="false" />
                <line number="24" hits="1" branch="false" />
                <line number="26" hits="1" branch="false" />
              </lines>
            </method>
            <method name="TestPoruka2" signature="()" line-rate="1" branch-rate="1" complexity="1">
              <lines>
                <line number="31" hits="1" branch="false" />
                <line number="32" hits="1" branch="false" />
                <line number="34" hits="1" branch="false" />
                <line number="35" hits="1" branch="false" />
                <line number="37" hits="1" branch="false" />
                <line number="39" hits="1" branch="false" />
                <line number="41" hits="1" branch="false" />
              </lines>
            </method>
          </methods>
          <lines>
            <line number="16" hits="1" branch="false" />
            <line number="17" hits="1" branch="false" />
            <line number="19" hits="1" branch="false" />
            <line number="20" hits="1" branch="false" />
            <line number="22" hits="1" branch="false" />
            <line number="24" hits="1" branch="false" />
            <line number="26" hits="1" branch="false" />
            <line number="31" hits="1" branch="false" />
            <line number="32" hits="1" branch="false" />
            <line number="34" hits="1" branch="false" />
            <line number="35" hits="1" branch="false" />
            <line number="37" hits="1" branch="false" />
            <line number="39" hits="1" branch="false" />
            <line number="41" hits="1" branch="false" />
          </lines>
        </class>
        <class name="Tinder.ba.Tests.TinderTests" filename="C:\Users\Muhamed\source\repos\VVS-Zadaca2-GrupaRS3-EMM\Tinder.ba\NasiUnitTestovi\TinderTests.cs" line-rate="0.9722222222222222" branch-rate="1" complexity="2">
          <methods>
            <method name="TestDajSveKompatibilneKorisnike" signature="()" line-rate="1" branch-rate="1" complexity="1">
              <lines>
                <line number="16" hits="1" branch="false" />
                <line number="17" hits="1" branch="false" />
                <line number="18" hits="1" branch="false" />
                <line number="19" hits="1" branch="false" />
                <line number="21" hits="1" branch="false" />
                <line number="23" hits="1" branch="false" />
                <line number="24" hits="1" branch="false" />
                <line number="25" hits="1" branch="false" />
                <line number="26" hits="1" branch="false" />
                <line number="28" hits="1" branch="false" />
                <line number="30" hits="1" branch="false" />
                <line number="32" hits="1" branch="false" />
                <line number="33" hits="1" branch="false" />
                <line number="34" hits="1" branch="false" />
                <line number="35" hits="1" branch="false" />
                <line number="37" hits="1" branch="false" />
                <line number="39" hits="1" branch="false" />
                <line number="41" hits="1" branch="false" />
                <line number="42" hits="1" branch="false" />
                <line number="43" hits="1" branch="false" />
                <line number="44" hits="1" branch="false" />
                <line number="45" hits="1" branch="false" />
                <line number="46" hits="1" branch="false" />
                <line number="48" hits="1" branch="false" />
                <line number="50" hits="1" branch="false" />
              </lines>
            </method>
            <method name="testIzuzetakTuple" signature="()" line-rate="0.9090909090909091" branch-rate="1" complexity="1">
              <lines>
                <line number="57" hits="1" branch="false" />
                <line number="58" hits="1" branch="false" />
                <line number="59" hits="1" branch="false" />
                <line number="60" hits="1" branch="false" />
                <line number="62" hits="1" branch="false" />
                <line number="64" hits="1" branch="false" />
                <line number="65" hits="1" branch="false" />
                <line number="66" hits="1" branch="false" />
                <line number="67" hits="1" branch="false" />
                <line number="69" hits="1" branch="false" />
                <line number="72" hits="0" branch="false" />
              </lines>
            </method>
          </methods>
          <lines>
            <line number="16" hits="1" branch="false" />
            <line number="17" hits="1" branch="false" />
            <line number="18" hits="1" branch="false" />
            <line number="19" hits="1" branch="false" />
            <line number="21" hits="1" branch="false" />
            <line number="23" hits="1" branch="false" />
            <line number="24" hits="1" branch="false" />
            <line number="25" hits="1" branch="false" />
            <line number="26" hits="1" branch="false" />
            <line number="28" hits="1" branch="false" />
            <line number="30" hits="1" branch="false" />
            <line number="32" hits="1" branch="false" />
            <line number="33" hits="1" branch="false" />
            <line number="34" hits="1" branch="false" />
            <line number="35" hits="1" branch="false" />
            <line number="37" hits="1" branch="false" />
            <line number="39" hits="1" branch="false" />
            <line number="41" hits="1" branch="false" />
            <line number="42" hits="1" branch="false" />
            <line number="43" hits="1" branch="false" />
            <line number="44" hits="1" branch="false" />
            <line number="45" hits="1" branch="false" />
            <line number="46" hits="1" branch="false" />
            <line number="48" hits="1" branch="false" />
            <line number="50" hits="1" branch="false" />
            <line number="57" hits="1" branch="false" />
            <line number="58" hits="1" branch="false" />
            <line number="59" hits="1" branch="false" />
            <line number="60" hits="1" branch="false" />
            <line number="62" hits="1" branch="false" />
            <line number="64" hits="1" branch="false" />
            <line number="65" hits="1" branch="false" />
            <line number="66" hits="1" branch="false" />
            <line number="67" hits="1" branch="false" />
            <line number="69" hits="1" branch="false" />
            <line number="72" hits="0" branch="false" />
          </lines>
        </class>
      </classes>
    </package>
    <package name="Tinder.ba" line-rate="0.7380952380952381" branch-rate="0.6060606060606061" complexity="158">
      <classes>
        <class name="Tinder.ba.Chat" filename="C:\Users\Muhamed\source\repos\VVS-Zadaca2-GrupaRS3-EMM\Tinder.ba\Tinder.ba\Chat.cs" line-rate="0.7241379310344828" branch-rate="0.75" complexity="18">
          <methods>
            <method name="get_Korisnici" signature="()" line-rate="0" branch-rate="1" complexity="1">
              <lines>
                <line number="21" hits="0" branch="false" />
              </lines>
            </method>
            <method name="get_Poruke" signature="()" line-rate="1" branch-rate="1" complexity="1">
              <lines>
                <line number="26" hits="13" branch="false" />
              </lines>
            </method>
            <method name="get_PocetakChata" signature="()" line-rate="0" branch-rate="1" complexity="1">
              <lines>
                <line number="31" hits="0" branch="false" />
              </lines>
            </method>
            <method name="set_PocetakChata" signature="(...)" line-rate="0.75" branch-rate="0.5" complexity="2">
              <lines>
                <line number="34" hits="7" branch="true" condition-coverage="50% (1/2)" />
                <line number="35" hits="0" branch="false" />
                <line number="37" hits="7" branch="false" />
                <line number="38" hits="7" branch="false" />
              </lines>
            </method>
            <method name="get_NajnovijaPoruka" signature="()" line-rate="0" branch-rate="1" complexity="1">
              <lines>
                <line number="43" hits="0" branch="false" />
              </lines>
            </method>
            <method name="set_NajnovijaPoruka" signature="(...)" line-rate="0" branch-rate="0" complexity="2">
              <lines>
                <line number="46" hits="0" branch="true" condition-coverage="0% (0/2)" />
                <line number="47" hits="0" branch="false" />
                <line number="49" hits="0" branch="false" />
                <line number="50" hits="0" branch="false" />
              </lines>
            </method>
            <method name="DajSvePorukeOdKorisnika" signature="(...)" line-rate="1" branch-rate="1" complexity="8">
              <lines>
                <line number="84" hits="2" branch="false" />
                <line number="85" hits="10" branch="true" condition-coverage="100% (2/2)" />
                <line number="87" hits="3" branch="true" condition-coverage="100% (2/2)" />
                <line number="89" hits="2" branch="false" />
                <line number="93" hits="2" branch="true" condition-coverage="100% (4/4)" />
                <line number="95" hits="1" branch="false" />
                <line number="99" hits="1" branch="false" />
              </lines>
            </method>
            <method name=".ctor" signature="(...)" line-rate="1" branch-rate="1" complexity="1">
              <lines>
                <line number="57" hits="4" branch="false" />
                <line number="59" hits="4" branch="false" />
                <line number="60" hits="4" branch="false" />
                <line number="61" hits="4" branch="false" />
                <line number="62" hits="4" branch="false" />
              </lines>
            </method>
            <method name=".ctor" signature="()" line-rate="1" branch-rate="1" complexity="1">
              <lines>
                <line number="64" hits="2" branch="false" />
                <line number="66" hits="2" branch="false" />
                <line number="67" hits="2" branch="false" />
                <line number="68" hits="2" branch="false" />
                <line number="69" hits="2" branch="false" />
              </lines>
            </method>
          </methods>
          <lines>
            <line number="21" hits="0" branch="false" />
            <line number="26" hits="13" branch="false" />
            <line number="31" hits="0" branch="false" />
            <line number="34" hits="7" branch="true" condition-coverage="50% (1/2)" />
            <line number="35" hits="0" branch="false" />
            <line number="37" hits="7" branch="false" />
            <line number="38" hits="7" branch="false" />
            <line number="43" hits="0" branch="false" />
            <line number="46" hits="0" branch="true" condition-coverage="0% (0/2)" />
            <line number="47" hits="0" branch="false" />
            <line number="49" hits="0" branch="false" />
            <line number="50" hits="0" branch="false" />
            <line number="57" hits="4" branch="false" />
            <line number="59" hits="4" branch="false" />
            <line number="60" hits="4" branch="false" />
            <line number="61" hits="4" branch="false" />
            <line number="62" hits="4" branch="false" />
            <line number="64" hits="2" branch="false" />
            <line number="66" hits="2" branch="false" />
            <line number="67" hits="2" branch="false" />
            <line number="68" hits="2" branch="false" />
            <line number="69" hits="2" branch="false" />
            <line number="84" hits="2" branch="false" />
            <line number="85" hits="10" branch="true" condition-coverage="100% (2/2)" />
            <line number="87" hits="3" branch="true" condition-coverage="100% (2/2)" />
            <line number="89" hits="2" branch="false" />
            <line number="93" hits="2" branch="true" condition-coverage="100% (4/4)" />
            <line number="95" hits="1" branch="false" />
            <line number="99" hits="1" branch="false" />
          </lines>
        </class>
        <class name="Tinder.ba.GrupniChat" filename="C:\Users\Muhamed\source\repos\VVS-Zadaca2-GrupaRS3-EMM\Tinder.ba\Tinder.ba\GrupniChat.cs" line-rate="0.46153846153846156" branch-rate="0.08333333333333333" complexity="12">
          <methods>
            <method name="PosaljiPorukuViseKorisnika" signature="(...)" line-rate="0" branch-rate="0" complexity="10">
              <lines>
                <line number="30" hits="0" branch="true" condition-coverage="0% (0/8)" />
                <line number="31" hits="0" branch="false" />
                <line number="33" hits="0" branch="true" condition-coverage="0% (0/2)" />
                <line number="35" hits="0" branch="false" />
                <line number="36" hits="0" branch="false" />
                <line number="38" hits="0" branch="false" />
              </lines>
            </method>
            <method name=".ctor" signature="(...)" line-rate="0.8571428571428571" branch-rate="0.5" complexity="2">
              <lines>
                <line number="12" hits="1" branch="false" />
                <line number="14" hits="1" branch="true" condition-coverage="50% (1/2)" />
                <line number="15" hits="0" branch="false" />
                <line number="18" hits="1" branch="false" />
                <line number="20" hits="1" branch="false" />
                <line number="21" hits="1" branch="false" />
                <line number="22" hits="1" branch="false" />
              </lines>
            </method>
          </methods>
          <lines>
            <line number="12" hits="1" branch="false" />
            <line number="14" hits="1" branch="true" condition-coverage="50% (1/2)" />
            <line number="15" hits="0" branch="false" />
            <line number="18" hits="1" branch="false" />
            <line number="20" hits="1" branch="false" />
            <line number="21" hits="1" branch="false" />
            <line number="22" hits="1" branch="false" />
            <line number="30" hits="0" branch="true" condition-coverage="0% (0/8)" />
            <line number="31" hits="0" branch="false" />
            <line number="33" hits="0" branch="true" condition-coverage="0% (0/2)" />
            <line number="35" hits="0" branch="false" />
            <line number="36" hits="0" branch="false" />
            <line number="38" hits="0" branch="false" />
          </lines>
        </class>
        <class name="Tinder.ba.Korisnik" filename="C:\Users\Muhamed\source\repos\VVS-Zadaca2-GrupaRS3-EMM\Tinder.ba\Tinder.ba\Korisnik.cs" line-rate="0.8518518518518519" branch-rate="0.5625" complexity="44">
          <methods>
            <method name="get_Ime" signature="()" line-rate="1" branch-rate="1" complexity="1">
              <lines>
                <line number="33" hits="24" branch="false" />
              </lines>
            </method>
            <method name="set_Ime" signature="(...)" line-rate="0.75" branch-rate="0.5" complexity="4">
              <lines>
                <line number="36" hits="20" branch="true" condition-coverage="50% (2/4)" />
                <line number="37" hits="0" branch="false" />
                <line number="39" hits="20" branch="false" />
                <line number="40" hits="20" branch="false" />
              </lines>
            </method>
            <method name="get_Password" signature="()" line-rate="0" branch-rate="1" complexity="1">
              <lines>
                <line number="45" hits="0" branch="false" />
              </lines>
            </method>
            <method name="set_Password" signature="(...)" line-rate="0.8" branch-rate="0.5" complexity="10">
              <lines>
                <line number="48" hits="20" branch="true" condition-coverage="50% (5/10)" />
                <line number="49" hits="20" branch="false" />
                <line number="50" hits="0" branch="false" />
                <line number="52" hits="20" branch="false" />
                <line number="53" hits="20" branch="false" />
              </lines>
            </method>
            <method name="get_Lokacija" signature="()" line-rate="1" branch-rate="1" complexity="1">
              <lines>
                <line number="58" hits="12" branch="false" />
              </lines>
            </method>
            <method name="set_Lokacija" signature="(...)" line-rate="1" branch-rate="1" complexity="1">
              <lines>
                <line number="59" hits="22" branch="false" />
              </lines>
            </method>
            <method name="get_ZeljenaLokacija" signature="()" line-rate="1" branch-rate="1" complexity="1">
              <lines>
                <line number="64" hits="14" branch="false" />
              </lines>
            </method>
            <method name="set_ZeljenaLokacija" signature="(...)" line-rate="1" branch-rate="1" complexity="1">
              <lines>
                <line number="65" hits="20" branch="false" />
              </lines>
            </method>
            <method name="get_Godine" signature="()" line-rate="1" branch-rate="1" complexity="1">
              <lines>
                <line number="70" hits="24" branch="false" />
              </lines>
            </method>
            <method name="set_Godine" signature="(...)" line-rate="0.75" branch-rate="0.5" complexity="2">
              <lines>
                <line number="73" hits="22" branch="true" condition-coverage="50% (1/2)" />
                <line number="74" hits="0" branch="false" />
                <line number="76" hits="22" branch="false" />
                <line number="77" hits="22" branch="false" />
              </lines>
            </method>
            <method name="get_ZeljeniMinGodina" signature="()" line-rate="1" branch-rate="1" complexity="1">
              <lines>
                <line number="82" hits="14" branch="false" />
              </lines>
            </method>
            <method name="set_ZeljeniMinGodina" signature="(...)" line-rate="0.75" branch-rate="0.5" complexity="4">
              <lines>
                <line number="85" hits="20" branch="true" condition-coverage="50% (2/4)" />
                <line number="86" hits="0" branch="false" />
                <line number="88" hits="20" branch="false" />
                <line number="89" hits="20" branch="false" />
              </lines>
            </method>
            <method name="get_ZeljeniMaxGodina" signature="()" line-rate="1" branch-rate="1" complexity="1">
              <lines>
                <line number="94" hits="14" branch="false" />
              </lines>
            </method>
            <method name="set_ZeljeniMaxGodina" signature="(...)" line-rate="0.75" branch-rate="0.5" complexity="4">
              <lines>
                <line number="97" hits="20" branch="true" condition-coverage="50% (2/4)" />
                <line number="98" hits="0" branch="false" />
                <line number="100" hits="20" branch="false" />
                <line number="101" hits="20" branch="false" />
              </lines>
            </method>
            <method name="get_Razvod" signature="()" line-rate="0" branch-rate="1" complexity="1">
              <lines>
                <line number="106" hits="0" branch="false" />
              </lines>
            </method>
            <method name="set_Razvod" signature="(...)" line-rate="1" branch-rate="1" complexity="1">
              <lines>
                <line number="107" hits="20" branch="false" />
              </lines>
            </method>
            <method name="RazvediSe" signature="()" line-rate="1" branch-rate="1" complexity="4">
              <lines>
                <line number="153" hits="2" branch="false" />
                <line number="154" hits="2" branch="false" />
                <line number="155" hits="2" branch="true" condition-coverage="100% (4/4)" />
                <line number="157" hits="1" branch="false" />
                <line number="160" hits="1" branch="false" />
                <line number="163" hits="1" branch="false" />
              </lines>
            </method>
            <method name=".ctor" signature="(...)" line-rate="0.9285714285714286" branch-rate="0.5" complexity="4">
              <lines>
                <line number="114" hits="20" branch="false" />
                <line number="116" hits="20" branch="false" />
                <line number="117" hits="20" branch="false" />
                <line number="118" hits="20" branch="false" />
                <line number="119" hits="20" branch="false" />
                <line number="120" hits="20" branch="false" />
                <line number="122" hits="20" branch="true" condition-coverage="50% (1/2)" />
                <line number="123" hits="20" branch="false" />
                <line number="125" hits="0" branch="false" />
                <line number="127" hits="20" branch="true" condition-coverage="50% (1/2)" />
                <line number="128" hits="8" branch="false" />
                <line number="130" hits="12" branch="false" />
                <line number="132" hits="20" branch="false" />
                <line number="133" hits="20" branch="false" />
              </lines>
            </method>
            <method name=".ctor" signature="()" line-rate="1" branch-rate="1" complexity="1">
              <lines>
                <line number="135" hits="5" branch="false" />
                <line number="138" hits="5" branch="false" />
              </lines>
            </method>
          </methods>
          <lines>
            <line number="33" hits="24" branch="false" />
            <line number="36" hits="20" branch="true" condition-coverage="50% (2/4)" />
            <line number="37" hits="0" branch="false" />
            <line number="39" hits="20" branch="false" />
            <line number="40" hits="20" branch="false" />
            <line number="45" hits="0" branch="false" />
            <line number="48" hits="20" branch="true" condition-coverage="50% (5/10)" />
            <line number="49" hits="20" branch="false" />
            <line number="50" hits="0" branch="false" />
            <line number="52" hits="20" branch="false" />
            <line number="53" hits="20" branch="false" />
            <line number="58" hits="12" branch="false" />
            <line number="59" hits="22" branch="false" />
            <line number="64" hits="14" branch="false" />
            <line number="65" hits="20" branch="false" />
            <line number="70" hits="24" branch="false" />
            <line number="73" hits="22" branch="true" condition-coverage="50% (1/2)" />
            <line number="74" hits="0" branch="false" />
            <line number="76" hits="22" branch="false" />
            <line number="77" hits="22" branch="false" />
            <line number="82" hits="14" branch="false" />
            <line number="85" hits="20" branch="true" condition-coverage="50% (2/4)" />
            <line number="86" hits="0" branch="false" />
            <line number="88" hits="20" branch="false" />
            <line number="89" hits="20" branch="false" />
            <line number="94" hits="14" branch="false" />
            <line number="97" hits="20" branch="true" condition-coverage="50% (2/4)" />
            <line number="98" hits="0" branch="false" />
            <line number="100" hits="20" branch="false" />
            <line number="101" hits="20" branch="false" />
            <line number="106" hits="0" branch="false" />
            <line number="107" hits="20" branch="false" />
            <line number="114" hits="20" branch="false" />
            <line number="116" hits="20" branch="false" />
            <line number="117" hits="20" branch="false" />
            <line number="118" hits="20" branch="false" />
            <line number="119" hits="20" branch="false" />
            <line number="120" hits="20" branch="false" />
            <line number="122" hits="20" branch="true" condition-coverage="50% (1/2)" />
            <line number="123" hits="20" branch="false" />
            <line number="125" hits="0" branch="false" />
            <line number="127" hits="20" branch="true" condition-coverage="50% (1/2)" />
            <line number="128" hits="8" branch="false" />
            <line number="130" hits="12" branch="false" />
            <line number="132" hits="20" branch="false" />
            <line number="133" hits="20" branch="false" />
            <line number="135" hits="5" branch="false" />
            <line number="138" hits="5" branch="false" />
            <line number="153" hits="2" branch="false" />
            <line number="154" hits="2" branch="false" />
            <line number="155" hits="2" branch="true" condition-coverage="100% (4/4)" />
            <line number="157" hits="1" branch="false" />
            <line number="160" hits="1" branch="false" />
            <line number="163" hits="1" branch="false" />
          </lines>
        </class>
        <class name="Tinder.ba.Poruka" filename="C:\Users\Muhamed\source\repos\VVS-Zadaca2-GrupaRS3-EMM\Tinder.ba\Tinder.ba\Poruka.cs" line-rate="0.8846153846153846" branch-rate="0.875" complexity="35">
          <methods>
            <method name="get_Posiljalac" signature="()" line-rate="1" branch-rate="1" complexity="1">
              <lines>
                <line number="20" hits="3" branch="false" />
              </lines>
            </method>
            <method name="get_Primalac" signature="()" line-rate="0" branch-rate="1" complexity="1">
              <lines>
                <line number="24" hits="0" branch="false" />
              </lines>
            </method>
            <method name="get_Sadrzaj" signature="()" line-rate="1" branch-rate="1" complexity="1">
              <lines>
                <line number="28" hits="5" branch="false" />
              </lines>
            </method>
            <method name="set_Sadrzaj" signature="(...)" line-rate="0.75" branch-rate="0.5" complexity="4">
              <lines>
                <line number="31" hits="12" branch="true" condition-coverage="50% (2/4)" />
                <line number="32" hits="0" branch="false" />
                <line number="34" hits="12" branch="false" />
                <line number="35" hits="12" branch="false" />
              </lines>
            </method>
            <method name="IzračunajPotencijalPoruke" signature="()" line-rate="1" branch-rate="1" complexity="24">
              <lines>
                <line number="65" hits="3" branch="false" />
                <line number="67" hits="3" branch="false" />
                <line number="69" hits="3" branch="false" />
                <line number="71" hits="60" branch="true" condition-coverage="100% (2/2)" />
                <line number="73" hits="27" branch="false" />
                <line number="75" hits="27" branch="true" condition-coverage="100% (8/8)" />
                <line number="77" hits="4" branch="true" condition-coverage="100% (2/2)" />
                <line number="78" hits="2" branch="false" />
                <line number="80" hits="23" branch="true" condition-coverage="100% (10/10)" />
                <line number="82" hits="9" branch="true" condition-coverage="100% (2/2)" />
                <line number="83" hits="9" branch="false" />
                <line number="88" hits="3" branch="false" />
              </lines>
            </method>
            <method name=".ctor" signature="(...)" line-rate="0.8571428571428571" branch-rate="0.5" complexity="4">
              <lines>
                <line number="42" hits="12" branch="false" />
                <line number="44" hits="12" branch="true" condition-coverage="50% (2/4)" />
                <line number="45" hits="0" branch="false" />
                <line number="47" hits="12" branch="false" />
                <line number="48" hits="12" branch="false" />
                <line number="49" hits="12" branch="false" />
                <line number="50" hits="12" branch="false" />
              </lines>
            </method>
          </methods>
          <lines>
            <line number="20" hits="3" branch="false" />
            <line number="24" hits="0" branch="false" />
            <line number="28" hits="5" branch="false" />
            <line number="31" hits="12" branch="true" condition-coverage="50% (2/4)" />
            <line number="32" hits="0" branch="false" />
            <line number="34" hits="12" branch="false" />
            <line number="35" hits="12" branch="false" />
            <line number="42" hits="12" branch="false" />
            <line number="44" hits="12" branch="true" condition-coverage="50% (2/4)" />
            <line number="45" hits="0" branch="false" />
            <line number="47" hits="12" branch="false" />
            <line number="48" hits="12" branch="false" />
            <line number="49" hits="12" branch="false" />
            <line number="50" hits="12" branch="false" />
            <line number="65" hits="3" branch="false" />
            <line number="67" hits="3" branch="false" />
            <line number="69" hits="3" branch="false" />
            <line number="71" hits="60" branch="true" condition-coverage="100% (2/2)" />
            <line number="73" hits="27" branch="false" />
            <line number="75" hits="27" branch="true" condition-coverage="100% (8/8)" />
            <line number="77" hits="4" branch="true" condition-coverage="100% (2/2)" />
            <line number="78" hits="2" branch="false" />
            <line number="80" hits="23" branch="true" condition-coverage="100% (10/10)" />
            <line number="82" hits="9" branch="true" condition-coverage="100% (2/2)" />
            <line number="83" hits="9" branch="false" />
            <line number="88" hits="3" branch="false" />
          </lines>
        </class>
        <class name="Tinder.ba.Recenzija" filename="C:\Users\Muhamed\source\repos\VVS-Zadaca2-GrupaRS3-EMM\Tinder.ba\Tinder.ba\Recenzija.cs" line-rate="0" branch-rate="1" complexity="1">
          <methods>
            <method name="DajUtisak" signature="()" line-rate="0" branch-rate="1" complexity="1">
              <lines>
                <line number="15" hits="0" branch="false" />
              </lines>
            </method>
          </methods>
          <lines>
            <line number="15" hits="0" branch="false" />
          </lines>
        </class>
        <class name="Tinder.ba.Tinder" filename="C:\Users\Muhamed\source\repos\VVS-Zadaca2-GrupaRS3-EMM\Tinder.ba\Tinder.ba\Tinder.cs" line-rate="0.6222222222222222" branch-rate="0.5454545454545454" complexity="48">
          <methods>
            <method name="get_Korisnici" signature="()" line-rate="0" branch-rate="1" complexity="1">
              <lines>
                <line number="20" hits="0" branch="false" />
              </lines>
            </method>
            <method name="get_Razgovori" signature="()" line-rate="1" branch-rate="1" complexity="1">
              <lines>
                <line number="25" hits="3" branch="false" />
              </lines>
            </method>
            <method name="RadSaKorisnikom" signature="(...)" line-rate="0.23529411764705882" branch-rate="0.125" complexity="16">
              <lines>
                <line number="44" hits="8" branch="true" condition-coverage="50% (1/2)" />
                <line number="46" hits="20" branch="false" />
                <line number="47" hits="8" branch="true" condition-coverage="50% (1/2)" />
                <line number="48" hits="0" branch="false" />
                <line number="50" hits="8" branch="false" />
                <line number="52" hits="0" branch="true" condition-coverage="0% (0/2)" />
                <line number="54" hits="0" branch="false" />
                <line number="55" hits="0" branch="true" condition-coverage="0% (0/2)" />
                <line number="56" hits="0" branch="false" />
                <line number="58" hits="0" branch="false" />
                <line number="60" hits="0" branch="false" />
                <line number="61" hits="0" branch="true" condition-coverage="0% (0/2)" />
                <line number="63" hits="0" branch="true" condition-coverage="0% (0/4)" />
                <line number="64" hits="0" branch="false" />
                <line number="67" hits="0" branch="true" condition-coverage="0% (0/2)" />
                <line number="68" hits="0" branch="false" />
                <line number="70" hits="0" branch="false" />
              </lines>
            </method>
            <method name="DodavanjeRazgovora" signature="(...)" line-rate="0.8333333333333334" branch-rate="0.7" complexity="10">
              <lines>
                <line number="74" hits="3" branch="true" condition-coverage="63% (5/8)" />
                <line number="75" hits="0" branch="false" />
                <line number="77" hits="3" branch="true" condition-coverage="100% (2/2)" />
                <line number="78" hits="1" branch="false" />
                <line number="81" hits="2" branch="false" />
                <line number="82" hits="2" branch="false" />
              </lines>
            </method>
            <method name="DajSveKompatibilneKorisnike" signature="()" line-rate="1" branch-rate="1" complexity="12">
              <lines>
                <line number="94" hits="2" branch="false" />
                <line number="96" hits="20" branch="true" condition-coverage="100% (2/2)" />
                <line number="98" hits="40" branch="true" condition-coverage="100% (2/2)" />
                <line number="99" hits="12" branch="true" condition-coverage="100% (4/4)" />
                <line number="101" hits="12" branch="true" condition-coverage="100% (2/2)" />
                <line number="103" hits="6" branch="false" />
                <line number="109" hits="2" branch="true" condition-coverage="100% (2/2)" />
                <line number="110" hits="1" branch="false" />
                <line number="112" hits="1" branch="false" />
              </lines>
            </method>
            <method name="DaLiJeSpajanjeUspjesno" signature="(...)" line-rate="0.6666666666666666" branch-rate="0.5" complexity="6">
              <lines>
                <line number="117" hits="1" branch="true" condition-coverage="50% (1/2)" />
                <line number="118" hits="0" branch="false" />
                <line number="120" hits="2" branch="true" condition-coverage="50% (2/4)" />
                <line number="121" hits="1" branch="false" />
                <line number="122" hits="0" branch="false" />
                <line number="125" hits="1" branch="false" />
              </lines>
            </method>
            <method name="PotencijalChata" signature="(...)" line-rate="1" branch-rate="1" complexity="1">
              <lines>
                <line number="130" hits="3" branch="false" />
              </lines>
            </method>
            <method name=".ctor" signature="()" line-rate="1" branch-rate="1" complexity="1">
              <lines>
                <line number="32" hits="6" branch="false" />
                <line number="34" hits="6" branch="false" />
                <line number="35" hits="6" branch="false" />
                <line number="36" hits="6" branch="false" />
              </lines>
            </method>
          </methods>
          <lines>
            <line number="20" hits="0" branch="false" />
            <line number="25" hits="3" branch="false" />
            <line number="32" hits="6" branch="false" />
            <line number="34" hits="6" branch="false" />
            <line number="35" hits="6" branch="false" />
            <line number="36" hits="6" branch="false" />
            <line number="44" hits="8" branch="true" condition-coverage="50% (1/2)" />
            <line number="46" hits="20" branch="false" />
            <line number="47" hits="8" branch="true" condition-coverage="50% (1/2)" />
            <line number="48" hits="0" branch="false" />
            <line number="50" hits="8" branch="false" />
            <line number="52" hits="0" branch="true" condition-coverage="0% (0/2)" />
            <line number="54" hits="0" branch="false" />
            <line number="55" hits="0" branch="true" condition-coverage="0% (0/2)" />
            <line number="56" hits="0" branch="false" />
            <line number="58" hits="0" branch="false" />
            <line number="60" hits="0" branch="false" />
            <line number="61" hits="0" branch="true" condition-coverage="0% (0/2)" />
            <line number="63" hits="0" branch="true" condition-coverage="0% (0/4)" />
            <line number="64" hits="0" branch="false" />
            <line number="67" hits="0" branch="true" condition-coverage="0% (0/2)" />
            <line number="68" hits="0" branch="false" />
            <line number="70" hits="0" branch="false" />
            <line number="74" hits="3" branch="true" condition-coverage="63% (5/8)" />
            <line number="75" hits="0" branch="false" />
            <line number="77" hits="3" branch="true" condition-coverage="100% (2/2)" />
            <line number="78" hits="1" branch="false" />
            <line number="81" hits="2" branch="false" />
            <line number="82" hits="2" branch="false" />
            <line number="94" hits="2" branch="false" />
            <line number="96" hits="20" branch="true" condition-coverage="100% (2/2)" />
            <line number="98" hits="40" branch="true" condition-coverage="100% (2/2)" />
            <line number="99" hits="12" branch="true" condition-coverage="100% (4/4)" />
            <line number="101" hits="12" branch="true" condition-coverage="100% (2/2)" />
            <line number="103" hits="6" branch="false" />
            <line number="109" hits="2" branch="true" condition-coverage="100% (2/2)" />
            <line number="110" hits="1" branch="false" />
            <line number="112" hits="1" branch="false" />
            <line number="117" hits="1" branch="true" condition-coverage="50% (1/2)" />
            <line number="118" hits="0" branch="false" />
            <line number="120" hits="2" branch="true" condition-coverage="50% (2/4)" />
            <line number="121" hits="1" branch="false" />
            <line number="122" hits="0" branch="false" />
            <line number="125" hits="1" branch="false" />
            <line number="130" hits="3" branch="false" />
          </lines>
        </class>
      </classes>
    </package>
    <package name="Unit Testovi" line-rate="0.8205128205128205" branch-rate="1" complexity="5">
      <classes>
        <class name="AutoGeneratedProgram" filename="C:\Users\Muhamed\.nuget\packages\microsoft.net.test.sdk\16.5.0\build\netcoreapp2.1\Microsoft.NET.Test.Sdk.Program.cs" line-rate="0" branch-rate="1" complexity="1">
          <methods>
            <method name="Main" signature="(...)" line-rate="0" branch-rate="1" complexity="1">
              <lines>
                <line number="4" hits="0" branch="false" />
              </lines>
            </method>
          </methods>
          <lines>
            <line number="4" hits="0" branch="false" />
          </lines>
        </class>
        <class name="Unit_Testovi.NoviTestovi" filename="C:\Users\Muhamed\source\repos\VVS-Zadaca2-GrupaRS3-EMM\Tinder.ba\Unit Testovi\NoviTestovi.cs" line-rate="0.8421052631578947" branch-rate="1" complexity="4">
          <methods>
            <method name="TestZamjenskiObjekti" signature="()" line-rate="0.8888888888888888" branch-rate="1" complexity="1">
              <lines>
                <line number="16" hits="1" branch="false" />
                <line number="17" hits="1" branch="false" />
                <line number="19" hits="1" branch="false" />
                <line number="20" hits="1" branch="false" />
                <line number="21" hits="1" branch="false" />
                <line number="23" hits="1" branch="false" />
                <line number="24" hits="1" branch="false" />
                <line number="26" hits="1" branch="false" />
                <line number="27" hits="0" branch="false" />
              </lines>
            </method>
            <method name="TestPotencijalChataVeliki" signature="()" line-rate="0.8" branch-rate="1" complexity="1">
              <lines>
                <line number="36" hits="1" branch="false" />
                <line number="37" hits="1" branch="false" />
                <line number="39" hits="1" branch="false" />
                <line number="40" hits="1" branch="false" />
                <line number="41" hits="1" branch="false" />
                <line number="42" hits="1" branch="false" />
                <line number="43" hits="1" branch="false" />
                <line number="45" hits="1" branch="false" />
                <line number="47" hits="0" branch="false" />
                <line number="48" hits="0" branch="false" />
              </lines>
            </method>
            <method name="TestPotencijalChataMali" signature="()" line-rate="0.8" branch-rate="1" complexity="1">
              <lines>
                <line number="53" hits="1" branch="false" />
                <line number="54" hits="1" branch="false" />
                <line number="56" hits="1" branch="false" />
                <line number="57" hits="1" branch="false" />
                <line number="58" hits="1" branch="false" />
                <line number="59" hits="1" branch="false" />
                <line number="60" hits="1" branch="false" />
                <line number="62" hits="1" branch="false" />
                <line number="64" hits="0" branch="false" />
                <line number="65" hits="0" branch="false" />
              </lines>
            </method>
            <method name="TestPotencijalChataIzuzetak" signature="()" line-rate="0.8888888888888888" branch-rate="1" complexity="1">
              <lines>
                <line number="71" hits="1" branch="false" />
                <line number="72" hits="1" branch="false" />
                <line number="74" hits="1" branch="false" />
                <line number="75" hits="1" branch="false" />
                <line number="76" hits="1" branch="false" />
                <line number="77" hits="1" branch="false" />
                <line number="78" hits="1" branch="false" />
                <line number="80" hits="1" branch="false" />
                <line number="81" hits="0" branch="false" />
              </lines>
            </method>
          </methods>
          <lines>
            <line number="16" hits="1" branch="false" />
            <line number="17" hits="1" branch="false" />
            <line number="19" hits="1" branch="false" />
            <line number="20" hits="1" branch="false" />
            <line number="21" hits="1" branch="false" />
            <line number="23" hits="1" branch="false" />
            <line number="24" hits="1" branch="false" />
            <line number="26" hits="1" branch="false" />
            <line number="27" hits="0" branch="false" />
            <line number="36" hits="1" branch="false" />
            <line number="37" hits="1" branch="false" />
            <line number="39" hits="1" branch="false" />
            <line number="40" hits="1" branch="false" />
            <line number="41" hits="1" branch="false" />
            <line number="42" hits="1" branch="false" />
            <line number="43" hits="1" branch="false" />
            <line number="45" hits="1" branch="false" />
            <line number="47" hits="0" branch="false" />
            <line number="48" hits="0" branch="false" />
            <line number="53" hits="1" branch="false" />
            <line number="54" hits="1" branch="false" />
            <line number="56" hits="1" branch="false" />
            <line number="57" hits="1" branch="false" />
            <line number="58" hits="1" branch="false" />
            <line number="59" hits="1" branch="false" />
            <line number="60" hits="1" branch="false" />
            <line number="62" hits="1" branch="false" />
            <line number="64" hits="0" branch="false" />
            <line number="65" hits="0" branch="false" />
            <line number="71" hits="1" branch="false" />
            <line number="72" hits="1" branch="false" />
            <line number="74" hits="1" branch="false" />
            <line number="75" hits="1" branch="false" />
            <line number="76" hits="1" branch="false" />
            <line number="77" hits="1" branch="false" />
            <line number="78" hits="1" branch="false" />
            <line number="80" hits="1" branch="false" />
            <line number="81" hits="0" branch="false" />
          </lines>
        </class>
      </classes>
    </package>
  </packages>
</coverage>