TpTrace Verbose: 0 : 5828, 1, 2020/12/01, 16:42:41.585, 10450066043879, vstest.console.dll, Version: 16.8.0-release-20201022-02
TpTrace Information: 0 : 5828, 1, 2020/12/01, 16:42:41.601, 10450066196249, vstest.console.dll, FilePatternParser: The given file C:\Users\Muhamed\source\repos\VVS-Zadaca2-GrupaRS3-EMM\Tinder.ba\NasiUnitTestovi\bin\Release\fine-code-coverage\NasiUnitTestovi.dll is a full path.
TpTrace Verbose: 0 : 5828, 1, 2020/12/01, 16:42:41.614, 10450066325770, vstest.console.dll, TestPluginCache.DiscoverTestExtensions: finding test extensions in assemblies ends with: RuntimeProvider.dll TPluginInfo: Microsoft.VisualStudio.TestPlatform.Common.ExtensionFramework.Utilities.TestRuntimePluginInformation TExtension: Microsoft.VisualStudio.TestPlatform.ObjectModel.Host.ITestRuntimeProvider
TpTrace Verbose: 0 : 5828, 1, 2020/12/01, 16:42:41.614, 10450066332903, vstest.console.dll, TestPluginCache.GetExtensionPaths: Filtered extension paths: 
TpTrace Verbose: 0 : 5828, 1, 2020/12/01, 16:42:41.615, 10450066335552, vstest.console.dll, TestPluginCache.GetExtensionPaths: Added default extension paths: C:\Program Files\dotnet\sdk\5.0.100\Extensions\Microsoft.Diagnostics.NETCore.Client.dll
C:\Program Files\dotnet\sdk\5.0.100\Extensions\Microsoft.TestPlatform.Extensions.BlameDataCollector.dll
C:\Program Files\dotnet\sdk\5.0.100\Extensions\Microsoft.TestPlatform.Extensions.EventLogCollector.dll
C:\Program Files\dotnet\sdk\5.0.100\Extensions\Microsoft.TestPlatform.TestHostRuntimeProvider.dll
C:\Program Files\dotnet\sdk\5.0.100\Extensions\Microsoft.VisualStudio.TestPlatform.Extensions.Html.TestLogger.dll
C:\Program Files\dotnet\sdk\5.0.100\Extensions\Microsoft.VisualStudio.TestPlatform.Extensions.Trx.TestLogger.dll
TpTrace Verbose: 0 : 5828, 1, 2020/12/01, 16:42:41.615, 10450066337098, vstest.console.dll, TestPluginCache.GetExtensionPaths: Added unfilterableExtensionPaths: 
TpTrace Information: 0 : 5828, 1, 2020/12/01, 16:42:41.617, 10450066354051, vstest.console.dll, AssemblyResolver.ctor: Creating AssemblyResolver with searchDirectories C:\Program Files\dotnet\sdk\5.0.100\Extensions,C:\Program Files\dotnet\sdk\5.0.100
TpTrace Verbose: 0 : 5828, 1, 2020/12/01, 16:42:41.619, 10450066378437, vstest.console.dll, TestPluginCache.DiscoverTestExtensions: Discovering the extensions using extension path.
TpTrace Verbose: 0 : 5828, 1, 2020/12/01, 16:42:41.619, 10450066381411, vstest.console.dll, TestPluginCache.GetExtensionPaths: Filtered extension paths: 
TpTrace Verbose: 0 : 5828, 1, 2020/12/01, 16:42:41.619, 10450066382891, vstest.console.dll, TestPluginCache.GetExtensionPaths: Added default extension paths: C:\Program Files\dotnet\sdk\5.0.100\Extensions\Microsoft.Diagnostics.NETCore.Client.dll
C:\Program Files\dotnet\sdk\5.0.100\Extensions\Microsoft.TestPlatform.Extensions.BlameDataCollector.dll
C:\Program Files\dotnet\sdk\5.0.100\Extensions\Microsoft.TestPlatform.Extensions.EventLogCollector.dll
C:\Program Files\dotnet\sdk\5.0.100\Extensions\Microsoft.TestPlatform.TestHostRuntimeProvider.dll
C:\Program Files\dotnet\sdk\5.0.100\Extensions\Microsoft.VisualStudio.TestPlatform.Extensions.Html.TestLogger.dll
C:\Program Files\dotnet\sdk\5.0.100\Extensions\Microsoft.VisualStudio.TestPlatform.Extensions.Trx.TestLogger.dll
TpTrace Verbose: 0 : 5828, 1, 2020/12/01, 16:42:41.620, 10450066384309, vstest.console.dll, TestPluginCache.GetExtensionPaths: Added unfilterableExtensionPaths: 
TpTrace Verbose: 0 : 5828, 1, 2020/12/01, 16:42:41.620, 10450066386293, vstest.console.dll, TestPluginCache.DiscoverTestExtensions: Discovering the extensions using allExtensionPaths: C:\Program Files\dotnet\sdk\5.0.100\Extensions\Microsoft.Diagnostics.NETCore.Client.dll
C:\Program Files\dotnet\sdk\5.0.100\Extensions\Microsoft.TestPlatform.Extensions.BlameDataCollector.dll
C:\Program Files\dotnet\sdk\5.0.100\Extensions\Microsoft.TestPlatform.Extensions.EventLogCollector.dll
C:\Program Files\dotnet\sdk\5.0.100\Extensions\Microsoft.TestPlatform.TestHostRuntimeProvider.dll
C:\Program Files\dotnet\sdk\5.0.100\Extensions\Microsoft.VisualStudio.TestPlatform.Extensions.Html.TestLogger.dll
C:\Program Files\dotnet\sdk\5.0.100\Extensions\Microsoft.VisualStudio.TestPlatform.Extensions.Trx.TestLogger.dll
TpTrace Information: 0 : 5828, 1, 2020/12/01, 16:42:41.620, 10450066389899, vstest.console.dll, AssemblyResolver.AddSearchDirectories: Adding more searchDirectories C:\Program Files\dotnet\sdk\5.0.100\Extensions,C:\Program Files\dotnet\sdk\5.0.100
TpTrace Information: 0 : 5828, 1, 2020/12/01, 16:42:41.620, 10450066391751, vstest.console.dll, AssemblyResolver.AddSearchDirectories: Adding more searchDirectories C:\Program Files\dotnet\sdk\5.0.100\Extensions,C:\Program Files\dotnet\sdk\5.0.100
TpTrace Information: 0 : 5828, 1, 2020/12/01, 16:42:41.621, 10450066393128, vstest.console.dll, AssemblyResolver.AddSearchDirectories: Adding more searchDirectories C:\Program Files\dotnet\sdk\5.0.100\Extensions,C:\Program Files\dotnet\sdk\5.0.100
TpTrace Information: 0 : 5828, 1, 2020/12/01, 16:42:41.621, 10450066394452, vstest.console.dll, AssemblyResolver.AddSearchDirectories: Adding more searchDirectories C:\Program Files\dotnet\sdk\5.0.100\Extensions,C:\Program Files\dotnet\sdk\5.0.100
TpTrace Information: 0 : 5828, 1, 2020/12/01, 16:42:41.621, 10450066395645, vstest.console.dll, AssemblyResolver.AddSearchDirectories: Adding more searchDirectories C:\Program Files\dotnet\sdk\5.0.100\Extensions,C:\Program Files\dotnet\sdk\5.0.100
TpTrace Information: 0 : 5828, 1, 2020/12/01, 16:42:41.621, 10450066396819, vstest.console.dll, AssemblyResolver.AddSearchDirectories: Adding more searchDirectories C:\Program Files\dotnet\sdk\5.0.100\Extensions,C:\Program Files\dotnet\sdk\5.0.100
TpTrace Information: 0 : 5828, 1, 2020/12/01, 16:42:41.622, 10450066403821, vstest.console.dll, AssemblyResolver.OnResolve: Microsoft.Diagnostics.NETCore.Client: Resolving assembly.
TpTrace Information: 0 : 5828, 1, 2020/12/01, 16:42:41.624, 10450066425587, vstest.console.dll, AssemblyResolver.OnResolve: Resolved assembly: Microsoft.Diagnostics.NETCore.Client, from path: C:\Program Files\dotnet\sdk\5.0.100\Extensions\Microsoft.Diagnostics.NETCore.Client.dll
TpTrace Information: 0 : 5828, 1, 2020/12/01, 16:42:41.629, 10450066476807, vstest.console.dll, AssemblyResolver.OnResolve: Microsoft.Bcl.AsyncInterfaces: Resolving assembly.
TpTrace Information: 0 : 5828, 1, 2020/12/01, 16:42:41.629, 10450066480879, vstest.console.dll, AssemblyResolver.OnResolve: Microsoft.Bcl.AsyncInterfaces: Failed to load assembly.
TpTrace Verbose: 0 : 5828, 1, 2020/12/01, 16:42:41.629, 10450066482632, vstest.console.dll, CurrentDomain_AssemblyResolve: Resolving assembly 'Microsoft.Bcl.AsyncInterfaces'.
TpTrace Information: 0 : 5828, 1, 2020/12/01, 16:42:41.630, 10450066484517, vstest.console.dll, AssemblyResolver.OnResolve: Microsoft.Bcl.AsyncInterfaces: Resolving assembly.
TpTrace Information: 0 : 5828, 1, 2020/12/01, 16:42:41.630, 10450066486126, vstest.console.dll, AssemblyResolver.OnResolve: Microsoft.Bcl.AsyncInterfaces: Resolved from cache.
TpTrace Verbose: 0 : 5828, 1, 2020/12/01, 16:42:41.630, 10450066487401, vstest.console.dll, CurrentDomain_AssemblyResolve: Resolving assembly 'Microsoft.Bcl.AsyncInterfaces'.
TpTrace Verbose: 0 : 5828, 1, 2020/12/01, 16:42:41.630, 10450066488729, vstest.console.dll, CurrentDomainAssemblyResolve: Failed to resolve assembly 'Microsoft.Bcl.AsyncInterfaces'.
TpTrace Verbose: 0 : 5828, 1, 2020/12/01, 16:42:41.632, 10450066504520, vstest.console.dll, CurrentDomainAssemblyResolve: Failed to resolve assembly 'Microsoft.Bcl.AsyncInterfaces'.
TpTrace Warning: 0 : 5828, 1, 2020/12/01, 16:42:41.653, 10450066718067, vstest.console.dll, TestPluginDiscoverer: Failed to get types from assembly 'Microsoft.Diagnostics.NETCore.Client, Version=0.2.2.41902, Culture=neutral, PublicKeyToken=31bf3856ad364e35'.  Skipping test extension scan for this assembly.  Error: System.Reflection.ReflectionTypeLoadException: Unable to load one or more of the requested types.
Could not load file or assembly 'Microsoft.Bcl.AsyncInterfaces, Version=1.0.0.0, Culture=neutral, PublicKeyToken=cc7b13ffcd2ddd51'. The system cannot find the file specified.
   at System.Reflection.RuntimeModule.GetTypes(RuntimeModule module)
   at System.Reflection.RuntimeModule.GetTypes()
   at System.Reflection.Assembly.GetTypes()
   at Microsoft.VisualStudio.TestPlatform.Common.ExtensionFramework.TestPluginDiscoverer.GetTestExtensionsFromAssembly[TPluginInfo,TExtension](Assembly assembly, Dictionary`2 pluginInfos)
System.IO.FileNotFoundException: Could not load file or assembly 'Microsoft.Bcl.AsyncInterfaces, Version=1.0.0.0, Culture=neutral, PublicKeyToken=cc7b13ffcd2ddd51'. The system cannot find the file specified.
File name: 'Microsoft.Bcl.AsyncInterfaces, Version=1.0.0.0, Culture=neutral, PublicKeyToken=cc7b13ffcd2ddd51'
TpTrace Warning: 0 : 5828, 1, 2020/12/01, 16:42:41.653, 10450066720314, vstest.console.dll, LoaderExceptions: System.IO.FileNotFoundException: Could not load file or assembly 'Microsoft.Bcl.AsyncInterfaces, Version=1.0.0.0, Culture=neutral, PublicKeyToken=cc7b13ffcd2ddd51'. The system cannot find the file specified.
File name: 'Microsoft.Bcl.AsyncInterfaces, Version=1.0.0.0, Culture=neutral, PublicKeyToken=cc7b13ffcd2ddd51'
TpTrace Information: 0 : 5828, 1, 2020/12/01, 16:42:41.653, 10450066722183, vstest.console.dll, AssemblyResolver.OnResolve: Microsoft.TestPlatform.Extensions.BlameDataCollector: Resolving assembly.
TpTrace Information: 0 : 5828, 1, 2020/12/01, 16:42:41.655, 10450066736158, vstest.console.dll, AssemblyResolver.OnResolve: Resolved assembly: Microsoft.TestPlatform.Extensions.BlameDataCollector, from path: C:\Program Files\dotnet\sdk\5.0.100\Extensions\Microsoft.TestPlatform.Extensions.BlameDataCollector.dll
TpTrace Information: 0 : 5828, 1, 2020/12/01, 16:42:41.656, 10450066744297, vstest.console.dll, AssemblyResolver.OnResolve: Microsoft.TestPlatform.Extensions.EventLogCollector: Resolving assembly.
TpTrace Information: 0 : 5828, 1, 2020/12/01, 16:42:41.657, 10450066756577, vstest.console.dll, AssemblyResolver.OnResolve: Resolved assembly: Microsoft.TestPlatform.Extensions.EventLogCollector, from path: C:\Program Files\dotnet\sdk\5.0.100\Extensions\Microsoft.TestPlatform.Extensions.EventLogCollector.dll
TpTrace Information: 0 : 5828, 1, 2020/12/01, 16:42:41.659, 10450066781486, vstest.console.dll, AssemblyResolver.OnResolve: Microsoft.TestPlatform.TestHostRuntimeProvider: Resolving assembly.
TpTrace Information: 0 : 5828, 1, 2020/12/01, 16:42:41.661, 10450066794406, vstest.console.dll, AssemblyResolver.OnResolve: Resolved assembly: Microsoft.TestPlatform.TestHostRuntimeProvider, from path: C:\Program Files\dotnet\sdk\5.0.100\Extensions\Microsoft.TestPlatform.TestHostRuntimeProvider.dll
TpTrace Information: 0 : 5828, 1, 2020/12/01, 16:42:41.663, 10450066820900, vstest.console.dll, AssemblyResolver.OnResolve: Microsoft.VisualStudio.TestPlatform.Extensions.Html.TestLogger: Resolving assembly.
TpTrace Information: 0 : 5828, 1, 2020/12/01, 16:42:41.665, 10450066836715, vstest.console.dll, AssemblyResolver.OnResolve: Resolved assembly: Microsoft.VisualStudio.TestPlatform.Extensions.Html.TestLogger, from path: C:\Program Files\dotnet\sdk\5.0.100\Extensions\Microsoft.VisualStudio.TestPlatform.Extensions.Html.TestLogger.dll
TpTrace Information: 0 : 5828, 1, 2020/12/01, 16:42:41.665, 10450066840881, vstest.console.dll, AssemblyResolver.OnResolve: Microsoft.VisualStudio.TestPlatform.Extensions.Trx.TestLogger: Resolving assembly.
TpTrace Information: 0 : 5828, 1, 2020/12/01, 16:42:41.667, 10450066854952, vstest.console.dll, AssemblyResolver.OnResolve: Resolved assembly: Microsoft.VisualStudio.TestPlatform.Extensions.Trx.TestLogger, from path: C:\Program Files\dotnet\sdk\5.0.100\Extensions\Microsoft.VisualStudio.TestPlatform.Extensions.Trx.TestLogger.dll
TpTrace Verbose: 0 : 5828, 1, 2020/12/01, 16:42:41.668, 10450066871793, vstest.console.dll, TestPluginCache: Discovered the extensions using extension path ''.
TpTrace Verbose: 0 : 5828, 1, 2020/12/01, 16:42:41.669, 10450066873052, vstest.console.dll, TestPluginCache: Discoverers are ''.
TpTrace Verbose: 0 : 5828, 1, 2020/12/01, 16:42:41.669, 10450066873867, vstest.console.dll, TestPluginCache: Executors are ''.
TpTrace Verbose: 0 : 5828, 1, 2020/12/01, 16:42:41.669, 10450066874610, vstest.console.dll, TestPluginCache: Executors2 are ''.
TpTrace Verbose: 0 : 5828, 1, 2020/12/01, 16:42:41.669, 10450066875316, vstest.console.dll, TestPluginCache: Setting providers are ''.
TpTrace Verbose: 0 : 5828, 1, 2020/12/01, 16:42:41.669, 10450066875988, vstest.console.dll, TestPluginCache: Loggers are ''.
TpTrace Information: 0 : 5828, 1, 2020/12/01, 16:42:41.676, 10450066944572, vstest.console.dll, RunTestsArgumentProcessor:Execute: Test run is starting.
TpTrace Verbose: 0 : 5828, 1, 2020/12/01, 16:42:41.676, 10450066946535, vstest.console.dll, RunTestsArgumentProcessor:Execute: Queuing Test run.
TpTrace Information: 0 : 5828, 1, 2020/12/01, 16:42:41.676, 10450066951176, vstest.console.dll, TestRequestManager.RunTests: run tests started.
TpTrace Information: 0 : 5828, 1, 2020/12/01, 16:42:41.681, 10450066999002, vstest.console.dll, AssemblyMetadataProvider.GetFrameWork: Determined framework:'.NETCoreApp,Version=v3.1' for source: 'C:\Users\Muhamed\source\repos\VVS-Zadaca2-GrupaRS3-EMM\Tinder.ba\NasiUnitTestovi\bin\Release\fine-code-coverage\NasiUnitTestovi.dll'
TpTrace Information: 0 : 5828, 1, 2020/12/01, 16:42:41.681, 10450067002140, vstest.console.dll, Determined framework for all sources: .NETCoreApp,Version=v3.1
TpTrace Information: 0 : 5828, 1, 2020/12/01, 16:42:41.682, 10450067008739, vstest.console.dll, AssemblyMetadataProvider.GetArchitecture: Determined architecture:AnyCPU info for assembly: C:\Users\Muhamed\source\repos\VVS-Zadaca2-GrupaRS3-EMM\Tinder.ba\NasiUnitTestovi\bin\Release\fine-code-coverage\NasiUnitTestovi.dll
TpTrace Information: 0 : 5828, 1, 2020/12/01, 16:42:41.685, 10450067035522, vstest.console.dll, Determined platform for all sources: X64
TpTrace Information: 0 : 5828, 1, 2020/12/01, 16:42:41.688, 10450067071906, vstest.console.dll, Compatible sources list : 
TpTrace Information: 0 : 5828, 1, 2020/12/01, 16:42:41.689, 10450067073432, vstest.console.dll, C:\Users\Muhamed\source\repos\VVS-Zadaca2-GrupaRS3-EMM\Tinder.ba\NasiUnitTestovi\bin\Release\fine-code-coverage\NasiUnitTestovi.dll
TpTrace Information: 0 : 5828, 1, 2020/12/01, 16:42:41.691, 10450067094488, vstest.console.dll, InferRunSettingsHelper.IsTestSettingsEnabled: Unable to navigate to RunSettings/MSTest. Current node: RunSettings
TpTrace Information: 0 : 5828, 1, 2020/12/01, 16:42:41.692, 10450067104445, vstest.console.dll, AssemblyResolver.OnResolve: Microsoft.VisualStudio.TestPlatform.Fakes: Resolving assembly.
TpTrace Information: 0 : 5828, 1, 2020/12/01, 16:42:41.692, 10450067107136, vstest.console.dll, AssemblyResolver.OnResolve: Microsoft.VisualStudio.TestPlatform.Fakes: Failed to load assembly.
TpTrace Information: 0 : 5828, 1, 2020/12/01, 16:42:41.692, 10450067112368, vstest.console.dll, Failed to create newly implemented Fakes Configurator. Reason:System.IO.FileNotFoundException: Could not load file or assembly 'Microsoft.VisualStudio.TestPlatform.Fakes, Version=16.0.0.0, Culture=neutral, PublicKeyToken=null'. The system cannot find the file specified.
File name: 'Microsoft.VisualStudio.TestPlatform.Fakes, Version=16.0.0.0, Culture=neutral, PublicKeyToken=null'
   at System.Reflection.RuntimeAssembly.InternalLoad(ObjectHandleOnStack assemblyName, ObjectHandleOnStack requestingAssembly, StackCrawlMarkHandle stackMark, Boolean throwOnFileNotFound, ObjectHandleOnStack assemblyLoadContext, ObjectHandleOnStack retAssembly)
   at System.Reflection.RuntimeAssembly.InternalLoad(AssemblyName assemblyName, RuntimeAssembly requestingAssembly, StackCrawlMark& stackMark, Boolean throwOnFileNotFound, AssemblyLoadContext assemblyLoadContext)
   at System.Reflection.Assembly.Load(String assemblyString)
   at Microsoft.VisualStudio.TestPlatform.Common.Utilities.FakesUtilities.TryGetFakesCrossPlatformDataCollectorConfigurator() 
TpTrace Verbose: 0 : 5828, 1, 2020/12/01, 16:42:41.698, 10450067163796, vstest.console.dll, TestPluginCache.DiscoverTestExtensions: finding test extensions in assemblies ends with: TestLogger.dll TPluginInfo: Microsoft.VisualStudio.TestPlatform.Common.ExtensionFramework.Utilities.TestLoggerPluginInformation TExtension: Microsoft.VisualStudio.TestPlatform.ObjectModel.Client.ITestLogger
TpTrace Verbose: 0 : 5828, 1, 2020/12/01, 16:42:41.698, 10450067166625, vstest.console.dll, TestPluginCache.GetExtensionPaths: Filtered extension paths: 
TpTrace Verbose: 0 : 5828, 1, 2020/12/01, 16:42:41.698, 10450067167988, vstest.console.dll, TestPluginCache.GetExtensionPaths: Added default extension paths: C:\Program Files\dotnet\sdk\5.0.100\Extensions\Microsoft.Diagnostics.NETCore.Client.dll
C:\Program Files\dotnet\sdk\5.0.100\Extensions\Microsoft.TestPlatform.Extensions.BlameDataCollector.dll
C:\Program Files\dotnet\sdk\5.0.100\Extensions\Microsoft.TestPlatform.Extensions.EventLogCollector.dll
C:\Program Files\dotnet\sdk\5.0.100\Extensions\Microsoft.TestPlatform.TestHostRuntimeProvider.dll
C:\Program Files\dotnet\sdk\5.0.100\Extensions\Microsoft.VisualStudio.TestPlatform.Extensions.Html.TestLogger.dll
C:\Program Files\dotnet\sdk\5.0.100\Extensions\Microsoft.VisualStudio.TestPlatform.Extensions.Trx.TestLogger.dll
TpTrace Verbose: 0 : 5828, 1, 2020/12/01, 16:42:41.698, 10450067169281, vstest.console.dll, TestPluginCache.GetExtensionPaths: Added unfilterableExtensionPaths: 
TpTrace Information: 0 : 5828, 1, 2020/12/01, 16:42:41.698, 10450067172156, vstest.console.dll, AssemblyResolver.AddSearchDirectories: Adding more searchDirectories C:\Program Files\dotnet\sdk\5.0.100\Extensions,C:\Program Files\dotnet\sdk\5.0.100
TpTrace Verbose: 0 : 5828, 1, 2020/12/01, 16:42:41.699, 10450067173623, vstest.console.dll, TestPluginCache.DiscoverTestExtensions: Discovering the extensions using extension path.
TpTrace Verbose: 0 : 5828, 1, 2020/12/01, 16:42:41.699, 10450067174771, vstest.console.dll, TestPluginCache.GetExtensionPaths: Filtered extension paths: 
TpTrace Verbose: 0 : 5828, 1, 2020/12/01, 16:42:41.699, 10450067175932, vstest.console.dll, TestPluginCache.GetExtensionPaths: Added default extension paths: C:\Program Files\dotnet\sdk\5.0.100\Extensions\Microsoft.Diagnostics.NETCore.Client.dll
C:\Program Files\dotnet\sdk\5.0.100\Extensions\Microsoft.TestPlatform.Extensions.BlameDataCollector.dll
C:\Program Files\dotnet\sdk\5.0.100\Extensions\Microsoft.TestPlatform.Extensions.EventLogCollector.dll
C:\Program Files\dotnet\sdk\5.0.100\Extensions\Microsoft.TestPlatform.TestHostRuntimeProvider.dll
C:\Program Files\dotnet\sdk\5.0.100\Extensions\Microsoft.VisualStudio.TestPlatform.Extensions.Html.TestLogger.dll
C:\Program Files\dotnet\sdk\5.0.100\Extensions\Microsoft.VisualStudio.TestPlatform.Extensions.Trx.TestLogger.dll
TpTrace Verbose: 0 : 5828, 1, 2020/12/01, 16:42:41.699, 10450067177211, vstest.console.dll, TestPluginCache.GetExtensionPaths: Added unfilterableExtensionPaths: 
TpTrace Verbose: 0 : 5828, 1, 2020/12/01, 16:42:41.699, 10450067178456, vstest.console.dll, TestPluginCache.DiscoverTestExtensions: Discovering the extensions using allExtensionPaths: C:\Program Files\dotnet\sdk\5.0.100\Extensions\Microsoft.Diagnostics.NETCore.Client.dll
C:\Program Files\dotnet\sdk\5.0.100\Extensions\Microsoft.TestPlatform.Extensions.BlameDataCollector.dll
C:\Program Files\dotnet\sdk\5.0.100\Extensions\Microsoft.TestPlatform.Extensions.EventLogCollector.dll
C:\Program Files\dotnet\sdk\5.0.100\Extensions\Microsoft.TestPlatform.TestHostRuntimeProvider.dll
C:\Program Files\dotnet\sdk\5.0.100\Extensions\Microsoft.VisualStudio.TestPlatform.Extensions.Html.TestLogger.dll
C:\Program Files\dotnet\sdk\5.0.100\Extensions\Microsoft.VisualStudio.TestPlatform.Extensions.Trx.TestLogger.dll
TpTrace Information: 0 : 5828, 1, 2020/12/01, 16:42:41.699, 10450067180060, vstest.console.dll, AssemblyResolver.AddSearchDirectories: Adding more searchDirectories C:\Program Files\dotnet\sdk\5.0.100\Extensions,C:\Program Files\dotnet\sdk\5.0.100
TpTrace Information: 0 : 5828, 1, 2020/12/01, 16:42:41.699, 10450067181518, vstest.console.dll, AssemblyResolver.AddSearchDirectories: Adding more searchDirectories C:\Program Files\dotnet\sdk\5.0.100\Extensions,C:\Program Files\dotnet\sdk\5.0.100
TpTrace Information: 0 : 5828, 1, 2020/12/01, 16:42:41.700, 10450067182964, vstest.console.dll, AssemblyResolver.AddSearchDirectories: Adding more searchDirectories C:\Program Files\dotnet\sdk\5.0.100\Extensions,C:\Program Files\dotnet\sdk\5.0.100
TpTrace Information: 0 : 5828, 1, 2020/12/01, 16:42:41.700, 10450067184465, vstest.console.dll, AssemblyResolver.AddSearchDirectories: Adding more searchDirectories C:\Program Files\dotnet\sdk\5.0.100\Extensions,C:\Program Files\dotnet\sdk\5.0.100
TpTrace Information: 0 : 5828, 1, 2020/12/01, 16:42:41.700, 10450067185808, vstest.console.dll, AssemblyResolver.AddSearchDirectories: Adding more searchDirectories C:\Program Files\dotnet\sdk\5.0.100\Extensions,C:\Program Files\dotnet\sdk\5.0.100
TpTrace Information: 0 : 5828, 1, 2020/12/01, 16:42:41.700, 10450067187099, vstest.console.dll, AssemblyResolver.AddSearchDirectories: Adding more searchDirectories C:\Program Files\dotnet\sdk\5.0.100\Extensions,C:\Program Files\dotnet\sdk\5.0.100
TpTrace Information: 0 : 5828, 1, 2020/12/01, 16:42:41.700, 10450067190807, vstest.console.dll, AssemblyResolver.OnResolve: Microsoft.Bcl.AsyncInterfaces: Resolving assembly.
TpTrace Information: 0 : 5828, 1, 2020/12/01, 16:42:41.700, 10450067192072, vstest.console.dll, AssemblyResolver.OnResolve: Microsoft.Bcl.AsyncInterfaces: Resolved from cache.
TpTrace Verbose: 0 : 5828, 1, 2020/12/01, 16:42:41.701, 10450067193443, vstest.console.dll, CurrentDomain_AssemblyResolve: Resolving assembly 'Microsoft.Bcl.AsyncInterfaces'.
TpTrace Information: 0 : 5828, 1, 2020/12/01, 16:42:41.701, 10450067196151, vstest.console.dll, AssemblyResolver.OnResolve: Microsoft.Bcl.AsyncInterfaces: Resolving assembly.
TpTrace Information: 0 : 5828, 1, 2020/12/01, 16:42:41.701, 10450067197035, vstest.console.dll, AssemblyResolver.OnResolve: Microsoft.Bcl.AsyncInterfaces: Resolved from cache.
TpTrace Verbose: 0 : 5828, 1, 2020/12/01, 16:42:41.701, 10450067198011, vstest.console.dll, CurrentDomain_AssemblyResolve: Resolving assembly 'Microsoft.Bcl.AsyncInterfaces'.
TpTrace Verbose: 0 : 5828, 1, 2020/12/01, 16:42:41.701, 10450067198719, vstest.console.dll, CurrentDomainAssemblyResolve: Failed to resolve assembly 'Microsoft.Bcl.AsyncInterfaces'.
TpTrace Verbose: 0 : 5828, 1, 2020/12/01, 16:42:41.701, 10450067201611, vstest.console.dll, CurrentDomainAssemblyResolve: Failed to resolve assembly 'Microsoft.Bcl.AsyncInterfaces'.
TpTrace Warning: 0 : 5828, 1, 2020/12/01, 16:42:41.702, 10450067206725, vstest.console.dll, TestPluginDiscoverer: Failed to get types from assembly 'Microsoft.Diagnostics.NETCore.Client, Version=0.2.2.41902, Culture=neutral, PublicKeyToken=31bf3856ad364e35'.  Skipping test extension scan for this assembly.  Error: System.Reflection.ReflectionTypeLoadException: Unable to load one or more of the requested types.
Could not load file or assembly 'Microsoft.Bcl.AsyncInterfaces, Version=1.0.0.0, Culture=neutral, PublicKeyToken=cc7b13ffcd2ddd51'. The system cannot find the file specified.
   at System.Reflection.RuntimeModule.GetTypes(RuntimeModule module)
   at System.Reflection.RuntimeModule.GetTypes()
   at System.Reflection.Assembly.GetTypes()
   at Microsoft.VisualStudio.TestPlatform.Common.ExtensionFramework.TestPluginDiscoverer.GetTestExtensionsFromAssembly[TPluginInfo,TExtension](Assembly assembly, Dictionary`2 pluginInfos)
System.IO.FileNotFoundException: Could not load file or assembly 'Microsoft.Bcl.AsyncInterfaces, Version=1.0.0.0, Culture=neutral, PublicKeyToken=cc7b13ffcd2ddd51'. The system cannot find the file specified.
File name: 'Microsoft.Bcl.AsyncInterfaces, Version=1.0.0.0, Culture=neutral, PublicKeyToken=cc7b13ffcd2ddd51'
TpTrace Warning: 0 : 5828, 1, 2020/12/01, 16:42:41.702, 10450067207728, vstest.console.dll, LoaderExceptions: System.IO.FileNotFoundException: Could not load file or assembly 'Microsoft.Bcl.AsyncInterfaces, Version=1.0.0.0, Culture=neutral, PublicKeyToken=cc7b13ffcd2ddd51'. The system cannot find the file specified.
File name: 'Microsoft.Bcl.AsyncInterfaces, Version=1.0.0.0, Culture=neutral, PublicKeyToken=cc7b13ffcd2ddd51'
TpTrace Verbose: 0 : 5828, 1, 2020/12/01, 16:42:41.703, 10450067213837, vstest.console.dll, TestPluginCache: Discovered the extensions using extension path ''.
TpTrace Verbose: 0 : 5828, 1, 2020/12/01, 16:42:41.703, 10450067214996, vstest.console.dll, TestPluginCache: Discoverers are ''.
TpTrace Verbose: 0 : 5828, 1, 2020/12/01, 16:42:41.703, 10450067215695, vstest.console.dll, TestPluginCache: Executors are ''.
TpTrace Verbose: 0 : 5828, 1, 2020/12/01, 16:42:41.703, 10450067216374, vstest.console.dll, TestPluginCache: Executors2 are ''.
TpTrace Verbose: 0 : 5828, 1, 2020/12/01, 16:42:41.703, 10450067217029, vstest.console.dll, TestPluginCache: Setting providers are ''.
TpTrace Verbose: 0 : 5828, 1, 2020/12/01, 16:42:41.703, 10450067218320, vstest.console.dll, TestPluginCache: Loggers are 'logger://Microsoft/TestPlatform/Extensions/Blame/v1,logger://Microsoft/TestPlatform/HtmlLogger/v1,logger://Microsoft/TestPlatform/TrxLogger/v1'.
TpTrace Information: 0 : 5828, 1, 2020/12/01, 16:42:41.704, 10450067227207, vstest.console.dll, TestPluginManager.CreateTestExtension: Attempting to load test extension: Microsoft.TestPlatform.Extensions.BlameDataCollector.BlameLogger
TpTrace Information: 0 : 5828, 1, 2020/12/01, 16:42:41.721, 10450067402616, vstest.console.dll, TestPluginManager.CreateTestExtension: Attempting to load test extension: Microsoft.VisualStudio.TestPlatform.CrossPlatEngine.Hosting.DefaultTestHostManager
TpTrace Information: 0 : 5828, 1, 2020/12/01, 16:42:41.722, 10450067408413, vstest.console.dll, TestPluginManager.CreateTestExtension: Attempting to load test extension: Microsoft.VisualStudio.TestPlatform.CrossPlatEngine.Hosting.DotnetTestHostManager
TpTrace Verbose: 0 : 5828, 1, 2020/12/01, 16:42:41.723, 10450067415023, vstest.console.dll, TestEngine: Initializing Parallel Execution as MaxCpuCount is set to: 1
TpTrace Information: 0 : 5828, 1, 2020/12/01, 16:42:41.723, 10450067422736, vstest.console.dll, InferRunSettingsHelper.IsTestSettingsEnabled: Unable to navigate to RunSettings/MSTest. Current node: RunSettings
TpTrace Verbose: 0 : 5828, 1, 2020/12/01, 16:42:41.756, 10450067750928, vstest.console.dll, TestRequestSender is acting as server
TpTrace Verbose: 0 : 5828, 4, 2020/12/01, 16:42:41.766, 10450067851943, vstest.console.dll, DataCollectionRequestSender.InitializeCommunication : Initialize communication. 
TpTrace Information: 0 : 5828, 4, 2020/12/01, 16:42:41.792, 10450068104386, vstest.console.dll, Listening on Endpoint : 127.0.0.1:58649
TpTrace Verbose: 0 : 5828, 4, 2020/12/01, 16:42:41.811, 10450068296726, vstest.console.dll, DotnetDataCollectionLauncher: Full path of dotnet.exe is C:\Program Files\dotnet\dotnet.exe
TpTrace Verbose: 0 : 5828, 4, 2020/12/01, 16:42:41.811, 10450068300806, vstest.console.dll, DotnetDataCollectionLauncher: Adding  --runtimeconfig "C:\Program Files\dotnet\sdk\5.0.100\datacollector.runtimeconfig.json" in args
TpTrace Verbose: 0 : 5828, 4, 2020/12/01, 16:42:41.811, 10450068302601, vstest.console.dll, DotnetDataCollectionLauncher: Adding  --depsfile "C:\Program Files\dotnet\sdk\5.0.100\datacollector.deps.json" in args
TpTrace Information: 0 : 5828, 4, 2020/12/01, 16:42:41.833, 10450068513493, vstest.console.dll, ProxyDataCollectionManager.Initialize: Launched datacollector processId: 12736 port: 58649
TpTrace Information: 0 : 5828, 4, 2020/12/01, 16:42:41.833, 10450068516682, vstest.console.dll, ProxyDataCollectionManager.Initialize: waiting for connection with timeout: 90 seconds
TpTrace Verbose: 0 : 5828, 4, 2020/12/01, 16:42:41.833, 10450068518498, vstest.console.dll, DataCollectionRequestSender.WaitForRequestHandlerConnection : Waiting for connection with timeout: 90000
TpTrace Information: 0 : 5828, 7, 2020/12/01, 16:42:42.079, 10450070976645, vstest.console.dll, Using the buffer size of 16384 bytes
TpTrace Verbose: 0 : 5828, 4, 2020/12/01, 16:42:42.079, 10450070977348, vstest.console.dll, ProxyDataCollectionManager.InvokeDataCollectionServiceAction: Starting.
TpTrace Information: 0 : 5828, 7, 2020/12/01, 16:42:42.079, 10450070978841, vstest.console.dll, Accepted Client request and set the flag
TpTrace Information: 0 : 5828, 4, 2020/12/01, 16:42:42.079, 10450070981155, vstest.console.dll, ProxyDataCollectionManager.BeforeTestRunStart: Get environment variable and port for datacollector processId: 12736 port: 58649
TpTrace Verbose: 0 : 5828, 4, 2020/12/01, 16:42:42.080, 10450070984048, vstest.console.dll, DataCollectionRequestSender.SendBeforeTestRunStartAndGetResult : Send BeforeTestRunStart message with settingsXml <RunSettings><RunConfiguration><ResultsDirectory>C:\Users\Muhamed\source\repos\VVS-Zadaca2-GrupaRS3-EMM\Tinder.ba\NasiUnitTestovi\bin\Release\fine-code-coverage\_outputfolder</ResultsDirectory><TargetPlatform>X64</TargetPlatform><TargetFrameworkVersion>.NETCoreApp,Version=v3.1</TargetFrameworkVersion><DesignMode>False</DesignMode><CollectSourceInformation>False</CollectSourceInformation><TestAdaptersPaths>C:\Program Files\dotnet\sdk\5.0.100\Extensions</TestAdaptersPaths></RunConfiguration><LoggerRunSettings><Loggers><Logger friendlyName="blame" enabled="True" /><Logger friendlyName="Console" uri="logger://microsoft/TestPlatform/ConsoleLogger/v1" assemblyQualifiedName="Microsoft.VisualStudio.TestPlatform.CommandLine.Internal.ConsoleLogger, vstest.console, Version=15.0.0.0, Culture=neutral, PublicKeyToken=b03f5f7f11d50a3a" codeBase="C:\Program Files\dotnet\sdk\5.0.100\vstest.console.dll" enabled="True" /></Loggers></LoggerRunSettings><DataCollectionRunSettings><DataCollectors><DataCollector friendlyName="blame" enabled="True"><Configuration><ResultsDirectory>C:\Users\Muhamed\source\repos\VVS-Zadaca2-GrupaRS3-EMM\Tinder.ba\NasiUnitTestovi\bin\Release\fine-code-coverage\_outputfolder</ResultsDirectory></Configuration></DataCollector></DataCollectors></DataCollectionRunSettings></RunSettings> and sources System.Linq.Enumerable+Concat2Iterator`1[System.String]: 
TpTrace Verbose: 0 : 5828, 4, 2020/12/01, 16:42:42.222, 10450072405591, vstest.console.dll, DataCollectionRequestSender.SendBeforeTestRunStartAndGetResult : Received message: (DataCollection.SendMessage) -> {
  "FriendlyName": null,
  "Uri": null,
  "TestCaseId": "00000000-0000-0000-0000-000000000000",
  "Message": "Logging DataCollector Diagnostics in file: C:\\Users\\Muhamed\\source\\repos\\VVS-Zadaca2-GrupaRS3-EMM\\Tinder.ba\\NasiUnitTestovi\\bin\\Release\\fine-code-coverage\\_outputfolder\\diagnostics.datacollector.20-12-01_16-42-41_80411_4.log",
  "Level": 0
}
TpTrace Verbose: 0 : 5828, 4, 2020/12/01, 16:42:42.301, 10450073197611, vstest.console.dll, DataCollectionRequestSender.SendBeforeTestRunStartAndGetResult : Received message: (DataCollection.BeforeTestRunStartResult) -> {
  "EnvironmentVariables": {},
  "DataCollectionEventsPort": 58652
}
TpTrace Information: 0 : 5828, 4, 2020/12/01, 16:42:42.305, 10450073240931, vstest.console.dll, ProxyDataCollectionManager.BeforeTestRunStart: SendBeforeTestRunStartAndGetResult successful, env variable from datacollector:   and testhost port: 58652
TpTrace Information: 0 : 5828, 4, 2020/12/01, 16:42:42.305, 10450073242607, vstest.console.dll, ProxyDataCollectionManager.InvokeDataCollectionServiceAction: Completed.
TpTrace Verbose: 0 : 5828, 1, 2020/12/01, 16:42:42.306, 10450073244669, vstest.console.dll, TestRunRequest.ExecuteAsync: Creating test run request.
TpTrace Verbose: 0 : 5828, 1, 2020/12/01, 16:42:42.306, 10450073248265, vstest.console.dll, TestRunRequest.ExecuteAsync: Starting.
TpTrace Information: 0 : 5828, 1, 2020/12/01, 16:42:42.306, 10450073252215, vstest.console.dll, TestRunRequest.ExecuteAsync: Starting run with settings:TestRunCriteria:
   KeepAlive=False,FrequencyOfRunStatsChangeEvent=10,RunStatsChangeEventTimeout=00:00:01.5000000,TestCaseFilter=,TestExecutorLauncher=
   Settingsxml=<RunSettings>
  <RunConfiguration>
    <ResultsDirectory>C:\Users\Muhamed\source\repos\VVS-Zadaca2-GrupaRS3-EMM\Tinder.ba\NasiUnitTestovi\bin\Release\fine-code-coverage\_outputfolder</ResultsDirectory>
    <TargetPlatform>X64</TargetPlatform>
    <TargetFrameworkVersion>.NETCoreApp,Version=v3.1</TargetFrameworkVersion>
    <DesignMode>False</DesignMode>
    <CollectSourceInformation>False</CollectSourceInformation>
  </RunConfiguration>
  <LoggerRunSettings>
    <Loggers>
      <Logger friendlyName="blame" enabled="True" />
      <Logger friendlyName="Console" uri="logger://microsoft/TestPlatform/ConsoleLogger/v1" assemblyQualifiedName="Microsoft.VisualStudio.TestPlatform.CommandLine.Internal.ConsoleLogger, vstest.console, Version=15.0.0.0, Culture=neutral, PublicKeyToken=b03f5f7f11d50a3a" codeBase="C:\Program Files\dotnet\sdk\5.0.100\vstest.console.dll" enabled="True" />
    </Loggers>
  </LoggerRunSettings>
  <DataCollectionRunSettings>
    <DataCollectors>
      <DataCollector friendlyName="blame" enabled="True">
        <Configuration>
          <ResultsDirectory>C:\Users\Muhamed\source\repos\VVS-Zadaca2-GrupaRS3-EMM\Tinder.ba\NasiUnitTestovi\bin\Release\fine-code-coverage\_outputfolder</ResultsDirectory>
        </Configuration>
      </DataCollector>
    </DataCollectors>
  </DataCollectionRunSettings>
</RunSettings>

TpTrace Verbose: 0 : 5828, 1, 2020/12/01, 16:42:42.307, 10450073253997, vstest.console.dll, TestRunRequest.ExecuteAsync: Wait for the first run request is over.
TpTrace Verbose: 0 : 5828, 1, 2020/12/01, 16:42:42.307, 10450073259629, vstest.console.dll, ParallelProxyExecutionManager: Start execution. Total sources: 1
TpTrace Information: 0 : 5828, 1, 2020/12/01, 16:42:42.308, 10450073269509, vstest.console.dll, ProxyParallelExecutionManager: Triggering test run for next source: C:\Users\Muhamed\source\repos\VVS-Zadaca2-GrupaRS3-EMM\Tinder.ba\NasiUnitTestovi\bin\Release\fine-code-coverage\NasiUnitTestovi.dll
TpTrace Verbose: 0 : 5828, 4, 2020/12/01, 16:42:42.308, 10450073272589, vstest.console.dll, ParallelProxyExecutionManager: Execution started. Started clients: 1
TpTrace Verbose: 0 : 5828, 1, 2020/12/01, 16:42:42.309, 10450073273197, vstest.console.dll, ProxyParallelExecutionManager: No sources available for execution.
TpTrace Information: 0 : 5828, 1, 2020/12/01, 16:42:42.309, 10450073275388, vstest.console.dll, TestRunRequest.ExecuteAsync: Started.
TpTrace Verbose: 0 : 5828, 1, 2020/12/01, 16:42:42.309, 10450073276761, vstest.console.dll, TestRunRequest.WaitForCompletion: Waiting with timeout -1.
TpTrace Verbose: 0 : 5828, 4, 2020/12/01, 16:42:42.309, 10450073278419, vstest.console.dll, TestRunRequest:SendTestRunMessage: Starting.
TpTrace Information: 0 : 5828, 4, 2020/12/01, 16:42:42.309, 10450073280775, vstest.console.dll, TestRunRequest:SendTestRunMessage: Completed.
TpTrace Verbose: 0 : 5828, 4, 2020/12/01, 16:42:42.310, 10450073284440, vstest.console.dll, ProxyExecutionManager: Test host is always Lazy initialize.
TpTrace Verbose: 0 : 5828, 4, 2020/12/01, 16:42:42.310, 10450073289004, vstest.console.dll, TestRequestSender.InitializeCommunication: initialize communication. 
TpTrace Information: 0 : 5828, 4, 2020/12/01, 16:42:42.311, 10450073298149, vstest.console.dll, SocketServer.Start: Listening on endpoint : 127.0.0.1:58653
TpTrace Verbose: 0 : 5828, 4, 2020/12/01, 16:42:42.313, 10450073314909, vstest.console.dll, DotnetTestHostmanager: Adding  --runtimeconfig "C:\Users\Muhamed\source\repos\VVS-Zadaca2-GrupaRS3-EMM\Tinder.ba\NasiUnitTestovi\bin\Release\fine-code-coverage\NasiUnitTestovi.runtimeconfig.json" in args
TpTrace Verbose: 0 : 5828, 4, 2020/12/01, 16:42:42.313, 10450073317377, vstest.console.dll, DotnetTestHostmanager: Adding  --depsfile "C:\Users\Muhamed\source\repos\VVS-Zadaca2-GrupaRS3-EMM\Tinder.ba\NasiUnitTestovi\bin\Release\fine-code-coverage\NasiUnitTestovi.deps.json" in args
TpTrace Verbose: 0 : 5828, 4, 2020/12/01, 16:42:42.313, 10450073321597, vstest.console.dll, DotnetTestHostManager: Testhost.exe/testhost.x86.exe found at path: C:\Users\Muhamed\source\repos\VVS-Zadaca2-GrupaRS3-EMM\Tinder.ba\NasiUnitTestovi\bin\Release\fine-code-coverage\testhost.exe
TpTrace Verbose: 0 : 5828, 4, 2020/12/01, 16:42:42.314, 10450073323071, vstest.console.dll, DotnetTestHostmanager: Full path of host exe is C:\Users\Muhamed\source\repos\VVS-Zadaca2-GrupaRS3-EMM\Tinder.ba\NasiUnitTestovi\bin\Release\fine-code-coverage\testhost.exe
TpTrace Verbose: 0 : 5828, 10, 2020/12/01, 16:42:42.315, 10450073335588, vstest.console.dll, DotnetTestHostManager: Starting process 'C:\Users\Muhamed\source\repos\VVS-Zadaca2-GrupaRS3-EMM\Tinder.ba\NasiUnitTestovi\bin\Release\fine-code-coverage\testhost.exe' with command line ' --runtimeconfig "C:\Users\Muhamed\source\repos\VVS-Zadaca2-GrupaRS3-EMM\Tinder.ba\NasiUnitTestovi\bin\Release\fine-code-coverage\NasiUnitTestovi.runtimeconfig.json" --depsfile "C:\Users\Muhamed\source\repos\VVS-Zadaca2-GrupaRS3-EMM\Tinder.ba\NasiUnitTestovi\bin\Release\fine-code-coverage\NasiUnitTestovi.deps.json" --port 58653 --endpoint 127.0.0.1:058653 --role client --parentprocessid 5828 --diag "C:\Users\Muhamed\source\repos\VVS-Zadaca2-GrupaRS3-EMM\Tinder.ba\NasiUnitTestovi\bin\Release\fine-code-coverage\_outputfolder\diagnostics.host.20-12-01_16-42-42_31259_4.log" --tracelevel 4 --datacollectionport 58652 --telemetryoptedin false'
TpTrace Verbose: 0 : 5828, 10, 2020/12/01, 16:42:42.325, 10450073435613, vstest.console.dll, Test Runtime launched
TpTrace Verbose: 0 : 5828, 4, 2020/12/01, 16:42:42.326, 10450073449225, vstest.console.dll, TestRequestSender.WaitForRequestHandlerConnection: waiting for connection with timeout: 90000
TpTrace Verbose: 0 : 5828, 10, 2020/12/01, 16:42:42.581, 10450075993973, vstest.console.dll, SocketServer.OnClientConnected: Client connected for endPoint: 127.0.0.1:58653, starting MessageLoopAsync:
TpTrace Verbose: 0 : 5828, 10, 2020/12/01, 16:42:42.581, 10450075997613, vstest.console.dll, TcpClientExtensions.MessageLoopAsync: Polling on remoteEndPoint: 127.0.0.1:58657 localEndPoint: 127.0.0.1:58653
TpTrace Verbose: 0 : 5828, 10, 2020/12/01, 16:42:42.792, 10450078106893, vstest.console.dll, TcpClientExtensions.MessageLoopAsync: NotifyDataAvailable remoteEndPoint: 127.0.0.1:58657 localEndPoint: 127.0.0.1:58653
TpTrace Verbose: 0 : 5828, 10, 2020/12/01, 16:42:42.792, 10450078111084, vstest.console.dll, TestRequestSender.CheckVersionWithTestHost: onMessageReceived received message: (ProtocolVersion) -> 3
TpTrace Verbose: 0 : 5828, 10, 2020/12/01, 16:42:42.793, 10450078119332, vstest.console.dll, TcpClientExtensions.MessageLoopAsync: Polling on remoteEndPoint: 127.0.0.1:58657 localEndPoint: 127.0.0.1:58653
TpTrace Verbose: 0 : 5828, 4, 2020/12/01, 16:42:42.793, 10450078120717, vstest.console.dll, TestPluginCache.GetExtensionPaths: Filtered extension paths: 
TpTrace Verbose: 0 : 5828, 4, 2020/12/01, 16:42:42.793, 10450078122491, vstest.console.dll, TestPluginCache.GetExtensionPaths: Added default extension paths: C:\Program Files\dotnet\sdk\5.0.100\Extensions\Microsoft.Diagnostics.NETCore.Client.dll
C:\Program Files\dotnet\sdk\5.0.100\Extensions\Microsoft.TestPlatform.Extensions.BlameDataCollector.dll
C:\Program Files\dotnet\sdk\5.0.100\Extensions\Microsoft.TestPlatform.Extensions.EventLogCollector.dll
C:\Program Files\dotnet\sdk\5.0.100\Extensions\Microsoft.TestPlatform.TestHostRuntimeProvider.dll
C:\Program Files\dotnet\sdk\5.0.100\Extensions\Microsoft.VisualStudio.TestPlatform.Extensions.Html.TestLogger.dll
C:\Program Files\dotnet\sdk\5.0.100\Extensions\Microsoft.VisualStudio.TestPlatform.Extensions.Trx.TestLogger.dll
TpTrace Verbose: 0 : 5828, 4, 2020/12/01, 16:42:42.794, 10450078123607, vstest.console.dll, TestPluginCache.GetExtensionPaths: Added unfilterableExtensionPaths: 
TpTrace Verbose: 0 : 5828, 4, 2020/12/01, 16:42:42.799, 10450078175089, vstest.console.dll, TestRequestSender.InitializeExecution: Sending initializing execution with message: {"Version":3,"MessageType":"TestExecution.Initialize","Payload":["C:\\Users\\Muhamed\\source\\repos\\VVS-Zadaca2-GrupaRS3-EMM\\Tinder.ba\\NasiUnitTestovi\\bin\\Release\\fine-code-coverage\\Microsoft.VisualStudio.TestPlatform.MSTest.TestAdapter.dll"]}
TpTrace Verbose: 0 : 5828, 4, 2020/12/01, 16:42:42.814, 10450078325560, vstest.console.dll, TestRequestSender.StartTestRun: Sending test run with message: {"Version":3,"MessageType":"TestExecution.StartWithSources","Payload":{"AdapterSourceMap":{"_none_":["C:\\Users\\Muhamed\\source\\repos\\VVS-Zadaca2-GrupaRS3-EMM\\Tinder.ba\\NasiUnitTestovi\\bin\\Release\\fine-code-coverage\\NasiUnitTestovi.dll"]},"RunSettings":"<RunSettings>\r\n  <RunConfiguration>\r\n    <ResultsDirectory>C:\\Users\\Muhamed\\source\\repos\\VVS-Zadaca2-GrupaRS3-EMM\\Tinder.ba\\NasiUnitTestovi\\bin\\Release\\fine-code-coverage\\_outputfolder</ResultsDirectory>\r\n    <TargetPlatform>X64</TargetPlatform>\r\n    <TargetFrameworkVersion>.NETCoreApp,Version=v3.1</TargetFrameworkVersion>\r\n    <DesignMode>False</DesignMode>\r\n    <CollectSourceInformation>False</CollectSourceInformation>\r\n  </RunConfiguration>\r\n  <LoggerRunSettings>\r\n    <Loggers>\r\n      <Logger friendlyName=\"blame\" enabled=\"True\" />\r\n      <Logger friendlyName=\"Console\" uri=\"logger://microsoft/TestPlatform/ConsoleLogger/v1\" assemblyQualifiedName=\"Microsoft.VisualStudio.TestPlatform.CommandLine.Internal.ConsoleLogger, vstest.console, Version=15.0.0.0, Culture=neutral, PublicKeyToken=b03f5f7f11d50a3a\" codeBase=\"C:\\Program Files\\dotnet\\sdk\\5.0.100\\vstest.console.dll\" enabled=\"True\" />\r\n    </Loggers>\r\n  </LoggerRunSettings>\r\n  <DataCollectionRunSettings>\r\n    <DataCollectors>\r\n      <DataCollector friendlyName=\"blame\" enabled=\"True\">\r\n        <Configuration>\r\n          <ResultsDirectory>C:\\Users\\Muhamed\\source\\repos\\VVS-Zadaca2-GrupaRS3-EMM\\Tinder.ba\\NasiUnitTestovi\\bin\\Release\\fine-code-coverage\\_outputfolder</ResultsDirectory>\r\n        </Configuration>\r\n      </DataCollector>\r\n    </DataCollectors>\r\n  </DataCollectionRunSettings>\r\n</RunSettings>","TestExecutionContext":{"FrequencyOfRunStatsChangeEvent":10,"RunStatsChangeEventTimeout":"00:00:01.5000000","InIsolation":false,"KeepAlive":false,"AreTestCaseLevelEventsRequired":false,"IsDebug":false,"TestCaseFilter":null,"FilterOptions":null},"Package":null}}
TpTrace Verbose: 0 : 5828, 10, 2020/12/01, 16:42:42.818, 10450078365686, vstest.console.dll, TcpClientExtensions.MessageLoopAsync: NotifyDataAvailable remoteEndPoint: 127.0.0.1:58657 localEndPoint: 127.0.0.1:58653
TpTrace Verbose: 0 : 5828, 10, 2020/12/01, 16:42:42.818, 10450078368989, vstest.console.dll, TestRequestSender.OnExecutionMessageReceived: Received message: {"Version":3,"MessageType":"TestSession.Message","Payload":{"MessageLevel":0,"Message":"Logging TestHost Diagnostics in file: C:\\Users\\Muhamed\\source\\repos\\VVS-Zadaca2-GrupaRS3-EMM\\Tinder.ba\\NasiUnitTestovi\\bin\\Release\\fine-code-coverage\\_outputfolder\\diagnostics.host.20-12-01_16-42-42_31259_4.log"}}
TpTrace Verbose: 0 : 5828, 10, 2020/12/01, 16:42:42.821, 10450078398937, vstest.console.dll, TestRunRequest:SendTestRunMessage: Starting.
TpTrace Information: 0 : 5828, 10, 2020/12/01, 16:42:42.821, 10450078401397, vstest.console.dll, TestRunRequest:SendTestRunMessage: Completed.
TpTrace Verbose: 0 : 5828, 10, 2020/12/01, 16:42:42.821, 10450078402573, vstest.console.dll, TcpClientExtensions.MessageLoopAsync: Polling on remoteEndPoint: 127.0.0.1:58657 localEndPoint: 127.0.0.1:58653
TpTrace Verbose: 0 : 5828, 10, 2020/12/01, 16:42:43.349, 10450083680685, vstest.console.dll, TcpClientExtensions.MessageLoopAsync: NotifyDataAvailable remoteEndPoint: 127.0.0.1:58657 localEndPoint: 127.0.0.1:58653
TpTrace Verbose: 0 : 5828, 10, 2020/12/01, 16:42:43.350, 10450083683807, vstest.console.dll, TestRequestSender.OnExecutionMessageReceived: Received message: {"Version":3,"MessageType":"TestExecution.Completed","Payload":{"TestRunCompleteArgs":{"TestRunStatistics":{"ExecutedTests":1,"Stats":{"Passed":1}},"IsCanceled":false,"IsAborted":false,"Error":null,"AttachmentSets":[],"ElapsedTimeInRunningTests":"00:00:00.2717166","Metrics":{}},"LastRunTests":{"NewTestResults":[{"TestCase":{"Properties":[{"Key":{"Id":"TestCase.FullyQualifiedName","Label":"FullyQualifiedName","Category":"","Description":"","Attributes":1,"ValueType":"System.String"},"Value":"NasiUnitTestovi.UnitTest1.TestMethod1"},{"Key":{"Id":"TestCase.ExecutorUri","Label":"Executor Uri","Category":"","Description":"","Attributes":1,"ValueType":"System.Uri"},"Value":"executor://MSTestAdapter/v2"},{"Key":{"Id":"TestCase.Source","Label":"Source","Category":"","Description":"","Attributes":0,"ValueType":"System.String"},"Value":"C:\\Users\\Muhamed\\source\\repos\\VVS-Zadaca2-GrupaRS3-EMM\\Tinder.ba\\NasiUnitTestovi\\bin\\Release\\fine-code-coverage\\NasiUnitTestovi.dll"},{"Key":{"Id":"TestCase.CodeFilePath","Label":"File Path","Category":"","Description":"","Attributes":0,"ValueType":"System.String"},"Value":null},{"Key":{"Id":"TestCase.DisplayName","Label":"Name","Category":"","Description":"","Attributes":0,"ValueType":"System.String"},"Value":"TestMethod1"},{"Key":{"Id":"TestCase.Id","Label":"Id","Category":"","Description":"","Attributes":1,"ValueType":"System.Guid"},"Value":"6813b347-3b1c-83e4-a124-308e9a0ab91b"},{"Key":{"Id":"TestCase.LineNumber","Label":"Line Number","Category":"","Description":"","Attributes":1,"ValueType":"System.Int32"},"Value":-1},{"Key":{"Id":"MSTestDiscoverer.TestClassName","Label":"ClassName","Category":"","Description":"","Attributes":1,"ValueType":"System.String"},"Value":"NasiUnitTestovi.UnitTest1"},{"Key":{"Id":"TestObject.Traits","Label":"Traits","Category":"","Description":"","Attributes":5,"ValueType":"System.Collections.Generic.KeyValuePair`2[[System.String],[System.String]][]"},"Value":[]}]},"Attachments":[],"Messages":[],"Properties":[{"Key":{"Id":"TestResult.Outcome","Label":"Outcome","Category":"","Description":"","Attributes":0,"ValueType":"Microsoft.VisualStudio.TestPlatform.ObjectModel.TestOutcome, Microsoft.VisualStudio.TestPlatform.ObjectModel, Version=15.0.0.0, Culture=neutral, PublicKeyToken=b03f5f7f11d50a3a"},"Value":1},{"Key":{"Id":"TestResult.ErrorMessage","Label":"Error Message","Category":"","Description":"","Attributes":0,"ValueType":"System.String"},"Value":null},{"Key":{"Id":"TestResult.ErrorStackTrace","Label":"Error Stack Trace","Category":"","Description":"","Attributes":0,"ValueType":"System.String"},"Value":null},{"Key":{"Id":"TestResult.DisplayName","Label":"TestResult Display Name","Category":"","Description":"","Attributes":1,"ValueType":"System.String"},"Value":null},{"Key":{"Id":"TestResult.ComputerName","Label":"Computer Name","Category":"","Description":"","Attributes":0,"ValueType":"System.String"},"Value":""},{"Key":{"Id":"TestResult.Duration","Label":"Duration","Category":"","Description":"","Attributes":0,"ValueType":"System.TimeSpan"},"Value":"00:00:00.0112356"},{"Key":{"Id":"TestResult.StartTime","Label":"Start Time","Category":"","Description":"","Attributes":0,"ValueType":"System.DateTimeOffset"},"Value":"2020-12-01T16:42:43.2179395+01:00"},{"Key":{"Id":"TestResult.EndTime","Label":"End Time","Category":"","Description":"","Attributes":0,"ValueType":"System.DateTimeOffset"},"Value":"2020-12-01T16:42:43.281068+01:00"},{"Key":{"Id":"ExecutionId","Label":"ExecutionId","Category":"","Description":"","Attributes":1,"ValueType":"System.Guid"},"Value":"00000000-0000-0000-0000-000000000000"},{"Key":{"Id":"ParentExecId","Label":"ParentExecId","Category":"","Description":"","Attributes":1,"ValueType":"System.Guid"},"Value":"00000000-0000-0000-0000-000000000000"},{"Key":{"Id":"InnerResultsCount","Label":"InnerResultsCount","Category":"","Description":"","Attributes":1,"ValueType":"System.Int32"},"Value":0}]}],"TestRunStatistics":{"ExecutedTests":1,"Stats":{"Passed":1}},"ActiveTests":[]},"RunAttachments":[],"ExecutorUris":["executor://mstestadapter/v2"]}}
TpTrace Verbose: 0 : 5828, 10, 2020/12/01, 16:42:43.352, 10450083709584, vstest.console.dll, TestRequestSender.EndSession: Sending end session.
TpTrace Verbose: 0 : 5828, 10, 2020/12/01, 16:42:43.352, 10450083711732, vstest.console.dll, ProxyOperationManager.Close: waiting for test host to exit for 100 ms
TpTrace Warning: 0 : 5828, 6, 2020/12/01, 16:42:43.393, 10450084119879, vstest.console.dll, TestHostManagerCallbacks.ErrorReceivedCallback Test host standard error line: 
TpTrace Verbose: 0 : 5828, 7, 2020/12/01, 16:42:43.404, 10450084225626, vstest.console.dll, TestHostProvider.ExitCallBack: Host exited starting callback.
TpTrace Information: 0 : 5828, 7, 2020/12/01, 16:42:43.404, 10450084231359, vstest.console.dll, TestHostManagerCallbacks.ExitCallBack: Testhost processId: 17872 exited with exitcode: 0 error: ''
TpTrace Verbose: 0 : 5828, 7, 2020/12/01, 16:42:43.404, 10450084232329, vstest.console.dll, DotnetTestHostManager.OnHostExited: invoking OnHostExited callback
TpTrace Verbose: 0 : 5828, 7, 2020/12/01, 16:42:43.405, 10450084233217, vstest.console.dll, CrossPlatEngine.TestHostManagerHostExited: calling on client process exit callback.
TpTrace Information: 0 : 5828, 7, 2020/12/01, 16:42:43.405, 10450084234086, vstest.console.dll, TestRequestSender.OnClientProcessExit: Test host process exited. Standard error: 
TpTrace Warning: 0 : 5828, 10, 2020/12/01, 16:42:43.405, 10450084234178, vstest.console.dll, ProxyOperationManager: Timed out waiting for test host to exit. Will terminate process.
TpTrace Information: 0 : 5828, 7, 2020/12/01, 16:42:43.405, 10450084234978, vstest.console.dll, SocketServer.Stop: Stop server endPoint: 127.0.0.1:58653
TpTrace Information: 0 : 5828, 7, 2020/12/01, 16:42:43.405, 10450084236735, vstest.console.dll, SocketServer.Stop: Cancellation requested. Stopping message loop.
TpTrace Verbose: 0 : 5828, 10, 2020/12/01, 16:42:43.406, 10450084243124, vstest.console.dll, ProxyDataCollectionManager.InvokeDataCollectionServiceAction: Starting.
TpTrace Information: 0 : 5828, 10, 2020/12/01, 16:42:43.406, 10450084244046, vstest.console.dll, ProxyDataCollectionManager.AfterTestRunEnd: Get attachment set for datacollector processId: 12736 port: 58649
TpTrace Verbose: 0 : 5828, 10, 2020/12/01, 16:42:43.406, 10450084244943, vstest.console.dll, DataCollectionRequestSender.SendAfterTestRunStartAndGetResult : Send AfterTestRunEnd message with isCancelled: False
TpTrace Verbose: 0 : 5828, 10, 2020/12/01, 16:42:43.409, 10450084273881, vstest.console.dll, DataCollectionRequestSender.SendAfterTestRunStartAndGetResult : Received message: (DataCollection.SendMessage) -> {
  "FriendlyName": "Blame",
  "Uri": "datacollector://Microsoft/TestPlatform/Extensions/Blame/v1",
  "TestCaseId": "00000000-0000-0000-0000-000000000000",
  "Message": "All tests finished running, Sequence file will not be generated",
  "Level": 1
}
TpTrace Verbose: 0 : 5828, 10, 2020/12/01, 16:42:43.409, 10450084276420, vstest.console.dll, TestRunRequest:SendTestRunMessage: Starting.
TpTrace Information: 0 : 5828, 10, 2020/12/01, 16:42:43.409, 10450084277474, vstest.console.dll, TestRunRequest:SendTestRunMessage: Completed.
TpTrace Verbose: 0 : 5828, 10, 2020/12/01, 16:42:43.409, 10450084279809, vstest.console.dll, DataCollectionRequestSender.SendAfterTestRunStartAndGetResult : Received message: (DataCollection.AfterTestRunEndResult) -> []
TpTrace Information: 0 : 5828, 10, 2020/12/01, 16:42:43.412, 10450084307895, vstest.console.dll, ProxyDataCollectionManager.InvokeDataCollectionServiceAction: Completed.
TpTrace Warning: 0 : 5828, 9, 2020/12/01, 16:42:43.419, 10450084378666, vstest.console.dll, DataCollectionLauncher.ErrorReceivedCallback datacollector standard error line: 
TpTrace Information: 0 : 5828, 7, 2020/12/01, 16:42:43.434, 10450084530608, vstest.console.dll, DataCollectionLauncher.ExitCallBack: Data collector exited with exitcode: 0 error: ''
TpTrace Verbose: 0 : 5828, 10, 2020/12/01, 16:42:43.496, 10450085144191, vstest.console.dll, TestRunRequest:SendTestRunStatsChange: Starting.
TpTrace Information: 0 : 5828, 10, 2020/12/01, 16:42:43.496, 10450085147066, vstest.console.dll, TestRunRequest:SendTestRunStatsChange: Completed.
TpTrace Verbose: 0 : 5828, 10, 2020/12/01, 16:42:43.496, 10450085149282, vstest.console.dll, ParallelProxyExecutionManager: HandlePartialRunComplete: Total completed clients = 1, Run complete = True, Run canceled: False.
TpTrace Verbose: 0 : 5828, 10, 2020/12/01, 16:42:43.508, 10450085271439, vstest.console.dll, TestRunRequest:TestRunComplete: Starting. IsAborted:False IsCanceled:False.
TpTrace Verbose: 0 : 5828, 10, 2020/12/01, 16:42:43.509, 10450085274811, vstest.console.dll, TestLoggerManager.HandleTestRunComplete: Ignoring as the object is disposed.
TpTrace Information: 0 : 5828, 10, 2020/12/01, 16:42:43.509, 10450085279292, vstest.console.dll, TestRunRequest:TestRunComplete: Completed.
TpTrace Verbose: 0 : 5828, 1, 2020/12/01, 16:42:43.509, 10450085279461, vstest.console.dll, TestRunRequest.Dispose: Starting.
TpTrace Verbose: 0 : 5828, 10, 2020/12/01, 16:42:43.509, 10450085280754, vstest.console.dll, TestRequestSender.SetOperationComplete: Setting operation complete.
TpTrace Information: 0 : 5828, 1, 2020/12/01, 16:42:43.509, 10450085281835, vstest.console.dll, TestRunRequest.Dispose: Completed.
TpTrace Information: 0 : 5828, 10, 2020/12/01, 16:42:43.510, 10450085282949, vstest.console.dll, SocketServer.Stop: Stop server endPoint: 127.0.0.1:58653
TpTrace Information: 0 : 5828, 1, 2020/12/01, 16:42:43.510, 10450085284037, vstest.console.dll, TestRequestManager.RunTests: run tests completed.
TpTrace Information: 0 : 5828, 10, 2020/12/01, 16:42:43.510, 10450085285197, vstest.console.dll, SocketServer.Stop: Cancellation requested. Stopping message loop.
TpTrace Information: 0 : 5828, 1, 2020/12/01, 16:42:43.510, 10450085287214, vstest.console.dll, RunTestsArgumentProcessor:Execute: Test run is completed.
TpTrace Information: 0 : 5828, 10, 2020/12/01, 16:42:43.510, 10450085287518, vstest.console.dll, SocketServer.PrivateStop: Stop server endPoint: 127.0.0.1:58653 error: 
TpTrace Verbose: 0 : 5828, 1, 2020/12/01, 16:42:43.510, 10450085288440, vstest.console.dll, Executor.Execute: Exiting with exit code of 0
TpTrace Verbose: 0 : 5828, 10, 2020/12/01, 16:42:43.511, 10450085295816, vstest.console.dll, LengthPrefixCommunicationChannel.Dispose: Dispose reader and writer.
TpTrace Information: 0 : 5828, 10, 2020/12/01, 16:42:43.511, 10450085297583, vstest.console.dll, SocketServer.Stop: Raise disconnected event endPoint: 127.0.0.1:58653 error: 
TpTrace Verbose: 0 : 5828, 10, 2020/12/01, 16:42:43.511, 10450085298753, vstest.console.dll, TestRequestSender: OnTestRunAbort: Operation is already complete. Skip error message.
TpTrace Verbose: 0 : 5828, 10, 2020/12/01, 16:42:43.511, 10450085299552, vstest.console.dll, TcpClientExtensions.MessageLoopAsync: exiting MessageLoopAsync remoteEndPoint: 127.0.0.1:58657 localEndPoint: 127.0.0.1:58653
