TpTrace Verbose: 0 : 5372, 1, 2020/12/01, 12:04:27.642, 10283126615913, vstest.console.dll, Version: 16.8.0-release-20201022-02
TpTrace Information: 0 : 5372, 1, 2020/12/01, 12:04:27.655, 10283126735091, vstest.console.dll, FilePatternParser: The given file C:\Users\Muhamed\Documents\Fax\VVS\VVS-Zadaca2-GrupaRS3-EMM-master\VVS-Zadaca2-GrupaRS3-EMM-master\Tinder.ba\Unit Testovi\bin\Debug\fine-code-coverage\Unit Testovi.dll is a full path.
TpTrace Verbose: 0 : 5372, 1, 2020/12/01, 12:04:27.666, 10283126848974, vstest.console.dll, TestPluginCache.DiscoverTestExtensions: finding test extensions in assemblies ends with: RuntimeProvider.dll TPluginInfo: Microsoft.VisualStudio.TestPlatform.Common.ExtensionFramework.Utilities.TestRuntimePluginInformation TExtension: Microsoft.VisualStudio.TestPlatform.ObjectModel.Host.ITestRuntimeProvider
TpTrace Verbose: 0 : 5372, 1, 2020/12/01, 12:04:27.667, 10283126853914, vstest.console.dll, TestPluginCache.GetExtensionPaths: Filtered extension paths: 
TpTrace Verbose: 0 : 5372, 1, 2020/12/01, 12:04:27.667, 10283126855520, vstest.console.dll, TestPluginCache.GetExtensionPaths: Added default extension paths: C:\Program Files\dotnet\sdk\5.0.100\Extensions\Microsoft.Diagnostics.NETCore.Client.dll
C:\Program Files\dotnet\sdk\5.0.100\Extensions\Microsoft.TestPlatform.Extensions.BlameDataCollector.dll
C:\Program Files\dotnet\sdk\5.0.100\Extensions\Microsoft.TestPlatform.Extensions.EventLogCollector.dll
C:\Program Files\dotnet\sdk\5.0.100\Extensions\Microsoft.TestPlatform.TestHostRuntimeProvider.dll
C:\Program Files\dotnet\sdk\5.0.100\Extensions\Microsoft.VisualStudio.TestPlatform.Extensions.Html.TestLogger.dll
C:\Program Files\dotnet\sdk\5.0.100\Extensions\Microsoft.VisualStudio.TestPlatform.Extensions.Trx.TestLogger.dll
TpTrace Verbose: 0 : 5372, 1, 2020/12/01, 12:04:27.667, 10283126856431, vstest.console.dll, TestPluginCache.GetExtensionPaths: Added unfilterableExtensionPaths: 
TpTrace Information: 0 : 5372, 1, 2020/12/01, 12:04:27.668, 10283126866067, vstest.console.dll, AssemblyResolver.ctor: Creating AssemblyResolver with searchDirectories C:\Program Files\dotnet\sdk\5.0.100\Extensions,C:\Program Files\dotnet\sdk\5.0.100
TpTrace Verbose: 0 : 5372, 1, 2020/12/01, 12:04:27.670, 10283126883313, vstest.console.dll, TestPluginCache.DiscoverTestExtensions: Discovering the extensions using extension path.
TpTrace Verbose: 0 : 5372, 1, 2020/12/01, 12:04:27.670, 10283126885690, vstest.console.dll, TestPluginCache.GetExtensionPaths: Filtered extension paths: 
TpTrace Verbose: 0 : 5372, 1, 2020/12/01, 12:04:27.670, 10283126886743, vstest.console.dll, TestPluginCache.GetExtensionPaths: Added default extension paths: C:\Program Files\dotnet\sdk\5.0.100\Extensions\Microsoft.Diagnostics.NETCore.Client.dll
C:\Program Files\dotnet\sdk\5.0.100\Extensions\Microsoft.TestPlatform.Extensions.BlameDataCollector.dll
C:\Program Files\dotnet\sdk\5.0.100\Extensions\Microsoft.TestPlatform.Extensions.EventLogCollector.dll
C:\Program Files\dotnet\sdk\5.0.100\Extensions\Microsoft.TestPlatform.TestHostRuntimeProvider.dll
C:\Program Files\dotnet\sdk\5.0.100\Extensions\Microsoft.VisualStudio.TestPlatform.Extensions.Html.TestLogger.dll
C:\Program Files\dotnet\sdk\5.0.100\Extensions\Microsoft.VisualStudio.TestPlatform.Extensions.Trx.TestLogger.dll
TpTrace Verbose: 0 : 5372, 1, 2020/12/01, 12:04:27.670, 10283126887676, vstest.console.dll, TestPluginCache.GetExtensionPaths: Added unfilterableExtensionPaths: 
TpTrace Verbose: 0 : 5372, 1, 2020/12/01, 12:04:27.670, 10283126888965, vstest.console.dll, TestPluginCache.DiscoverTestExtensions: Discovering the extensions using allExtensionPaths: C:\Program Files\dotnet\sdk\5.0.100\Extensions\Microsoft.Diagnostics.NETCore.Client.dll
C:\Program Files\dotnet\sdk\5.0.100\Extensions\Microsoft.TestPlatform.Extensions.BlameDataCollector.dll
C:\Program Files\dotnet\sdk\5.0.100\Extensions\Microsoft.TestPlatform.Extensions.EventLogCollector.dll
C:\Program Files\dotnet\sdk\5.0.100\Extensions\Microsoft.TestPlatform.TestHostRuntimeProvider.dll
C:\Program Files\dotnet\sdk\5.0.100\Extensions\Microsoft.VisualStudio.TestPlatform.Extensions.Html.TestLogger.dll
C:\Program Files\dotnet\sdk\5.0.100\Extensions\Microsoft.VisualStudio.TestPlatform.Extensions.Trx.TestLogger.dll
TpTrace Information: 0 : 5372, 1, 2020/12/01, 12:04:27.670, 10283126891246, vstest.console.dll, AssemblyResolver.AddSearchDirectories: Adding more searchDirectories C:\Program Files\dotnet\sdk\5.0.100\Extensions,C:\Program Files\dotnet\sdk\5.0.100
TpTrace Information: 0 : 5372, 1, 2020/12/01, 12:04:27.670, 10283126892338, vstest.console.dll, AssemblyResolver.AddSearchDirectories: Adding more searchDirectories C:\Program Files\dotnet\sdk\5.0.100\Extensions,C:\Program Files\dotnet\sdk\5.0.100
TpTrace Information: 0 : 5372, 1, 2020/12/01, 12:04:27.671, 10283126893133, vstest.console.dll, AssemblyResolver.AddSearchDirectories: Adding more searchDirectories C:\Program Files\dotnet\sdk\5.0.100\Extensions,C:\Program Files\dotnet\sdk\5.0.100
TpTrace Information: 0 : 5372, 1, 2020/12/01, 12:04:27.671, 10283126893966, vstest.console.dll, AssemblyResolver.AddSearchDirectories: Adding more searchDirectories C:\Program Files\dotnet\sdk\5.0.100\Extensions,C:\Program Files\dotnet\sdk\5.0.100
TpTrace Information: 0 : 5372, 1, 2020/12/01, 12:04:27.671, 10283126894688, vstest.console.dll, AssemblyResolver.AddSearchDirectories: Adding more searchDirectories C:\Program Files\dotnet\sdk\5.0.100\Extensions,C:\Program Files\dotnet\sdk\5.0.100
TpTrace Information: 0 : 5372, 1, 2020/12/01, 12:04:27.671, 10283126895406, vstest.console.dll, AssemblyResolver.AddSearchDirectories: Adding more searchDirectories C:\Program Files\dotnet\sdk\5.0.100\Extensions,C:\Program Files\dotnet\sdk\5.0.100
TpTrace Information: 0 : 5372, 1, 2020/12/01, 12:04:27.671, 10283126899872, vstest.console.dll, AssemblyResolver.OnResolve: Microsoft.Diagnostics.NETCore.Client: Resolving assembly.
TpTrace Information: 0 : 5372, 1, 2020/12/01, 12:04:27.673, 10283126917264, vstest.console.dll, AssemblyResolver.OnResolve: Resolved assembly: Microsoft.Diagnostics.NETCore.Client, from path: C:\Program Files\dotnet\sdk\5.0.100\Extensions\Microsoft.Diagnostics.NETCore.Client.dll
TpTrace Information: 0 : 5372, 1, 2020/12/01, 12:04:27.676, 10283126950708, vstest.console.dll, AssemblyResolver.OnResolve: Microsoft.Bcl.AsyncInterfaces: Resolving assembly.
TpTrace Information: 0 : 5372, 1, 2020/12/01, 12:04:27.677, 10283126954179, vstest.console.dll, AssemblyResolver.OnResolve: Microsoft.Bcl.AsyncInterfaces: Failed to load assembly.
TpTrace Verbose: 0 : 5372, 1, 2020/12/01, 12:04:27.677, 10283126955188, vstest.console.dll, CurrentDomain_AssemblyResolve: Resolving assembly 'Microsoft.Bcl.AsyncInterfaces'.
TpTrace Information: 0 : 5372, 1, 2020/12/01, 12:04:27.677, 10283126956403, vstest.console.dll, AssemblyResolver.OnResolve: Microsoft.Bcl.AsyncInterfaces: Resolving assembly.
TpTrace Information: 0 : 5372, 1, 2020/12/01, 12:04:27.677, 10283126957405, vstest.console.dll, AssemblyResolver.OnResolve: Microsoft.Bcl.AsyncInterfaces: Resolved from cache.
TpTrace Verbose: 0 : 5372, 1, 2020/12/01, 12:04:27.677, 10283126958134, vstest.console.dll, CurrentDomain_AssemblyResolve: Resolving assembly 'Microsoft.Bcl.AsyncInterfaces'.
TpTrace Verbose: 0 : 5372, 1, 2020/12/01, 12:04:27.677, 10283126958940, vstest.console.dll, CurrentDomainAssemblyResolve: Failed to resolve assembly 'Microsoft.Bcl.AsyncInterfaces'.
TpTrace Verbose: 0 : 5372, 1, 2020/12/01, 12:04:27.679, 10283126978163, vstest.console.dll, CurrentDomainAssemblyResolve: Failed to resolve assembly 'Microsoft.Bcl.AsyncInterfaces'.
TpTrace Warning: 0 : 5372, 1, 2020/12/01, 12:04:27.700, 10283127189110, vstest.console.dll, TestPluginDiscoverer: Failed to get types from assembly 'Microsoft.Diagnostics.NETCore.Client, Version=0.2.2.41902, Culture=neutral, PublicKeyToken=31bf3856ad364e35'.  Skipping test extension scan for this assembly.  Error: System.Reflection.ReflectionTypeLoadException: Unable to load one or more of the requested types.
Could not load file or assembly 'Microsoft.Bcl.AsyncInterfaces, Version=1.0.0.0, Culture=neutral, PublicKeyToken=cc7b13ffcd2ddd51'. The system cannot find the file specified.
   at System.Reflection.RuntimeModule.GetTypes(RuntimeModule module)
   at System.Reflection.RuntimeModule.GetTypes()
   at System.Reflection.Assembly.GetTypes()
   at Microsoft.VisualStudio.TestPlatform.Common.ExtensionFramework.TestPluginDiscoverer.GetTestExtensionsFromAssembly[TPluginInfo,TExtension](Assembly assembly, Dictionary`2 pluginInfos)
System.IO.FileNotFoundException: Could not load file or assembly 'Microsoft.Bcl.AsyncInterfaces, Version=1.0.0.0, Culture=neutral, PublicKeyToken=cc7b13ffcd2ddd51'. The system cannot find the file specified.
File name: 'Microsoft.Bcl.AsyncInterfaces, Version=1.0.0.0, Culture=neutral, PublicKeyToken=cc7b13ffcd2ddd51'
TpTrace Warning: 0 : 5372, 1, 2020/12/01, 12:04:27.700, 10283127191337, vstest.console.dll, LoaderExceptions: System.IO.FileNotFoundException: Could not load file or assembly 'Microsoft.Bcl.AsyncInterfaces, Version=1.0.0.0, Culture=neutral, PublicKeyToken=cc7b13ffcd2ddd51'. The system cannot find the file specified.
File name: 'Microsoft.Bcl.AsyncInterfaces, Version=1.0.0.0, Culture=neutral, PublicKeyToken=cc7b13ffcd2ddd51'
TpTrace Information: 0 : 5372, 1, 2020/12/01, 12:04:27.701, 10283127193056, vstest.console.dll, AssemblyResolver.OnResolve: Microsoft.TestPlatform.Extensions.BlameDataCollector: Resolving assembly.
TpTrace Information: 0 : 5372, 1, 2020/12/01, 12:04:27.702, 10283127208554, vstest.console.dll, AssemblyResolver.OnResolve: Resolved assembly: Microsoft.TestPlatform.Extensions.BlameDataCollector, from path: C:\Program Files\dotnet\sdk\5.0.100\Extensions\Microsoft.TestPlatform.Extensions.BlameDataCollector.dll
TpTrace Information: 0 : 5372, 1, 2020/12/01, 12:04:27.703, 10283127219436, vstest.console.dll, AssemblyResolver.OnResolve: Microsoft.TestPlatform.Extensions.EventLogCollector: Resolving assembly.
TpTrace Information: 0 : 5372, 1, 2020/12/01, 12:04:27.704, 10283127231943, vstest.console.dll, AssemblyResolver.OnResolve: Resolved assembly: Microsoft.TestPlatform.Extensions.EventLogCollector, from path: C:\Program Files\dotnet\sdk\5.0.100\Extensions\Microsoft.TestPlatform.Extensions.EventLogCollector.dll
TpTrace Information: 0 : 5372, 1, 2020/12/01, 12:04:27.707, 10283127260090, vstest.console.dll, AssemblyResolver.OnResolve: Microsoft.TestPlatform.TestHostRuntimeProvider: Resolving assembly.
TpTrace Information: 0 : 5372, 1, 2020/12/01, 12:04:27.708, 10283127271816, vstest.console.dll, AssemblyResolver.OnResolve: Resolved assembly: Microsoft.TestPlatform.TestHostRuntimeProvider, from path: C:\Program Files\dotnet\sdk\5.0.100\Extensions\Microsoft.TestPlatform.TestHostRuntimeProvider.dll
TpTrace Information: 0 : 5372, 1, 2020/12/01, 12:04:27.710, 10283127285988, vstest.console.dll, AssemblyResolver.OnResolve: Microsoft.VisualStudio.TestPlatform.Extensions.Html.TestLogger: Resolving assembly.
TpTrace Information: 0 : 5372, 1, 2020/12/01, 12:04:27.712, 10283127304772, vstest.console.dll, AssemblyResolver.OnResolve: Resolved assembly: Microsoft.VisualStudio.TestPlatform.Extensions.Html.TestLogger, from path: C:\Program Files\dotnet\sdk\5.0.100\Extensions\Microsoft.VisualStudio.TestPlatform.Extensions.Html.TestLogger.dll
TpTrace Information: 0 : 5372, 1, 2020/12/01, 12:04:27.713, 10283127314447, vstest.console.dll, AssemblyResolver.OnResolve: Microsoft.VisualStudio.TestPlatform.Extensions.Trx.TestLogger: Resolving assembly.
TpTrace Information: 0 : 5372, 1, 2020/12/01, 12:04:27.714, 10283127328143, vstest.console.dll, AssemblyResolver.OnResolve: Resolved assembly: Microsoft.VisualStudio.TestPlatform.Extensions.Trx.TestLogger, from path: C:\Program Files\dotnet\sdk\5.0.100\Extensions\Microsoft.VisualStudio.TestPlatform.Extensions.Trx.TestLogger.dll
TpTrace Verbose: 0 : 5372, 1, 2020/12/01, 12:04:27.715, 10283127342077, vstest.console.dll, TestPluginCache: Discovered the extensions using extension path ''.
TpTrace Verbose: 0 : 5372, 1, 2020/12/01, 12:04:27.716, 10283127343411, vstest.console.dll, TestPluginCache: Discoverers are ''.
TpTrace Verbose: 0 : 5372, 1, 2020/12/01, 12:04:27.716, 10283127344203, vstest.console.dll, TestPluginCache: Executors are ''.
TpTrace Verbose: 0 : 5372, 1, 2020/12/01, 12:04:27.716, 10283127346586, vstest.console.dll, TestPluginCache: Executors2 are ''.
TpTrace Verbose: 0 : 5372, 1, 2020/12/01, 12:04:27.716, 10283127348637, vstest.console.dll, TestPluginCache: Setting providers are ''.
TpTrace Verbose: 0 : 5372, 1, 2020/12/01, 12:04:27.716, 10283127349826, vstest.console.dll, TestPluginCache: Loggers are ''.
TpTrace Information: 0 : 5372, 1, 2020/12/01, 12:04:27.723, 10283127416802, vstest.console.dll, RunTestsArgumentProcessor:Execute: Test run is starting.
TpTrace Verbose: 0 : 5372, 1, 2020/12/01, 12:04:27.723, 10283127418346, vstest.console.dll, RunTestsArgumentProcessor:Execute: Queuing Test run.
TpTrace Information: 0 : 5372, 1, 2020/12/01, 12:04:27.723, 10283127421060, vstest.console.dll, TestRequestManager.RunTests: run tests started.
TpTrace Information: 0 : 5372, 1, 2020/12/01, 12:04:27.727, 10283127455760, vstest.console.dll, AssemblyMetadataProvider.GetFrameWork: Determined framework:'.NETCoreApp,Version=v3.1' for source: 'C:\Users\Muhamed\Documents\Fax\VVS\VVS-Zadaca2-GrupaRS3-EMM-master\VVS-Zadaca2-GrupaRS3-EMM-master\Tinder.ba\Unit Testovi\bin\Debug\fine-code-coverage\Unit Testovi.dll'
TpTrace Information: 0 : 5372, 1, 2020/12/01, 12:04:27.727, 10283127457942, vstest.console.dll, Determined framework for all sources: .NETCoreApp,Version=v3.1
TpTrace Information: 0 : 5372, 1, 2020/12/01, 12:04:27.728, 10283127464016, vstest.console.dll, AssemblyMetadataProvider.GetArchitecture: Determined architecture:AnyCPU info for assembly: C:\Users\Muhamed\Documents\Fax\VVS\VVS-Zadaca2-GrupaRS3-EMM-master\VVS-Zadaca2-GrupaRS3-EMM-master\Tinder.ba\Unit Testovi\bin\Debug\fine-code-coverage\Unit Testovi.dll
TpTrace Information: 0 : 5372, 1, 2020/12/01, 12:04:27.730, 10283127487599, vstest.console.dll, Determined platform for all sources: X64
TpTrace Information: 0 : 5372, 1, 2020/12/01, 12:04:27.733, 10283127521133, vstest.console.dll, Compatible sources list : 
TpTrace Information: 0 : 5372, 1, 2020/12/01, 12:04:27.733, 10283127522734, vstest.console.dll, C:\Users\Muhamed\Documents\Fax\VVS\VVS-Zadaca2-GrupaRS3-EMM-master\VVS-Zadaca2-GrupaRS3-EMM-master\Tinder.ba\Unit Testovi\bin\Debug\fine-code-coverage\Unit Testovi.dll
TpTrace Information: 0 : 5372, 1, 2020/12/01, 12:04:27.736, 10283127543179, vstest.console.dll, InferRunSettingsHelper.IsTestSettingsEnabled: Unable to navigate to RunSettings/MSTest. Current node: RunSettings
TpTrace Information: 0 : 5372, 1, 2020/12/01, 12:04:27.737, 10283127553092, vstest.console.dll, AssemblyResolver.OnResolve: Microsoft.VisualStudio.TestPlatform.Fakes: Resolving assembly.
TpTrace Information: 0 : 5372, 1, 2020/12/01, 12:04:27.737, 10283127556215, vstest.console.dll, AssemblyResolver.OnResolve: Microsoft.VisualStudio.TestPlatform.Fakes: Failed to load assembly.
TpTrace Information: 0 : 5372, 1, 2020/12/01, 12:04:27.737, 10283127560958, vstest.console.dll, Failed to create newly implemented Fakes Configurator. Reason:System.IO.FileNotFoundException: Could not load file or assembly 'Microsoft.VisualStudio.TestPlatform.Fakes, Version=16.0.0.0, Culture=neutral, PublicKeyToken=null'. The system cannot find the file specified.
File name: 'Microsoft.VisualStudio.TestPlatform.Fakes, Version=16.0.0.0, Culture=neutral, PublicKeyToken=null'
   at System.Reflection.RuntimeAssembly.InternalLoad(ObjectHandleOnStack assemblyName, ObjectHandleOnStack requestingAssembly, StackCrawlMarkHandle stackMark, Boolean throwOnFileNotFound, ObjectHandleOnStack assemblyLoadContext, ObjectHandleOnStack retAssembly)
   at System.Reflection.RuntimeAssembly.InternalLoad(AssemblyName assemblyName, RuntimeAssembly requestingAssembly, StackCrawlMark& stackMark, Boolean throwOnFileNotFound, AssemblyLoadContext assemblyLoadContext)
   at System.Reflection.Assembly.Load(String assemblyString)
   at Microsoft.VisualStudio.TestPlatform.Common.Utilities.FakesUtilities.TryGetFakesCrossPlatformDataCollectorConfigurator() 
TpTrace Verbose: 0 : 5372, 1, 2020/12/01, 12:04:27.741, 10283127596347, vstest.console.dll, TestPluginCache.DiscoverTestExtensions: finding test extensions in assemblies ends with: TestLogger.dll TPluginInfo: Microsoft.VisualStudio.TestPlatform.Common.ExtensionFramework.Utilities.TestLoggerPluginInformation TExtension: Microsoft.VisualStudio.TestPlatform.ObjectModel.Client.ITestLogger
TpTrace Verbose: 0 : 5372, 1, 2020/12/01, 12:04:27.741, 10283127598384, vstest.console.dll, TestPluginCache.GetExtensionPaths: Filtered extension paths: 
TpTrace Verbose: 0 : 5372, 1, 2020/12/01, 12:04:27.741, 10283127600096, vstest.console.dll, TestPluginCache.GetExtensionPaths: Added default extension paths: C:\Program Files\dotnet\sdk\5.0.100\Extensions\Microsoft.Diagnostics.NETCore.Client.dll
C:\Program Files\dotnet\sdk\5.0.100\Extensions\Microsoft.TestPlatform.Extensions.BlameDataCollector.dll
C:\Program Files\dotnet\sdk\5.0.100\Extensions\Microsoft.TestPlatform.Extensions.EventLogCollector.dll
C:\Program Files\dotnet\sdk\5.0.100\Extensions\Microsoft.TestPlatform.TestHostRuntimeProvider.dll
C:\Program Files\dotnet\sdk\5.0.100\Extensions\Microsoft.VisualStudio.TestPlatform.Extensions.Html.TestLogger.dll
C:\Program Files\dotnet\sdk\5.0.100\Extensions\Microsoft.VisualStudio.TestPlatform.Extensions.Trx.TestLogger.dll
TpTrace Verbose: 0 : 5372, 1, 2020/12/01, 12:04:27.741, 10283127602710, vstest.console.dll, TestPluginCache.GetExtensionPaths: Added unfilterableExtensionPaths: 
TpTrace Information: 0 : 5372, 1, 2020/12/01, 12:04:27.742, 10283127605661, vstest.console.dll, AssemblyResolver.AddSearchDirectories: Adding more searchDirectories C:\Program Files\dotnet\sdk\5.0.100\Extensions,C:\Program Files\dotnet\sdk\5.0.100
TpTrace Verbose: 0 : 5372, 1, 2020/12/01, 12:04:27.742, 10283127607210, vstest.console.dll, TestPluginCache.DiscoverTestExtensions: Discovering the extensions using extension path.
TpTrace Verbose: 0 : 5372, 1, 2020/12/01, 12:04:27.742, 10283127609975, vstest.console.dll, TestPluginCache.GetExtensionPaths: Filtered extension paths: 
TpTrace Verbose: 0 : 5372, 1, 2020/12/01, 12:04:27.742, 10283127611671, vstest.console.dll, TestPluginCache.GetExtensionPaths: Added default extension paths: C:\Program Files\dotnet\sdk\5.0.100\Extensions\Microsoft.Diagnostics.NETCore.Client.dll
C:\Program Files\dotnet\sdk\5.0.100\Extensions\Microsoft.TestPlatform.Extensions.BlameDataCollector.dll
C:\Program Files\dotnet\sdk\5.0.100\Extensions\Microsoft.TestPlatform.Extensions.EventLogCollector.dll
C:\Program Files\dotnet\sdk\5.0.100\Extensions\Microsoft.TestPlatform.TestHostRuntimeProvider.dll
C:\Program Files\dotnet\sdk\5.0.100\Extensions\Microsoft.VisualStudio.TestPlatform.Extensions.Html.TestLogger.dll
C:\Program Files\dotnet\sdk\5.0.100\Extensions\Microsoft.VisualStudio.TestPlatform.Extensions.Trx.TestLogger.dll
TpTrace Verbose: 0 : 5372, 1, 2020/12/01, 12:04:27.743, 10283127613178, vstest.console.dll, TestPluginCache.GetExtensionPaths: Added unfilterableExtensionPaths: 
TpTrace Verbose: 0 : 5372, 1, 2020/12/01, 12:04:27.743, 10283127614418, vstest.console.dll, TestPluginCache.DiscoverTestExtensions: Discovering the extensions using allExtensionPaths: C:\Program Files\dotnet\sdk\5.0.100\Extensions\Microsoft.Diagnostics.NETCore.Client.dll
C:\Program Files\dotnet\sdk\5.0.100\Extensions\Microsoft.TestPlatform.Extensions.BlameDataCollector.dll
C:\Program Files\dotnet\sdk\5.0.100\Extensions\Microsoft.TestPlatform.Extensions.EventLogCollector.dll
C:\Program Files\dotnet\sdk\5.0.100\Extensions\Microsoft.TestPlatform.TestHostRuntimeProvider.dll
C:\Program Files\dotnet\sdk\5.0.100\Extensions\Microsoft.VisualStudio.TestPlatform.Extensions.Html.TestLogger.dll
C:\Program Files\dotnet\sdk\5.0.100\Extensions\Microsoft.VisualStudio.TestPlatform.Extensions.Trx.TestLogger.dll
TpTrace Information: 0 : 5372, 1, 2020/12/01, 12:04:27.743, 10283127616381, vstest.console.dll, AssemblyResolver.AddSearchDirectories: Adding more searchDirectories C:\Program Files\dotnet\sdk\5.0.100\Extensions,C:\Program Files\dotnet\sdk\5.0.100
TpTrace Information: 0 : 5372, 1, 2020/12/01, 12:04:27.743, 10283127617911, vstest.console.dll, AssemblyResolver.AddSearchDirectories: Adding more searchDirectories C:\Program Files\dotnet\sdk\5.0.100\Extensions,C:\Program Files\dotnet\sdk\5.0.100
TpTrace Information: 0 : 5372, 1, 2020/12/01, 12:04:27.743, 10283127619173, vstest.console.dll, AssemblyResolver.AddSearchDirectories: Adding more searchDirectories C:\Program Files\dotnet\sdk\5.0.100\Extensions,C:\Program Files\dotnet\sdk\5.0.100
TpTrace Information: 0 : 5372, 1, 2020/12/01, 12:04:27.743, 10283127620465, vstest.console.dll, AssemblyResolver.AddSearchDirectories: Adding more searchDirectories C:\Program Files\dotnet\sdk\5.0.100\Extensions,C:\Program Files\dotnet\sdk\5.0.100
TpTrace Information: 0 : 5372, 1, 2020/12/01, 12:04:27.743, 10283127621646, vstest.console.dll, AssemblyResolver.AddSearchDirectories: Adding more searchDirectories C:\Program Files\dotnet\sdk\5.0.100\Extensions,C:\Program Files\dotnet\sdk\5.0.100
TpTrace Information: 0 : 5372, 1, 2020/12/01, 12:04:27.743, 10283127622832, vstest.console.dll, AssemblyResolver.AddSearchDirectories: Adding more searchDirectories C:\Program Files\dotnet\sdk\5.0.100\Extensions,C:\Program Files\dotnet\sdk\5.0.100
TpTrace Information: 0 : 5372, 1, 2020/12/01, 12:04:27.744, 10283127626692, vstest.console.dll, AssemblyResolver.OnResolve: Microsoft.Bcl.AsyncInterfaces: Resolving assembly.
TpTrace Information: 0 : 5372, 1, 2020/12/01, 12:04:27.744, 10283127629218, vstest.console.dll, AssemblyResolver.OnResolve: Microsoft.Bcl.AsyncInterfaces: Resolved from cache.
TpTrace Verbose: 0 : 5372, 1, 2020/12/01, 12:04:27.744, 10283127630821, vstest.console.dll, CurrentDomain_AssemblyResolve: Resolving assembly 'Microsoft.Bcl.AsyncInterfaces'.
TpTrace Information: 0 : 5372, 1, 2020/12/01, 12:04:27.745, 10283127634132, vstest.console.dll, AssemblyResolver.OnResolve: Microsoft.Bcl.AsyncInterfaces: Resolving assembly.
TpTrace Information: 0 : 5372, 1, 2020/12/01, 12:04:27.745, 10283127635681, vstest.console.dll, AssemblyResolver.OnResolve: Microsoft.Bcl.AsyncInterfaces: Resolved from cache.
TpTrace Verbose: 0 : 5372, 1, 2020/12/01, 12:04:27.745, 10283127637139, vstest.console.dll, CurrentDomain_AssemblyResolve: Resolving assembly 'Microsoft.Bcl.AsyncInterfaces'.
TpTrace Verbose: 0 : 5372, 1, 2020/12/01, 12:04:27.745, 10283127638365, vstest.console.dll, CurrentDomainAssemblyResolve: Failed to resolve assembly 'Microsoft.Bcl.AsyncInterfaces'.
TpTrace Verbose: 0 : 5372, 1, 2020/12/01, 12:04:27.746, 10283127644630, vstest.console.dll, CurrentDomainAssemblyResolve: Failed to resolve assembly 'Microsoft.Bcl.AsyncInterfaces'.
TpTrace Warning: 0 : 5372, 1, 2020/12/01, 12:04:27.747, 10283127656392, vstest.console.dll, TestPluginDiscoverer: Failed to get types from assembly 'Microsoft.Diagnostics.NETCore.Client, Version=0.2.2.41902, Culture=neutral, PublicKeyToken=31bf3856ad364e35'.  Skipping test extension scan for this assembly.  Error: System.Reflection.ReflectionTypeLoadException: Unable to load one or more of the requested types.
Could not load file or assembly 'Microsoft.Bcl.AsyncInterfaces, Version=1.0.0.0, Culture=neutral, PublicKeyToken=cc7b13ffcd2ddd51'. The system cannot find the file specified.
   at System.Reflection.RuntimeModule.GetTypes(RuntimeModule module)
   at System.Reflection.RuntimeModule.GetTypes()
   at System.Reflection.Assembly.GetTypes()
   at Microsoft.VisualStudio.TestPlatform.Common.ExtensionFramework.TestPluginDiscoverer.GetTestExtensionsFromAssembly[TPluginInfo,TExtension](Assembly assembly, Dictionary`2 pluginInfos)
System.IO.FileNotFoundException: Could not load file or assembly 'Microsoft.Bcl.AsyncInterfaces, Version=1.0.0.0, Culture=neutral, PublicKeyToken=cc7b13ffcd2ddd51'. The system cannot find the file specified.
File name: 'Microsoft.Bcl.AsyncInterfaces, Version=1.0.0.0, Culture=neutral, PublicKeyToken=cc7b13ffcd2ddd51'
TpTrace Warning: 0 : 5372, 1, 2020/12/01, 12:04:27.747, 10283127658617, vstest.console.dll, LoaderExceptions: System.IO.FileNotFoundException: Could not load file or assembly 'Microsoft.Bcl.AsyncInterfaces, Version=1.0.0.0, Culture=neutral, PublicKeyToken=cc7b13ffcd2ddd51'. The system cannot find the file specified.
File name: 'Microsoft.Bcl.AsyncInterfaces, Version=1.0.0.0, Culture=neutral, PublicKeyToken=cc7b13ffcd2ddd51'
TpTrace Verbose: 0 : 5372, 1, 2020/12/01, 12:04:27.748, 10283127669731, vstest.console.dll, TestPluginCache: Discovered the extensions using extension path ''.
TpTrace Verbose: 0 : 5372, 1, 2020/12/01, 12:04:27.748, 10283127671417, vstest.console.dll, TestPluginCache: Discoverers are ''.
TpTrace Verbose: 0 : 5372, 1, 2020/12/01, 12:04:27.748, 10283127672556, vstest.console.dll, TestPluginCache: Executors are ''.
TpTrace Verbose: 0 : 5372, 1, 2020/12/01, 12:04:27.749, 10283127673579, vstest.console.dll, TestPluginCache: Executors2 are ''.
TpTrace Verbose: 0 : 5372, 1, 2020/12/01, 12:04:27.749, 10283127674624, vstest.console.dll, TestPluginCache: Setting providers are ''.
TpTrace Verbose: 0 : 5372, 1, 2020/12/01, 12:04:27.749, 10283127676820, vstest.console.dll, TestPluginCache: Loggers are 'logger://Microsoft/TestPlatform/Extensions/Blame/v1,logger://Microsoft/TestPlatform/HtmlLogger/v1,logger://Microsoft/TestPlatform/TrxLogger/v1'.
TpTrace Information: 0 : 5372, 1, 2020/12/01, 12:04:27.750, 10283127691463, vstest.console.dll, TestPluginManager.CreateTestExtension: Attempting to load test extension: Microsoft.TestPlatform.Extensions.BlameDataCollector.BlameLogger
TpTrace Information: 0 : 5372, 1, 2020/12/01, 12:04:27.768, 10283127866291, vstest.console.dll, TestPluginManager.CreateTestExtension: Attempting to load test extension: Microsoft.VisualStudio.TestPlatform.CrossPlatEngine.Hosting.DefaultTestHostManager
TpTrace Information: 0 : 5372, 1, 2020/12/01, 12:04:27.769, 10283127873593, vstest.console.dll, TestPluginManager.CreateTestExtension: Attempting to load test extension: Microsoft.VisualStudio.TestPlatform.CrossPlatEngine.Hosting.DotnetTestHostManager
TpTrace Verbose: 0 : 5372, 1, 2020/12/01, 12:04:27.769, 10283127880038, vstest.console.dll, TestEngine: Initializing Parallel Execution as MaxCpuCount is set to: 1
TpTrace Information: 0 : 5372, 1, 2020/12/01, 12:04:27.770, 10283127886208, vstest.console.dll, InferRunSettingsHelper.IsTestSettingsEnabled: Unable to navigate to RunSettings/MSTest. Current node: RunSettings
TpTrace Verbose: 0 : 5372, 1, 2020/12/01, 12:04:27.797, 10283128159068, vstest.console.dll, TestRequestSender is acting as server
TpTrace Verbose: 0 : 5372, 4, 2020/12/01, 12:04:27.803, 10283128220784, vstest.console.dll, DataCollectionRequestSender.InitializeCommunication : Initialize communication. 
TpTrace Information: 0 : 5372, 4, 2020/12/01, 12:04:27.821, 10283128396484, vstest.console.dll, Listening on Endpoint : 127.0.0.1:60656
TpTrace Verbose: 0 : 5372, 4, 2020/12/01, 12:04:27.839, 10283128582862, vstest.console.dll, DotnetDataCollectionLauncher: Full path of dotnet.exe is C:\Program Files\dotnet\dotnet.exe
TpTrace Verbose: 0 : 5372, 4, 2020/12/01, 12:04:27.840, 10283128585217, vstest.console.dll, DotnetDataCollectionLauncher: Adding  --runtimeconfig "C:\Program Files\dotnet\sdk\5.0.100\datacollector.runtimeconfig.json" in args
TpTrace Verbose: 0 : 5372, 4, 2020/12/01, 12:04:27.840, 10283128586533, vstest.console.dll, DotnetDataCollectionLauncher: Adding  --depsfile "C:\Program Files\dotnet\sdk\5.0.100\datacollector.deps.json" in args
TpTrace Information: 0 : 5372, 4, 2020/12/01, 12:04:27.855, 10283128739298, vstest.console.dll, ProxyDataCollectionManager.Initialize: Launched datacollector processId: 9444 port: 60656
TpTrace Information: 0 : 5372, 4, 2020/12/01, 12:04:27.856, 10283128743092, vstest.console.dll, ProxyDataCollectionManager.Initialize: waiting for connection with timeout: 90 seconds
TpTrace Verbose: 0 : 5372, 4, 2020/12/01, 12:04:27.856, 10283128745001, vstest.console.dll, DataCollectionRequestSender.WaitForRequestHandlerConnection : Waiting for connection with timeout: 90000
TpTrace Information: 0 : 5372, 7, 2020/12/01, 12:04:28.081, 10283130997778, vstest.console.dll, Using the buffer size of 16384 bytes
TpTrace Verbose: 0 : 5372, 4, 2020/12/01, 12:04:28.081, 10283130998658, vstest.console.dll, ProxyDataCollectionManager.InvokeDataCollectionServiceAction: Starting.
TpTrace Information: 0 : 5372, 7, 2020/12/01, 12:04:28.081, 10283131000255, vstest.console.dll, Accepted Client request and set the flag
TpTrace Information: 0 : 5372, 4, 2020/12/01, 12:04:28.081, 10283131002365, vstest.console.dll, ProxyDataCollectionManager.BeforeTestRunStart: Get environment variable and port for datacollector processId: 9444 port: 60656
TpTrace Verbose: 0 : 5372, 4, 2020/12/01, 12:04:28.082, 10283131005842, vstest.console.dll, DataCollectionRequestSender.SendBeforeTestRunStartAndGetResult : Send BeforeTestRunStart message with settingsXml <RunSettings><RunConfiguration><ResultsDirectory>C:\Users\Muhamed\Documents\Fax\VVS\VVS-Zadaca2-GrupaRS3-EMM-master\VVS-Zadaca2-GrupaRS3-EMM-master\Tinder.ba\Unit Testovi\bin\Debug\fine-code-coverage\_outputfolder</ResultsDirectory><TargetPlatform>X64</TargetPlatform><TargetFrameworkVersion>.NETCoreApp,Version=v3.1</TargetFrameworkVersion><DesignMode>False</DesignMode><CollectSourceInformation>False</CollectSourceInformation><TestAdaptersPaths>C:\Program Files\dotnet\sdk\5.0.100\Extensions</TestAdaptersPaths></RunConfiguration><LoggerRunSettings><Loggers><Logger friendlyName="blame" enabled="True" /><Logger friendlyName="Console" uri="logger://microsoft/TestPlatform/ConsoleLogger/v1" assemblyQualifiedName="Microsoft.VisualStudio.TestPlatform.CommandLine.Internal.ConsoleLogger, vstest.console, Version=15.0.0.0, Culture=neutral, PublicKeyToken=b03f5f7f11d50a3a" codeBase="C:\Program Files\dotnet\sdk\5.0.100\vstest.console.dll" enabled="True" /></Loggers></LoggerRunSettings><DataCollectionRunSettings><DataCollectors><DataCollector friendlyName="blame" enabled="True"><Configuration><ResultsDirectory>C:\Users\Muhamed\Documents\Fax\VVS\VVS-Zadaca2-GrupaRS3-EMM-master\VVS-Zadaca2-GrupaRS3-EMM-master\Tinder.ba\Unit Testovi\bin\Debug\fine-code-coverage\_outputfolder</ResultsDirectory></Configuration></DataCollector></DataCollectors></DataCollectionRunSettings></RunSettings> and sources System.Linq.Enumerable+Concat2Iterator`1[System.String]: 
TpTrace Verbose: 0 : 5372, 4, 2020/12/01, 12:04:28.223, 10283132419575, vstest.console.dll, DataCollectionRequestSender.SendBeforeTestRunStartAndGetResult : Received message: (DataCollection.SendMessage) -> {
  "FriendlyName": null,
  "Uri": null,
  "TestCaseId": "00000000-0000-0000-0000-000000000000",
  "Message": "Logging DataCollector Diagnostics in file: C:\\Users\\Muhamed\\Documents\\Fax\\VVS\\VVS-Zadaca2-GrupaRS3-EMM-master\\VVS-Zadaca2-GrupaRS3-EMM-master\\Tinder.ba\\Unit Testovi\\bin\\Debug\\fine-code-coverage\\_outputfolder\\diagnostics.datacollector.20-12-01_12-04-27_83271_4.log",
  "Level": 0
}
TpTrace Verbose: 0 : 5372, 4, 2020/12/01, 12:04:28.337, 10283133555556, vstest.console.dll, DataCollectionRequestSender.SendBeforeTestRunStartAndGetResult : Received message: (DataCollection.BeforeTestRunStartResult) -> {
  "EnvironmentVariables": {},
  "DataCollectionEventsPort": 60658
}
TpTrace Information: 0 : 5372, 4, 2020/12/01, 12:04:28.342, 10283133607638, vstest.console.dll, ProxyDataCollectionManager.BeforeTestRunStart: SendBeforeTestRunStartAndGetResult successful, env variable from datacollector:   and testhost port: 60658
TpTrace Information: 0 : 5372, 4, 2020/12/01, 12:04:28.342, 10283133610368, vstest.console.dll, ProxyDataCollectionManager.InvokeDataCollectionServiceAction: Completed.
TpTrace Verbose: 0 : 5372, 1, 2020/12/01, 12:04:28.343, 10283133613048, vstest.console.dll, TestRunRequest.ExecuteAsync: Creating test run request.
TpTrace Verbose: 0 : 5372, 1, 2020/12/01, 12:04:28.343, 10283133617404, vstest.console.dll, TestRunRequest.ExecuteAsync: Starting.
TpTrace Information: 0 : 5372, 1, 2020/12/01, 12:04:28.343, 10283133620737, vstest.console.dll, TestRunRequest.ExecuteAsync: Starting run with settings:TestRunCriteria:
   KeepAlive=False,FrequencyOfRunStatsChangeEvent=10,RunStatsChangeEventTimeout=00:00:01.5000000,TestCaseFilter=,TestExecutorLauncher=
   Settingsxml=<RunSettings>
  <RunConfiguration>
    <ResultsDirectory>C:\Users\Muhamed\Documents\Fax\VVS\VVS-Zadaca2-GrupaRS3-EMM-master\VVS-Zadaca2-GrupaRS3-EMM-master\Tinder.ba\Unit Testovi\bin\Debug\fine-code-coverage\_outputfolder</ResultsDirectory>
    <TargetPlatform>X64</TargetPlatform>
    <TargetFrameworkVersion>.NETCoreApp,Version=v3.1</TargetFrameworkVersion>
    <DesignMode>False</DesignMode>
    <CollectSourceInformation>False</CollectSourceInformation>
  </RunConfiguration>
  <LoggerRunSettings>
    <Loggers>
      <Logger friendlyName="blame" enabled="True" />
      <Logger friendlyName="Console" uri="logger://microsoft/TestPlatform/ConsoleLogger/v1" assemblyQualifiedName="Microsoft.VisualStudio.TestPlatform.CommandLine.Internal.ConsoleLogger, vstest.console, Version=15.0.0.0, Culture=neutral, PublicKeyToken=b03f5f7f11d50a3a" codeBase="C:\Program Files\dotnet\sdk\5.0.100\vstest.console.dll" enabled="True" />
    </Loggers>
  </LoggerRunSettings>
  <DataCollectionRunSettings>
    <DataCollectors>
      <DataCollector friendlyName="blame" enabled="True">
        <Configuration>
          <ResultsDirectory>C:\Users\Muhamed\Documents\Fax\VVS\VVS-Zadaca2-GrupaRS3-EMM-master\VVS-Zadaca2-GrupaRS3-EMM-master\Tinder.ba\Unit Testovi\bin\Debug\fine-code-coverage\_outputfolder</ResultsDirectory>
        </Configuration>
      </DataCollector>
    </DataCollectors>
  </DataCollectionRunSettings>
</RunSettings>

TpTrace Verbose: 0 : 5372, 1, 2020/12/01, 12:04:28.344, 10283133624991, vstest.console.dll, TestRunRequest.ExecuteAsync: Wait for the first run request is over.
TpTrace Verbose: 0 : 5372, 1, 2020/12/01, 12:04:28.345, 10283133639067, vstest.console.dll, ParallelProxyExecutionManager: Start execution. Total sources: 1
TpTrace Information: 0 : 5372, 1, 2020/12/01, 12:04:28.347, 10283133662367, vstest.console.dll, ProxyParallelExecutionManager: Triggering test run for next source: C:\Users\Muhamed\Documents\Fax\VVS\VVS-Zadaca2-GrupaRS3-EMM-master\VVS-Zadaca2-GrupaRS3-EMM-master\Tinder.ba\Unit Testovi\bin\Debug\fine-code-coverage\Unit Testovi.dll
TpTrace Verbose: 0 : 5372, 4, 2020/12/01, 12:04:28.348, 10283133666725, vstest.console.dll, ParallelProxyExecutionManager: Execution started. Started clients: 1
TpTrace Verbose: 0 : 5372, 1, 2020/12/01, 12:04:28.348, 10283133667752, vstest.console.dll, ProxyParallelExecutionManager: No sources available for execution.
TpTrace Information: 0 : 5372, 1, 2020/12/01, 12:04:28.348, 10283133669789, vstest.console.dll, TestRunRequest.ExecuteAsync: Started.
TpTrace Verbose: 0 : 5372, 1, 2020/12/01, 12:04:28.348, 10283133671875, vstest.console.dll, TestRunRequest.WaitForCompletion: Waiting with timeout -1.
TpTrace Verbose: 0 : 5372, 4, 2020/12/01, 12:04:28.349, 10283133673465, vstest.console.dll, TestRunRequest:SendTestRunMessage: Starting.
TpTrace Information: 0 : 5372, 4, 2020/12/01, 12:04:28.349, 10283133675935, vstest.console.dll, TestRunRequest:SendTestRunMessage: Completed.
TpTrace Verbose: 0 : 5372, 4, 2020/12/01, 12:04:28.349, 10283133678964, vstest.console.dll, ProxyExecutionManager: Test host is always Lazy initialize.
TpTrace Verbose: 0 : 5372, 4, 2020/12/01, 12:04:28.349, 10283133682620, vstest.console.dll, TestRequestSender.InitializeCommunication: initialize communication. 
TpTrace Information: 0 : 5372, 4, 2020/12/01, 12:04:28.350, 10283133691856, vstest.console.dll, SocketServer.Start: Listening on endpoint : 127.0.0.1:60659
TpTrace Verbose: 0 : 5372, 4, 2020/12/01, 12:04:28.352, 10283133703191, vstest.console.dll, DotnetTestHostmanager: Adding  --runtimeconfig "C:\Users\Muhamed\Documents\Fax\VVS\VVS-Zadaca2-GrupaRS3-EMM-master\VVS-Zadaca2-GrupaRS3-EMM-master\Tinder.ba\Unit Testovi\bin\Debug\fine-code-coverage\Unit Testovi.runtimeconfig.json" in args
TpTrace Verbose: 0 : 5372, 4, 2020/12/01, 12:04:28.352, 10283133705607, vstest.console.dll, DotnetTestHostmanager: Adding  --depsfile "C:\Users\Muhamed\Documents\Fax\VVS\VVS-Zadaca2-GrupaRS3-EMM-master\VVS-Zadaca2-GrupaRS3-EMM-master\Tinder.ba\Unit Testovi\bin\Debug\fine-code-coverage\Unit Testovi.deps.json" in args
TpTrace Information: 0 : 5372, 4, 2020/12/01, 12:04:28.353, 10283133713320, vstest.console.dll, AssemblyResolver.OnResolve: Microsoft.Extensions.DependencyModel: Resolving assembly.
TpTrace Information: 0 : 5372, 4, 2020/12/01, 12:04:28.355, 10283133735371, vstest.console.dll, AssemblyResolver.OnResolve: Resolved assembly: Microsoft.Extensions.DependencyModel, from path: C:\Program Files\dotnet\sdk\5.0.100\Microsoft.Extensions.DependencyModel.dll
TpTrace Verbose: 0 : 5372, 4, 2020/12/01, 12:04:28.356, 10283133746518, vstest.console.dll, DotnetTestHostmanager: Reading file C:\Users\Muhamed\Documents\Fax\VVS\VVS-Zadaca2-GrupaRS3-EMM-master\VVS-Zadaca2-GrupaRS3-EMM-master\Tinder.ba\Unit Testovi\bin\Debug\fine-code-coverage\Unit Testovi.deps.json to get path of testhost.dll
TpTrace Verbose: 0 : 5372, 4, 2020/12/01, 12:04:28.385, 10283134039571, vstest.console.dll, DotnetTestHostmanager: Relative path of testhost.dll with respect to package folder is microsoft.testplatform.testhost/16.5.0\lib/netcoreapp2.1/testhost.dll
TpTrace Verbose: 0 : 5372, 4, 2020/12/01, 12:04:28.386, 10283134049507, vstest.console.dll, DotnetTestHostmanager: Looking for path microsoft.testplatform.testhost/16.5.0\lib/netcoreapp2.1/testhost.dll in folder C:\Users\Muhamed\.dotnet\store\|arch|\|tfm|
TpTrace Verbose: 0 : 5372, 4, 2020/12/01, 12:04:28.386, 10283134051979, vstest.console.dll, DotnetTestHostmanager: Looking for path microsoft.testplatform.testhost/16.5.0\lib/netcoreapp2.1/testhost.dll in folder C:\Users\Muhamed\.nuget\packages
TpTrace Verbose: 0 : 5372, 4, 2020/12/01, 12:04:28.387, 10283134057213, vstest.console.dll, DotnetTestHostManager: Testhost.exe/testhost.x86.exe found at path: C:\Users\Muhamed\.nuget\packages\microsoft.testplatform.testhost\16.5.0\build\netcoreapp2.1\x64\testhost.exe
TpTrace Verbose: 0 : 5372, 4, 2020/12/01, 12:04:28.387, 10283134058878, vstest.console.dll, DotnetTestHostmanager: Full path of host exe is C:\Users\Muhamed\.nuget\packages\microsoft.testplatform.testhost\16.5.0\build\netcoreapp2.1\x64\testhost.exe
TpTrace Verbose: 0 : 5372, 6, 2020/12/01, 12:04:28.389, 10283134073942, vstest.console.dll, DotnetTestHostManager: Starting process 'C:\Users\Muhamed\.nuget\packages\microsoft.testplatform.testhost\16.5.0\build\netcoreapp2.1\x64\testhost.exe' with command line ' --runtimeconfig "C:\Users\Muhamed\Documents\Fax\VVS\VVS-Zadaca2-GrupaRS3-EMM-master\VVS-Zadaca2-GrupaRS3-EMM-master\Tinder.ba\Unit Testovi\bin\Debug\fine-code-coverage\Unit Testovi.runtimeconfig.json" --depsfile "C:\Users\Muhamed\Documents\Fax\VVS\VVS-Zadaca2-GrupaRS3-EMM-master\VVS-Zadaca2-GrupaRS3-EMM-master\Tinder.ba\Unit Testovi\bin\Debug\fine-code-coverage\Unit Testovi.deps.json" --port 60659 --endpoint 127.0.0.1:060659 --role client --parentprocessid 5372 --diag "C:\Users\Muhamed\Documents\Fax\VVS\VVS-Zadaca2-GrupaRS3-EMM-master\VVS-Zadaca2-GrupaRS3-EMM-master\Tinder.ba\Unit Testovi\bin\Debug\fine-code-coverage\_outputfolder\diagnostics.host.20-12-01_12-04-28_35139_4.log" --tracelevel 4 --datacollectionport 60658 --telemetryoptedin false'
TpTrace Verbose: 0 : 5372, 6, 2020/12/01, 12:04:28.395, 10283134141944, vstest.console.dll, Test Runtime launched
TpTrace Verbose: 0 : 5372, 4, 2020/12/01, 12:04:28.397, 10283134154272, vstest.console.dll, TestRequestSender.WaitForRequestHandlerConnection: waiting for connection with timeout: 90000
TpTrace Verbose: 0 : 5372, 10, 2020/12/01, 12:04:28.640, 10283136585682, vstest.console.dll, SocketServer.OnClientConnected: Client connected for endPoint: 127.0.0.1:60659, starting MessageLoopAsync:
TpTrace Verbose: 0 : 5372, 10, 2020/12/01, 12:04:28.640, 10283136589508, vstest.console.dll, TcpClientExtensions.MessageLoopAsync: Polling on remoteEndPoint: 127.0.0.1:60660 localEndPoint: 127.0.0.1:60659
TpTrace Verbose: 0 : 5372, 10, 2020/12/01, 12:04:28.892, 10283139107543, vstest.console.dll, TcpClientExtensions.MessageLoopAsync: NotifyDataAvailable remoteEndPoint: 127.0.0.1:60660 localEndPoint: 127.0.0.1:60659
TpTrace Verbose: 0 : 5372, 10, 2020/12/01, 12:04:28.892, 10283139112066, vstest.console.dll, TestRequestSender.CheckVersionWithTestHost: onMessageReceived received message: (ProtocolVersion) -> 2
TpTrace Verbose: 0 : 5372, 10, 2020/12/01, 12:04:28.893, 10283139121092, vstest.console.dll, TcpClientExtensions.MessageLoopAsync: Polling on remoteEndPoint: 127.0.0.1:60660 localEndPoint: 127.0.0.1:60659
TpTrace Verbose: 0 : 5372, 4, 2020/12/01, 12:04:28.893, 10283139122426, vstest.console.dll, TestPluginCache.GetExtensionPaths: Filtered extension paths: 
TpTrace Verbose: 0 : 5372, 4, 2020/12/01, 12:04:28.894, 10283139124990, vstest.console.dll, TestPluginCache.GetExtensionPaths: Added default extension paths: C:\Program Files\dotnet\sdk\5.0.100\Extensions\Microsoft.Diagnostics.NETCore.Client.dll
C:\Program Files\dotnet\sdk\5.0.100\Extensions\Microsoft.TestPlatform.Extensions.BlameDataCollector.dll
C:\Program Files\dotnet\sdk\5.0.100\Extensions\Microsoft.TestPlatform.Extensions.EventLogCollector.dll
C:\Program Files\dotnet\sdk\5.0.100\Extensions\Microsoft.TestPlatform.TestHostRuntimeProvider.dll
C:\Program Files\dotnet\sdk\5.0.100\Extensions\Microsoft.VisualStudio.TestPlatform.Extensions.Html.TestLogger.dll
C:\Program Files\dotnet\sdk\5.0.100\Extensions\Microsoft.VisualStudio.TestPlatform.Extensions.Trx.TestLogger.dll
TpTrace Verbose: 0 : 5372, 4, 2020/12/01, 12:04:28.894, 10283139126178, vstest.console.dll, TestPluginCache.GetExtensionPaths: Added unfilterableExtensionPaths: 
TpTrace Verbose: 0 : 5372, 4, 2020/12/01, 12:04:28.899, 10283139174945, vstest.console.dll, TestRequestSender.InitializeExecution: Sending initializing execution with message: {"Version":2,"MessageType":"TestExecution.Initialize","Payload":["C:\\Users\\Muhamed\\Documents\\Fax\\VVS\\VVS-Zadaca2-GrupaRS3-EMM-master\\VVS-Zadaca2-GrupaRS3-EMM-master\\Tinder.ba\\Unit Testovi\\bin\\Debug\\fine-code-coverage\\Microsoft.VisualStudio.TestPlatform.MSTest.TestAdapter.dll"]}
TpTrace Verbose: 0 : 5372, 4, 2020/12/01, 12:04:28.912, 10283139303470, vstest.console.dll, TestRequestSender.StartTestRun: Sending test run with message: {"Version":2,"MessageType":"TestExecution.StartWithSources","Payload":{"AdapterSourceMap":{"_none_":["C:\\Users\\Muhamed\\Documents\\Fax\\VVS\\VVS-Zadaca2-GrupaRS3-EMM-master\\VVS-Zadaca2-GrupaRS3-EMM-master\\Tinder.ba\\Unit Testovi\\bin\\Debug\\fine-code-coverage\\Unit Testovi.dll"]},"RunSettings":"<RunSettings>\r\n  <RunConfiguration>\r\n    <ResultsDirectory>C:\\Users\\Muhamed\\Documents\\Fax\\VVS\\VVS-Zadaca2-GrupaRS3-EMM-master\\VVS-Zadaca2-GrupaRS3-EMM-master\\Tinder.ba\\Unit Testovi\\bin\\Debug\\fine-code-coverage\\_outputfolder</ResultsDirectory>\r\n    <TargetPlatform>X64</TargetPlatform>\r\n    <TargetFrameworkVersion>.NETCoreApp,Version=v3.1</TargetFrameworkVersion>\r\n    <DesignMode>False</DesignMode>\r\n    <CollectSourceInformation>False</CollectSourceInformation>\r\n  </RunConfiguration>\r\n  <LoggerRunSettings>\r\n    <Loggers>\r\n      <Logger friendlyName=\"blame\" enabled=\"True\" />\r\n      <Logger friendlyName=\"Console\" uri=\"logger://microsoft/TestPlatform/ConsoleLogger/v1\" assemblyQualifiedName=\"Microsoft.VisualStudio.TestPlatform.CommandLine.Internal.ConsoleLogger, vstest.console, Version=15.0.0.0, Culture=neutral, PublicKeyToken=b03f5f7f11d50a3a\" codeBase=\"C:\\Program Files\\dotnet\\sdk\\5.0.100\\vstest.console.dll\" enabled=\"True\" />\r\n    </Loggers>\r\n  </LoggerRunSettings>\r\n  <DataCollectionRunSettings>\r\n    <DataCollectors>\r\n      <DataCollector friendlyName=\"blame\" enabled=\"True\">\r\n        <Configuration>\r\n          <ResultsDirectory>C:\\Users\\Muhamed\\Documents\\Fax\\VVS\\VVS-Zadaca2-GrupaRS3-EMM-master\\VVS-Zadaca2-GrupaRS3-EMM-master\\Tinder.ba\\Unit Testovi\\bin\\Debug\\fine-code-coverage\\_outputfolder</ResultsDirectory>\r\n        </Configuration>\r\n      </DataCollector>\r\n    </DataCollectors>\r\n  </DataCollectionRunSettings>\r\n</RunSettings>","TestExecutionContext":{"FrequencyOfRunStatsChangeEvent":10,"RunStatsChangeEventTimeout":"00:00:01.5000000","InIsolation":false,"KeepAlive":false,"AreTestCaseLevelEventsRequired":false,"IsDebug":false,"TestCaseFilter":null,"FilterOptions":null},"Package":null}}
TpTrace Verbose: 0 : 5372, 10, 2020/12/01, 12:04:28.914, 10283139326062, vstest.console.dll, TcpClientExtensions.MessageLoopAsync: NotifyDataAvailable remoteEndPoint: 127.0.0.1:60660 localEndPoint: 127.0.0.1:60659
TpTrace Verbose: 0 : 5372, 10, 2020/12/01, 12:04:28.914, 10283139329197, vstest.console.dll, TestRequestSender.OnExecutionMessageReceived: Received message: {"Version":2,"MessageType":"TestSession.Message","Payload":{"MessageLevel":0,"Message":"Logging TestHost Diagnostics in file: C:\\Users\\Muhamed\\Documents\\Fax\\VVS\\VVS-Zadaca2-GrupaRS3-EMM-master\\VVS-Zadaca2-GrupaRS3-EMM-master\\Tinder.ba\\Unit Testovi\\bin\\Debug\\fine-code-coverage\\_outputfolder\\diagnostics.host.20-12-01_12-04-28_35139_4.log"}}
TpTrace Verbose: 0 : 5372, 10, 2020/12/01, 12:04:28.918, 10283139367699, vstest.console.dll, TestRunRequest:SendTestRunMessage: Starting.
TpTrace Information: 0 : 5372, 10, 2020/12/01, 12:04:28.918, 10283139370654, vstest.console.dll, TestRunRequest:SendTestRunMessage: Completed.
TpTrace Verbose: 0 : 5372, 10, 2020/12/01, 12:04:28.918, 10283139372837, vstest.console.dll, TcpClientExtensions.MessageLoopAsync: Polling on remoteEndPoint: 127.0.0.1:60660 localEndPoint: 127.0.0.1:60659
TpTrace Verbose: 0 : 5372, 10, 2020/12/01, 12:04:29.555, 10283145739088, vstest.console.dll, TcpClientExtensions.MessageLoopAsync: NotifyDataAvailable remoteEndPoint: 127.0.0.1:60660 localEndPoint: 127.0.0.1:60659
TpTrace Verbose: 0 : 5372, 10, 2020/12/01, 12:04:29.556, 10283145746718, vstest.console.dll, TestRequestSender.OnExecutionMessageReceived: Received message: {"Version":2,"MessageType":"TestExecution.Completed","Payload":{"TestRunCompleteArgs":{"TestRunStatistics":{"ExecutedTests":4,"Stats":{"Failed":4}},"IsCanceled":false,"IsAborted":false,"Error":null,"AttachmentSets":[],"ElapsedTimeInRunningTests":"00:00:00.3667944","Metrics":{}},"LastRunTests":{"NewTestResults":[{"TestCase":{"Id":"1f188b79-6e7d-426e-cee7-535acfae4fe2","FullyQualifiedName":"Unit_Testovi.NoviTestovi.TestZamjenskiObjekti","DisplayName":"TestZamjenskiObjekti","ExecutorUri":"executor://MSTestAdapter/v2","Source":"C:\\Users\\Muhamed\\Documents\\Fax\\VVS\\VVS-Zadaca2-GrupaRS3-EMM-master\\VVS-Zadaca2-GrupaRS3-EMM-master\\Tinder.ba\\Unit Testovi\\bin\\Debug\\fine-code-coverage\\Unit Testovi.dll","CodeFilePath":null,"LineNumber":-1,"Properties":[{"Key":{"Id":"MSTestDiscoverer.TestClassName","Label":"ClassName","Category":"","Description":"","Attributes":1,"ValueType":"System.String"},"Value":"Unit_Testovi.NoviTestovi"},{"Key":{"Id":"TestObject.Traits","Label":"Traits","Category":"","Description":"","Attributes":5,"ValueType":"System.Collections.Generic.KeyValuePair`2[[System.String],[System.String]][]"},"Value":[]}]},"Attachments":[],"Outcome":2,"ErrorMessage":"Test method Unit_Testovi.NoviTestovi.TestZamjenskiObjekti threw exception: \r\nSystem.NotImplementedException: The method or operation is not implemented.","ErrorStackTrace":"    at Tinder.ba.Poruka.IzraƒçunajPotencijalPoruke() in C:\\Users\\Muhamed\\Documents\\Fax\\VVS\\VVS-Zadaca2-GrupaRS3-EMM-master\\VVS-Zadaca2-GrupaRS3-EMM-master\\Tinder.ba\\Tinder.ba\\Poruka.cs:line 65\r\n   at Tinder.ba.Tinder.<>c.<DaLiJeSpajanjeUspjesno>b__10_0(Poruka poruka) in C:\\Users\\Muhamed\\Documents\\Fax\\VVS\\VVS-Zadaca2-GrupaRS3-EMM-master\\VVS-Zadaca2-GrupaRS3-EMM-master\\Tinder.ba\\Tinder.ba\\Tinder.cs:line 102\r\n   at System.Collections.Generic.List`1.Find(Predicate`1 match)\r\n   at Tinder.ba.Tinder.DaLiJeSpajanjeUspjesno(Chat c, IRecenzija r) in C:\\Users\\Muhamed\\Documents\\Fax\\VVS\\VVS-Zadaca2-GrupaRS3-EMM-master\\VVS-Zadaca2-GrupaRS3-EMM-master\\Tinder.ba\\Tinder.ba\\Tinder.cs:line 102\r\n   at Unit_Testovi.NoviTestovi.TestZamjenskiObjekti() in C:\\Users\\Muhamed\\Documents\\Fax\\VVS\\VVS-Zadaca2-GrupaRS3-EMM-master\\VVS-Zadaca2-GrupaRS3-EMM-master\\Tinder.ba\\Unit Testovi\\NoviTestovi.cs:line 24\r\n","DisplayName":null,"Messages":[],"ComputerName":null,"Duration":"00:00:00.0463191","StartTime":"2020-12-01T12:04:29.3388279+01:00","EndTime":"2020-12-01T12:04:29.4369119+01:00","Properties":[{"Key":{"Id":"ExecutionId","Label":"ExecutionId","Category":"","Description":"","Attributes":1,"ValueType":"System.Guid"},"Value":"00000000-0000-0000-0000-000000000000"},{"Key":{"Id":"ParentExecId","Label":"ParentExecId","Category":"","Description":"","Attributes":1,"ValueType":"System.Guid"},"Value":"00000000-0000-0000-0000-000000000000"},{"Key":{"Id":"InnerResultsCount","Label":"InnerResultsCount","Category":"","Description":"","Attributes":1,"ValueType":"System.Int32"},"Value":0}]},{"TestCase":{"Id":"39000b5c-3ec2-cb14-5cc3-6b0da6f4e3d6","FullyQualifiedName":"Unit_Testovi.NoviTestovi.TestPotencijalChataVeliki","DisplayName":"TestPotencijalChataVeliki","ExecutorUri":"executor://MSTestAdapter/v2","Source":"C:\\Users\\Muhamed\\Documents\\Fax\\VVS\\VVS-Zadaca2-GrupaRS3-EMM-master\\VVS-Zadaca2-GrupaRS3-EMM-master\\Tinder.ba\\Unit Testovi\\bin\\Debug\\fine-code-coverage\\Unit Testovi.dll","CodeFilePath":null,"LineNumber":-1,"Properties":[{"Key":{"Id":"MSTestDiscoverer.TestClassName","Label":"ClassName","Category":"","Description":"","Attributes":1,"ValueType":"System.String"},"Value":"Unit_Testovi.NoviTestovi"},{"Key":{"Id":"TestObject.Traits","Label":"Traits","Category":"","Description":"","Attributes":5,"ValueType":"System.Collections.Generic.KeyValuePair`2[[System.String],[System.String]][]"},"Value":[]}]},"Attachments":[],"Outcome":2,"ErrorMessage":"Test method Unit_Testovi.NoviTestovi.TestPotencijalChataVeliki threw exception: \r\nSystem.NotImplementedException: The method or operation is not implemented.","ErrorStackTrace":"    at Tinder.ba.Tinder.PotencijalChata(Chat c) in C:\\Users\\Muhamed\\Documents\\Fax\\VVS\\VVS-Zadaca2-GrupaRS3-EMM-master\\VVS-Zadaca2-GrupaRS3-EMM-master\\Tinder.ba\\Tinder.ba\\Tinder.cs:line 112\r\n   at Unit_Testovi.NoviTestovi.TestPotencijalChataVeliki() in C:\\Users\\Muhamed\\Documents\\Fax\\VVS\\VVS-Zadaca2-GrupaRS3-EMM-master\\VVS-Zadaca2-GrupaRS3-EMM-master\\Tinder.ba\\Unit Testovi\\NoviTestovi.cs:line 45\r\n","DisplayName":null,"Messages":[],"ComputerName":null,"Duration":"00:00:00.0017187","StartTime":"2020-12-01T12:04:29.4711059+01:00","EndTime":"2020-12-01T12:04:29.4730819+01:00","Properties":[{"Key":{"Id":"ExecutionId","Label":"ExecutionId","Category":"","Description":"","Attributes":1,"ValueType":"System.Guid"},"Value":"00000000-0000-0000-0000-000000000000"},{"Key":{"Id":"ParentExecId","Label":"ParentExecId","Category":"","Description":"","Attributes":1,"ValueType":"System.Guid"},"Value":"00000000-0000-0000-0000-000000000000"},{"Key":{"Id":"InnerResultsCount","Label":"InnerResultsCount","Category":"","Description":"","Attributes":1,"ValueType":"System.Int32"},"Value":0}]},{"TestCase":{"Id":"91a7eed0-723a-2c19-08b3-37cd0fdbe5f9","FullyQualifiedName":"Unit_Testovi.NoviTestovi.TestPotencijalChataMali","DisplayName":"TestPotencijalChataMali","ExecutorUri":"executor://MSTestAdapter/v2","Source":"C:\\Users\\Muhamed\\Documents\\Fax\\VVS\\VVS-Zadaca2-GrupaRS3-EMM-master\\VVS-Zadaca2-GrupaRS3-EMM-master\\Tinder.ba\\Unit Testovi\\bin\\Debug\\fine-code-coverage\\Unit Testovi.dll","CodeFilePath":null,"LineNumber":-1,"Properties":[{"Key":{"Id":"MSTestDiscoverer.TestClassName","Label":"ClassName","Category":"","Description":"","Attributes":1,"ValueType":"System.String"},"Value":"Unit_Testovi.NoviTestovi"},{"Key":{"Id":"TestObject.Traits","Label":"Traits","Category":"","Description":"","Attributes":5,"ValueType":"System.Collections.Generic.KeyValuePair`2[[System.String],[System.String]][]"},"Value":[]}]},"Attachments":[],"Outcome":2,"ErrorMessage":"Test method Unit_Testovi.NoviTestovi.TestPotencijalChataMali threw exception: \r\nSystem.NotImplementedException: The method or operation is not implemented.","ErrorStackTrace":"    at Tinder.ba.Tinder.PotencijalChata(Chat c) in C:\\Users\\Muhamed\\Documents\\Fax\\VVS\\VVS-Zadaca2-GrupaRS3-EMM-master\\VVS-Zadaca2-GrupaRS3-EMM-master\\Tinder.ba\\Tinder.ba\\Tinder.cs:line 112\r\n   at Unit_Testovi.NoviTestovi.TestPotencijalChataMali() in C:\\Users\\Muhamed\\Documents\\Fax\\VVS\\VVS-Zadaca2-GrupaRS3-EMM-master\\VVS-Zadaca2-GrupaRS3-EMM-master\\Tinder.ba\\Unit Testovi\\NoviTestovi.cs:line 62\r\n","DisplayName":null,"Messages":[],"ComputerName":null,"Duration":"00:00:00.0010974","StartTime":"2020-12-01T12:04:29.4770256+01:00","EndTime":"2020-12-01T12:04:29.4784498+01:00","Properties":[{"Key":{"Id":"ExecutionId","Label":"ExecutionId","Category":"","Description":"","Attributes":1,"ValueType":"System.Guid"},"Value":"00000000-0000-0000-0000-000000000000"},{"Key":{"Id":"ParentExecId","Label":"ParentExecId","Category":"","Description":"","Attributes":1,"ValueType":"System.Guid"},"Value":"00000000-0000-0000-0000-000000000000"},{"Key":{"Id":"InnerResultsCount","Label":"InnerResultsCount","Category":"","Description":"","Attributes":1,"ValueType":"System.Int32"},"Value":0}]},{"TestCase":{"Id":"38eae18c-f9cd-11af-df60-e79774e5f173","FullyQualifiedName":"Unit_Testovi.NoviTestovi.TestPotencijalChataIzuzetak","DisplayName":"TestPotencijalChataIzuzetak","ExecutorUri":"executor://MSTestAdapter/v2","Source":"C:\\Users\\Muhamed\\Documents\\Fax\\VVS\\VVS-Zadaca2-GrupaRS3-EMM-master\\VVS-Zadaca2-GrupaRS3-EMM-master\\Tinder.ba\\Unit Testovi\\bin\\Debug\\fine-code-coverage\\Unit Testovi.dll","CodeFilePath":null,"LineNumber":-1,"Properties":[{"Key":{"Id":"MSTestDiscoverer.TestClassName","Label":"ClassName","Category":"","Description":"","Attributes":1,"ValueType":"System.String"},"Value":"Unit_Testovi.NoviTestovi"},{"Key":{"Id":"TestObject.Traits","Label":"Traits","Category":"","Description":"","Attributes":5,"ValueType":"System.Collections.Generic.KeyValuePair`2[[System.String],[System.String]][]"},"Value":[]}]},"Attachments":[],"Outcome":2,"ErrorMessage":"Test method threw exception System.NotImplementedException, but exception System.InvalidOperationException was expected. Exception message: System.NotImplementedException: The method or operation is not implemented.","ErrorStackTrace":"   at Tinder.ba.Tinder.PotencijalChata(Chat c) in C:\\Users\\Muhamed\\Documents\\Fax\\VVS\\VVS-Zadaca2-GrupaRS3-EMM-master\\VVS-Zadaca2-GrupaRS3-EMM-master\\Tinder.ba\\Tinder.ba\\Tinder.cs:line 112\r\n   at Unit_Testovi.NoviTestovi.TestPotencijalChataIzuzetak() in C:\\Users\\Muhamed\\Documents\\Fax\\VVS\\VVS-Zadaca2-GrupaRS3-EMM-master\\VVS-Zadaca2-GrupaRS3-EMM-master\\Tinder.ba\\Unit Testovi\\NoviTestovi.cs:line 80\r\n","DisplayName":null,"Messages":[],"ComputerName":null,"Duration":"00:00:00.0038713","StartTime":"2020-12-01T12:04:29.482205+01:00","EndTime":"2020-12-01T12:04:29.4866944+01:00","Properties":[{"Key":{"Id":"ExecutionId","Label":"ExecutionId","Category":"","Description":"","Attributes":1,"ValueType":"System.Guid"},"Value":"00000000-0000-0000-0000-000000000000"},{"Key":{"Id":"ParentExecId","Label":"ParentExecId","Category":"","Description":"","Attributes":1,"ValueType":"System.Guid"},"Value":"00000000-0000-0000-0000-000000000000"},{"Key":{"Id":"InnerResultsCount","Label":"InnerResultsCount","Category":"","Description":"","Attributes":1,"ValueType":"System.Int32"},"Value":0}]}],"TestRunStatistics":{"ExecutedTests":4,"Stats":{"Failed":4}},"ActiveTests":[]},"RunAttachments":[],"ExecutorUris":["executor://mstestadapter/v2"]}}
TpTrace Verbose: 0 : 5372, 10, 2020/12/01, 12:04:29.560, 10283145791767, vstest.console.dll, TestRequestSender.EndSession: Sending end session.
TpTrace Verbose: 0 : 5372, 10, 2020/12/01, 12:04:29.561, 10283145793901, vstest.console.dll, ProxyOperationManager.Close: waiting for test host to exit for 100 ms
TpTrace Warning: 0 : 5372, 6, 2020/12/01, 12:04:29.605, 10283146238399, vstest.console.dll, TestHostManagerCallbacks.ErrorReceivedCallback Test host standard error line: 
TpTrace Verbose: 0 : 5372, 7, 2020/12/01, 12:04:29.619, 10283146377963, vstest.console.dll, TestHostProvider.ExitCallBack: Host exited starting callback.
TpTrace Information: 0 : 5372, 7, 2020/12/01, 12:04:29.620, 10283146383128, vstest.console.dll, TestHostManagerCallbacks.ExitCallBack: Testhost processId: 7160 exited with exitcode: 0 error: ''
TpTrace Verbose: 0 : 5372, 7, 2020/12/01, 12:04:29.620, 10283146384066, vstest.console.dll, DotnetTestHostManager.OnHostExited: invoking OnHostExited callback
TpTrace Verbose: 0 : 5372, 7, 2020/12/01, 12:04:29.620, 10283146385242, vstest.console.dll, CrossPlatEngine.TestHostManagerHostExited: calling on client process exit callback.
TpTrace Information: 0 : 5372, 7, 2020/12/01, 12:04:29.620, 10283146386853, vstest.console.dll, TestRequestSender.OnClientProcessExit: Test host process exited. Standard error: 
TpTrace Warning: 0 : 5372, 10, 2020/12/01, 12:04:29.620, 10283146386908, vstest.console.dll, ProxyOperationManager: Timed out waiting for test host to exit. Will terminate process.
TpTrace Information: 0 : 5372, 7, 2020/12/01, 12:04:29.620, 10283146388563, vstest.console.dll, SocketServer.Stop: Stop server endPoint: 127.0.0.1:60659
TpTrace Information: 0 : 5372, 7, 2020/12/01, 12:04:29.620, 10283146391145, vstest.console.dll, SocketServer.Stop: Cancellation requested. Stopping message loop.
TpTrace Verbose: 0 : 5372, 10, 2020/12/01, 12:04:29.621, 10283146402732, vstest.console.dll, ProxyDataCollectionManager.InvokeDataCollectionServiceAction: Starting.
TpTrace Information: 0 : 5372, 10, 2020/12/01, 12:04:29.622, 10283146404714, vstest.console.dll, ProxyDataCollectionManager.AfterTestRunEnd: Get attachment set for datacollector processId: 9444 port: 60656
TpTrace Verbose: 0 : 5372, 10, 2020/12/01, 12:04:29.622, 10283146406979, vstest.console.dll, DataCollectionRequestSender.SendAfterTestRunStartAndGetResult : Send AfterTestRunEnd message with isCancelled: False
TpTrace Verbose: 0 : 5372, 10, 2020/12/01, 12:04:29.627, 10283146455917, vstest.console.dll, DataCollectionRequestSender.SendAfterTestRunStartAndGetResult : Received message: (DataCollection.SendMessage) -> {
  "FriendlyName": "Blame",
  "Uri": "datacollector://Microsoft/TestPlatform/Extensions/Blame/v1",
  "TestCaseId": "00000000-0000-0000-0000-000000000000",
  "Message": "All tests finished running, Sequence file will not be generated",
  "Level": 1
}
TpTrace Verbose: 0 : 5372, 10, 2020/12/01, 12:04:29.627, 10283146459770, vstest.console.dll, TestRunRequest:SendTestRunMessage: Starting.
TpTrace Information: 0 : 5372, 10, 2020/12/01, 12:04:29.627, 10283146461211, vstest.console.dll, TestRunRequest:SendTestRunMessage: Completed.
TpTrace Verbose: 0 : 5372, 10, 2020/12/01, 12:04:29.627, 10283146462870, vstest.console.dll, DataCollectionRequestSender.SendAfterTestRunStartAndGetResult : Received message: (DataCollection.AfterTestRunEndResult) -> []
TpTrace Information: 0 : 5372, 10, 2020/12/01, 12:04:29.630, 10283146489968, vstest.console.dll, ProxyDataCollectionManager.InvokeDataCollectionServiceAction: Completed.
TpTrace Warning: 0 : 5372, 9, 2020/12/01, 12:04:29.637, 10283146556500, vstest.console.dll, DataCollectionLauncher.ErrorReceivedCallback datacollector standard error line: 
TpTrace Information: 0 : 5372, 7, 2020/12/01, 12:04:29.650, 10283146684523, vstest.console.dll, DataCollectionLauncher.ExitCallBack: Data collector exited with exitcode: 0 error: ''
TpTrace Verbose: 0 : 5372, 10, 2020/12/01, 12:04:29.740, 10283147590382, vstest.console.dll, TestRunRequest:SendTestRunStatsChange: Starting.
TpTrace Information: 0 : 5372, 10, 2020/12/01, 12:04:29.741, 10283147594347, vstest.console.dll, TestRunRequest:SendTestRunStatsChange: Completed.
TpTrace Verbose: 0 : 5372, 10, 2020/12/01, 12:04:29.741, 10283147596988, vstest.console.dll, ParallelProxyExecutionManager: HandlePartialRunComplete: Total completed clients = 1, Run complete = True, Run canceled: False.
TpTrace Verbose: 0 : 5372, 10, 2020/12/01, 12:04:29.766, 10283147852623, vstest.console.dll, TestRunRequest:TestRunComplete: Starting. IsAborted:False IsCanceled:False.
TpTrace Verbose: 0 : 5372, 10, 2020/12/01, 12:04:29.767, 10283147855167, vstest.console.dll, TestLoggerManager.HandleTestRunComplete: Ignoring as the object is disposed.
TpTrace Information: 0 : 5372, 10, 2020/12/01, 12:04:29.767, 10283147858800, vstest.console.dll, TestRunRequest:TestRunComplete: Completed.
TpTrace Verbose: 0 : 5372, 1, 2020/12/01, 12:04:29.767, 10283147858982, vstest.console.dll, TestRunRequest.Dispose: Starting.
TpTrace Verbose: 0 : 5372, 10, 2020/12/01, 12:04:29.767, 10283147859849, vstest.console.dll, TestRequestSender.SetOperationComplete: Setting operation complete.
TpTrace Information: 0 : 5372, 1, 2020/12/01, 12:04:29.767, 10283147860985, vstest.console.dll, TestRunRequest.Dispose: Completed.
TpTrace Information: 0 : 5372, 10, 2020/12/01, 12:04:29.767, 10283147861849, vstest.console.dll, SocketServer.Stop: Stop server endPoint: 127.0.0.1:60659
TpTrace Information: 0 : 5372, 1, 2020/12/01, 12:04:29.767, 10283147862824, vstest.console.dll, TestRequestManager.RunTests: run tests completed.
TpTrace Information: 0 : 5372, 10, 2020/12/01, 12:04:29.768, 10283147863489, vstest.console.dll, SocketServer.Stop: Cancellation requested. Stopping message loop.
TpTrace Information: 0 : 5372, 1, 2020/12/01, 12:04:29.768, 10283147864776, vstest.console.dll, RunTestsArgumentProcessor:Execute: Test run is completed.
TpTrace Information: 0 : 5372, 10, 2020/12/01, 12:04:29.768, 10283147865288, vstest.console.dll, SocketServer.PrivateStop: Stop server endPoint: 127.0.0.1:60659 error: 
TpTrace Verbose: 0 : 5372, 1, 2020/12/01, 12:04:29.768, 10283147866061, vstest.console.dll, Executor.Execute: Exiting with exit code of 1
TpTrace Verbose: 0 : 5372, 10, 2020/12/01, 12:04:29.775, 10283147936970, vstest.console.dll, LengthPrefixCommunicationChannel.Dispose: Dispose reader and writer.
TpTrace Information: 0 : 5372, 10, 2020/12/01, 12:04:29.775, 10283147939431, vstest.console.dll, SocketServer.Stop: Raise disconnected event endPoint: 127.0.0.1:60659 error: 
TpTrace Verbose: 0 : 5372, 10, 2020/12/01, 12:04:29.775, 10283147942916, vstest.console.dll, TestRequestSender: OnTestRunAbort: Operation is already complete. Skip error message.
TpTrace Verbose: 0 : 5372, 10, 2020/12/01, 12:04:29.776, 10283147950450, vstest.console.dll, TcpClientExtensions.MessageLoopAsync: exiting MessageLoopAsync remoteEndPoint: 127.0.0.1:60660 localEndPoint: 127.0.0.1:60659
