TpTrace Information: 0 : 5432, 1, 2020/12/01, 16:38:34.428, 10447594488735, testhost.dll, DefaultEngineInvoker.Invoke: Testhost process started with args :[--port, 58111],[--endpoint, 127.0.0.1:058111],[--role, client],[--parentprocessid, 14332],[--diag, C:\Users\Muhamed\Source\Repos\VVS-Zadaca2-GrupaRS3-EMM\Tinder.ba\Unit Testovi\bin\Debug\fine-code-coverage\_outputfolder\diagnostics.host.20-12-01_16-38-34_13489_4.log],[--tracelevel, 4],[--datacollectionport, 58110],[--telemetryoptedin, false]
TpTrace Information: 0 : 5432, 1, 2020/12/01, 16:38:34.436, 10447594543180, testhost.dll, DefaultEngineInvoker.SetParentProcessExitCallback: Monitoring parent process with id: '14332'
TpTrace Information: 0 : 5432, 1, 2020/12/01, 16:38:34.451, 10447594701297, testhost.dll, DefaultEngineInvoker.GetConnectionInfo: Initialize communication on endpoint address: '127.0.0.1:058111'
TpTrace Information: 0 : 5432, 1, 2020/12/01, 16:38:34.477, 10447594957014, testhost.dll, SocketClient.Start: connecting to server endpoint: 127.0.0.1:058111
TpTrace Information: 0 : 5432, 1, 2020/12/01, 16:38:34.485, 10447595037125, testhost.dll, DefaultEngineInvoker.ConnectToDatacollector: Connecting to datacollector, port: 58110
TpTrace Information: 0 : 5432, 5, 2020/12/01, 16:38:34.487, 10447595054488, testhost.dll, SocketClient.OnServerConnected: connected to server endpoint: 127.0.0.1:058111
TpTrace Verbose: 0 : 5432, 5, 2020/12/01, 16:38:34.490, 10447595083638, testhost.dll, Connected to server, and starting MessageLoopAsync
TpTrace Information: 0 : 5432, 1, 2020/12/01, 16:38:34.490, 10447595087880, testhost.dll, Trying to connect to server on socket : 127.0.0.1:58110 
TpTrace Verbose: 0 : 5432, 1, 2020/12/01, 16:38:34.491, 10447595096284, testhost.dll, SocketCommunicationManager : SetupClientAsync : Attempting to connect to the server.
TpTrace Information: 0 : 5432, 10, 2020/12/01, 16:38:34.494, 10447595123652, testhost.dll, Connected to the server successfully 
TpTrace Information: 0 : 5432, 10, 2020/12/01, 16:38:34.494, 10447595125626, testhost.dll, Using the buffer size of 16384 bytes
TpTrace Verbose: 0 : 5432, 9, 2020/12/01, 16:38:34.494, 10447595127460, testhost.dll, TcpClientExtensions.MessageLoopAsync: Polling on remoteEndPoint: [::ffff:127.0.0.1]:58111 localEndPoint: [::ffff:127.0.0.1]:58113
TpTrace Verbose: 0 : 5432, 9, 2020/12/01, 16:38:34.494, 10447595132301, testhost.dll, TcpClientExtensions.MessageLoopAsync: NotifyDataAvailable remoteEndPoint: [::ffff:127.0.0.1]:58111 localEndPoint: [::ffff:127.0.0.1]:58113
TpTrace Information: 0 : 5432, 1, 2020/12/01, 16:38:34.495, 10447595135406, testhost.dll, DefaultEngineInvoker.Invoke: Start Request Processing.
TpTrace Information: 0 : 5432, 11, 2020/12/01, 16:38:34.496, 10447595146408, testhost.dll, DefaultEngineInvoker.StartProcessingAsync: Connected to vstest.console, Starting process requests.
TpTrace Information: 0 : 5432, 9, 2020/12/01, 16:38:34.740, 10447597592911, testhost.dll, TestRequestHandler.ProcessRequests: received message: (ProtocolVersion) -> 3
TpTrace Verbose: 0 : 5432, 9, 2020/12/01, 16:38:34.793, 10447598113809, testhost.dll, TestRequestHandler.SendData:  sending data from testhost: {"Version":2,"MessageType":"TestSession.Message","Payload":{"MessageLevel":0,"Message":"Logging TestHost Diagnostics in file: C:\\Users\\Muhamed\\Source\\Repos\\VVS-Zadaca2-GrupaRS3-EMM\\Tinder.ba\\Unit Testovi\\bin\\Debug\\fine-code-coverage\\_outputfolder\\diagnostics.host.20-12-01_16-38-34_13489_4.log"}}
TpTrace Verbose: 0 : 5432, 9, 2020/12/01, 16:38:34.793, 10447598116413, testhost.dll, TcpClientExtensions.MessageLoopAsync: Polling on remoteEndPoint: [::ffff:127.0.0.1]:58111 localEndPoint: [::ffff:127.0.0.1]:58113
TpTrace Verbose: 0 : 5432, 9, 2020/12/01, 16:38:34.793, 10447598118244, testhost.dll, TcpClientExtensions.MessageLoopAsync: NotifyDataAvailable remoteEndPoint: [::ffff:127.0.0.1]:58111 localEndPoint: [::ffff:127.0.0.1]:58113
TpTrace Information: 0 : 5432, 9, 2020/12/01, 16:38:34.800, 10447598183404, testhost.dll, TestRequestHandler.ProcessRequests: received message: (TestExecution.Initialize) -> [
  "C:\\Users\\Muhamed\\Source\\Repos\\VVS-Zadaca2-GrupaRS3-EMM\\Tinder.ba\\Unit Testovi\\bin\\Debug\\fine-code-coverage\\Microsoft.VisualStudio.TestPlatform.MSTest.TestAdapter.dll"
]
TpTrace Information: 0 : 5432, 9, 2020/12/01, 16:38:34.800, 10447598186413, testhost.dll, Execution Session Initialize.
TpTrace Verbose: 0 : 5432, 9, 2020/12/01, 16:38:34.813, 10447598318889, testhost.dll, TcpClientExtensions.MessageLoopAsync: Polling on remoteEndPoint: [::ffff:127.0.0.1]:58111 localEndPoint: [::ffff:127.0.0.1]:58113
TpTrace Verbose: 0 : 5432, 9, 2020/12/01, 16:38:34.813, 10447598321047, testhost.dll, TcpClientExtensions.MessageLoopAsync: NotifyDataAvailable remoteEndPoint: [::ffff:127.0.0.1]:58111 localEndPoint: [::ffff:127.0.0.1]:58113
TpTrace Verbose: 0 : 5432, 4, 2020/12/01, 16:38:34.816, 10447598349808, testhost.dll, TestExecutorService: Loading the extensions
TpTrace Information: 0 : 5432, 9, 2020/12/01, 16:38:34.818, 10447598368617, testhost.dll, TestRequestHandler.ProcessRequests: received message: (TestExecution.StartWithSources) -> {
  "AdapterSourceMap": {
    "_none_": [
      "C:\\Users\\Muhamed\\Source\\Repos\\VVS-Zadaca2-GrupaRS3-EMM\\Tinder.ba\\Unit Testovi\\bin\\Debug\\fine-code-coverage\\Unit Testovi.dll"
    ]
  },
  "RunSettings": "<RunSettings>\r\n  <RunConfiguration>\r\n    <ResultsDirectory>C:\\Users\\Muhamed\\Source\\Repos\\VVS-Zadaca2-GrupaRS3-EMM\\Tinder.ba\\Unit Testovi\\bin\\Debug\\fine-code-coverage\\_outputfolder</ResultsDirectory>\r\n    <TargetPlatform>X64</TargetPlatform>\r\n    <TargetFrameworkVersion>.NETCoreApp,Version=v3.1</TargetFrameworkVersion>\r\n    <DesignMode>False</DesignMode>\r\n    <CollectSourceInformation>False</CollectSourceInformation>\r\n  </RunConfiguration>\r\n  <LoggerRunSettings>\r\n    <Loggers>\r\n      <Logger friendlyName=\"blame\" enabled=\"True\" />\r\n      <Logger friendlyName=\"Console\" uri=\"logger://microsoft/TestPlatform/ConsoleLogger/v1\" assemblyQualifiedName=\"Microsoft.VisualStudio.TestPlatform.CommandLine.Internal.ConsoleLogger, vstest.console, Version=15.0.0.0, Culture=neutral, PublicKeyToken=b03f5f7f11d50a3a\" codeBase=\"C:\\Program Files\\dotnet\\sdk\\5.0.100\\vstest.console.dll\" enabled=\"True\" />\r\n    </Loggers>\r\n  </LoggerRunSettings>\r\n  <DataCollectionRunSettings>\r\n    <DataCollectors>\r\n      <DataCollector friendlyName=\"blame\" enabled=\"True\">\r\n        <Configuration>\r\n          <ResultsDirectory>C:\\Users\\Muhamed\\Source\\Repos\\VVS-Zadaca2-GrupaRS3-EMM\\Tinder.ba\\Unit Testovi\\bin\\Debug\\fine-code-coverage\\_outputfolder</ResultsDirectory>\r\n        </Configuration>\r\n      </DataCollector>\r\n    </DataCollectors>\r\n  </DataCollectionRunSettings>\r\n</RunSettings>",
  "TestExecutionContext": {
    "FrequencyOfRunStatsChangeEvent": 10,
    "RunStatsChangeEventTimeout": "00:00:01.5000000",
    "InIsolation": false,
    "KeepAlive": false,
    "AreTestCaseLevelEventsRequired": false,
    "IsDebug": false,
    "TestCaseFilter": null,
    "FilterOptions": null
  },
  "Package": null
}
TpTrace Information: 0 : 5432, 9, 2020/12/01, 16:38:34.819, 10447598373121, testhost.dll, Execution started.
TpTrace Verbose: 0 : 5432, 4, 2020/12/01, 16:38:34.819, 10447598373522, testhost.dll, TestPluginCache.DiscoverTestExtensions: finding test extensions in assemblies endswith: TestAdapter.dll TPluginInfo: Microsoft.VisualStudio.TestPlatform.Common.ExtensionFramework.Utilities.TestExecutorPluginInformation TExtension: Microsoft.VisualStudio.TestPlatform.ObjectModel.Adapter.ITestExecutor
TpTrace Verbose: 0 : 5432, 4, 2020/12/01, 16:38:34.821, 10447598396418, testhost.dll, TestPluginCache.GetExtensionPaths: Filtered extension paths: 
TpTrace Verbose: 0 : 5432, 4, 2020/12/01, 16:38:34.822, 10447598408020, testhost.dll, TestPluginCache.GetExtensionPaths: Added default extension paths: C:\Users\Muhamed\Source\Repos\VVS-Zadaca2-GrupaRS3-EMM\Tinder.ba\Unit Testovi\bin\Debug\fine-code-coverage\Microsoft.VisualStudio.TestPlatform.MSTest.TestAdapter.dll
TpTrace Verbose: 0 : 5432, 4, 2020/12/01, 16:38:34.822, 10447598410591, testhost.dll, TestPluginCache.GetExtensionPaths: Added unfilterableExtensionPaths: 
TpTrace Information: 0 : 5432, 4, 2020/12/01, 16:38:34.827, 10447598456935, testhost.dll, AssemblyResolver.ctor: Creating AssemblyResolver with searchDirectories C:\Users\Muhamed\Source\Repos\VVS-Zadaca2-GrupaRS3-EMM\Tinder.ba\Unit Testovi\bin\Debug\fine-code-coverage
TpTrace Verbose: 0 : 5432, 4, 2020/12/01, 16:38:34.830, 10447598487117, testhost.dll, TestPluginCache.DiscoverTestExtensions: Discovering the extensions using extension path.
TpTrace Verbose: 0 : 5432, 4, 2020/12/01, 16:38:34.830, 10447598489728, testhost.dll, TestPluginCache.GetExtensionPaths: Filtered extension paths: 
TpTrace Verbose: 0 : 5432, 4, 2020/12/01, 16:38:34.830, 10447598491235, testhost.dll, TestPluginCache.GetExtensionPaths: Added default extension paths: C:\Users\Muhamed\Source\Repos\VVS-Zadaca2-GrupaRS3-EMM\Tinder.ba\Unit Testovi\bin\Debug\fine-code-coverage\Microsoft.VisualStudio.TestPlatform.MSTest.TestAdapter.dll
TpTrace Verbose: 0 : 5432, 4, 2020/12/01, 16:38:34.830, 10447598492506, testhost.dll, TestPluginCache.GetExtensionPaths: Added unfilterableExtensionPaths: 
TpTrace Verbose: 0 : 5432, 4, 2020/12/01, 16:38:34.831, 10447598494277, testhost.dll, TestPluginCache.DiscoverTestExtensions: Discovering the extensions using allExtensionPaths: C:\Users\Muhamed\Source\Repos\VVS-Zadaca2-GrupaRS3-EMM\Tinder.ba\Unit Testovi\bin\Debug\fine-code-coverage\Microsoft.VisualStudio.TestPlatform.MSTest.TestAdapter.dll
TpTrace Information: 0 : 5432, 4, 2020/12/01, 16:38:34.832, 10447598511523, testhost.dll, AssemblyResolver.AddSearchDirectories: Adding more searchDirectories C:\Users\Muhamed\Source\Repos\VVS-Zadaca2-GrupaRS3-EMM\Tinder.ba\Unit Testovi\bin\Debug\fine-code-coverage
TpTrace Information: 0 : 5432, 4, 2020/12/01, 16:38:34.840, 10447598589249, testhost.dll, AssemblyResolver.OnResolve: Microsoft.VisualStudio.TestPlatform.MSTest.TestAdapter: Resolving assembly.
TpTrace Information: 0 : 5432, 4, 2020/12/01, 16:38:34.843, 10447598615554, testhost.dll, AssemblyResolver.OnResolve: Resolved assembly: Microsoft.VisualStudio.TestPlatform.MSTest.TestAdapter, from path: C:\Users\Muhamed\Source\Repos\VVS-Zadaca2-GrupaRS3-EMM\Tinder.ba\Unit Testovi\bin\Debug\fine-code-coverage\Microsoft.VisualStudio.TestPlatform.MSTest.TestAdapter.dll
TpTrace Information: 0 : 5432, 4, 2020/12/01, 16:38:34.845, 10447598640483, testhost.dll, AssemblyResolver.OnResolve: Microsoft.VisualStudio.TestPlatform.MSTestAdapter.PlatformServices.Interface: Resolving assembly.
TpTrace Information: 0 : 5432, 4, 2020/12/01, 16:38:34.846, 10447598650572, testhost.dll, AssemblyResolver.OnResolve: Resolved assembly: Microsoft.VisualStudio.TestPlatform.MSTestAdapter.PlatformServices.Interface, from path: C:\Users\Muhamed\Source\Repos\VVS-Zadaca2-GrupaRS3-EMM\Tinder.ba\Unit Testovi\bin\Debug\fine-code-coverage\Microsoft.VisualStudio.TestPlatform.MSTestAdapter.PlatformServices.Interface.dll
TpTrace Information: 0 : 5432, 4, 2020/12/01, 16:38:34.847, 10447598654296, testhost.dll, AssemblyResolver.OnResolve: Microsoft.VisualStudio.TestPlatform.MSTestAdapter.PlatformServices: Resolving assembly.
TpTrace Information: 0 : 5432, 4, 2020/12/01, 16:38:34.847, 10447598662263, testhost.dll, AssemblyResolver.OnResolve: Resolved assembly: Microsoft.VisualStudio.TestPlatform.MSTestAdapter.PlatformServices, from path: C:\Users\Muhamed\Source\Repos\VVS-Zadaca2-GrupaRS3-EMM\Tinder.ba\Unit Testovi\bin\Debug\fine-code-coverage\Microsoft.VisualStudio.TestPlatform.MSTestAdapter.PlatformServices.dll
TpTrace Verbose: 0 : 5432, 4, 2020/12/01, 16:38:34.855, 10447598735140, testhost.dll, TestPluginCache: Discovered the extensions using extension path ''.
TpTrace Verbose: 0 : 5432, 4, 2020/12/01, 16:38:34.856, 10447598743805, testhost.dll, TestPluginCache: Discoverers are ''.
TpTrace Verbose: 0 : 5432, 4, 2020/12/01, 16:38:34.856, 10447598745911, testhost.dll, TestPluginCache: Executors are 'executor://MSTestAdapter/v2'.
TpTrace Verbose: 0 : 5432, 4, 2020/12/01, 16:38:34.856, 10447598748022, testhost.dll, TestPluginCache: Setting providers are ''.
TpTrace Verbose: 0 : 5432, 4, 2020/12/01, 16:38:34.856, 10447598750180, testhost.dll, TestPluginCache: Loggers are ''.
TpTrace Verbose: 0 : 5432, 9, 2020/12/01, 16:38:34.858, 10447598769777, testhost.dll, TcpClientExtensions.MessageLoopAsync: Polling on remoteEndPoint: [::ffff:127.0.0.1]:58111 localEndPoint: [::ffff:127.0.0.1]:58113
TpTrace Information: 0 : 5432, 4, 2020/12/01, 16:38:34.866, 10447598851148, testhost.dll, TestPluginManager.CreateTestExtension: Attempting to load test extension: Microsoft.VisualStudio.TestPlatform.MSTest.TestAdapter.MSTestExecutor
TpTrace Verbose: 0 : 5432, 4, 2020/12/01, 16:38:34.873, 10447598918702, testhost.dll, TestExecutorExtensionManager: Loading executor Microsoft.VisualStudio.TestPlatform.MSTest.TestAdapter.MSTestExecutor
TpTrace Verbose: 0 : 5432, 4, 2020/12/01, 16:38:34.873, 10447598920691, testhost.dll, TestExecutorService: Loaded the executors
TpTrace Verbose: 0 : 5432, 4, 2020/12/01, 16:38:34.875, 10447598937216, testhost.dll, TestPluginCache.DiscoverTestExtensions: finding test extensions in assemblies endswith: TestAdapter.dll TPluginInfo: Microsoft.VisualStudio.TestPlatform.Common.ExtensionFramework.Utilities.TestSettingsProviderPluginInformation TExtension: Microsoft.VisualStudio.TestPlatform.ObjectModel.Adapter.ISettingsProvider
TpTrace Verbose: 0 : 5432, 4, 2020/12/01, 16:38:34.876, 10447598943304, testhost.dll, TestPluginCache.GetExtensionPaths: Filtered extension paths: 
TpTrace Verbose: 0 : 5432, 4, 2020/12/01, 16:38:34.876, 10447598944633, testhost.dll, TestPluginCache.GetExtensionPaths: Added default extension paths: C:\Users\Muhamed\Source\Repos\VVS-Zadaca2-GrupaRS3-EMM\Tinder.ba\Unit Testovi\bin\Debug\fine-code-coverage\Microsoft.VisualStudio.TestPlatform.MSTest.TestAdapter.dll
TpTrace Verbose: 0 : 5432, 4, 2020/12/01, 16:38:34.876, 10447598945760, testhost.dll, TestPluginCache.GetExtensionPaths: Added unfilterableExtensionPaths: 
TpTrace Information: 0 : 5432, 4, 2020/12/01, 16:38:34.876, 10447598949160, testhost.dll, AssemblyResolver.AddSearchDirectories: Adding more searchDirectories C:\Users\Muhamed\Source\Repos\VVS-Zadaca2-GrupaRS3-EMM\Tinder.ba\Unit Testovi\bin\Debug\fine-code-coverage
TpTrace Verbose: 0 : 5432, 4, 2020/12/01, 16:38:34.876, 10447598950639, testhost.dll, TestPluginCache.DiscoverTestExtensions: Discovering the extensions using extension path.
TpTrace Verbose: 0 : 5432, 4, 2020/12/01, 16:38:34.876, 10447598951870, testhost.dll, TestPluginCache.GetExtensionPaths: Filtered extension paths: 
TpTrace Verbose: 0 : 5432, 4, 2020/12/01, 16:38:34.877, 10447598953074, testhost.dll, TestPluginCache.GetExtensionPaths: Added default extension paths: C:\Users\Muhamed\Source\Repos\VVS-Zadaca2-GrupaRS3-EMM\Tinder.ba\Unit Testovi\bin\Debug\fine-code-coverage\Microsoft.VisualStudio.TestPlatform.MSTest.TestAdapter.dll
TpTrace Verbose: 0 : 5432, 4, 2020/12/01, 16:38:34.877, 10447598954294, testhost.dll, TestPluginCache.GetExtensionPaths: Added unfilterableExtensionPaths: 
TpTrace Verbose: 0 : 5432, 4, 2020/12/01, 16:38:34.877, 10447598955484, testhost.dll, TestPluginCache.DiscoverTestExtensions: Discovering the extensions using allExtensionPaths: C:\Users\Muhamed\Source\Repos\VVS-Zadaca2-GrupaRS3-EMM\Tinder.ba\Unit Testovi\bin\Debug\fine-code-coverage\Microsoft.VisualStudio.TestPlatform.MSTest.TestAdapter.dll
TpTrace Information: 0 : 5432, 4, 2020/12/01, 16:38:34.877, 10447598956949, testhost.dll, AssemblyResolver.AddSearchDirectories: Adding more searchDirectories C:\Users\Muhamed\Source\Repos\VVS-Zadaca2-GrupaRS3-EMM\Tinder.ba\Unit Testovi\bin\Debug\fine-code-coverage
TpTrace Verbose: 0 : 5432, 4, 2020/12/01, 16:38:34.877, 10447598961505, testhost.dll, TestPluginCache: Discovered the extensions using extension path ''.
TpTrace Verbose: 0 : 5432, 4, 2020/12/01, 16:38:34.877, 10447598962826, testhost.dll, TestPluginCache: Discoverers are ''.
TpTrace Verbose: 0 : 5432, 4, 2020/12/01, 16:38:34.878, 10447598964168, testhost.dll, TestPluginCache: Executors are 'executor://MSTestAdapter/v2'.
TpTrace Verbose: 0 : 5432, 4, 2020/12/01, 16:38:34.878, 10447598966530, testhost.dll, TestPluginCache: Setting providers are ''.
TpTrace Verbose: 0 : 5432, 4, 2020/12/01, 16:38:34.878, 10447598967746, testhost.dll, TestPluginCache: Loggers are ''.
TpTrace Verbose: 0 : 5432, 4, 2020/12/01, 16:38:34.879, 10447598981002, testhost.dll, TestExecutorService: Loaded the settings providers
TpTrace Information: 0 : 5432, 4, 2020/12/01, 16:38:34.879, 10447598982337, testhost.dll, TestExecutorService: Loaded the extensions
TpTrace Information: 0 : 5432, 4, 2020/12/01, 16:38:34.989, 10447600080933, testhost.dll, TestDiscoveryManager: Discovering tests from sources C:\Users\Muhamed\Source\Repos\VVS-Zadaca2-GrupaRS3-EMM\Tinder.ba\Unit Testovi\bin\Debug\fine-code-coverage\Unit Testovi.dll
TpTrace Verbose: 0 : 5432, 4, 2020/12/01, 16:38:34.993, 10447600114673, testhost.dll, TestPluginCache.DiscoverTestExtensions: finding test extensions in assemblies endswith: TestAdapter.dll TPluginInfo: Microsoft.VisualStudio.TestPlatform.Common.ExtensionFramework.Utilities.TestDiscovererPluginInformation TExtension: Microsoft.VisualStudio.TestPlatform.ObjectModel.Adapter.ITestDiscoverer
TpTrace Verbose: 0 : 5432, 4, 2020/12/01, 16:38:34.993, 10447600116774, testhost.dll, TestPluginCache.GetExtensionPaths: Filtered extension paths: 
TpTrace Verbose: 0 : 5432, 4, 2020/12/01, 16:38:34.993, 10447600117665, testhost.dll, TestPluginCache.GetExtensionPaths: Added default extension paths: C:\Users\Muhamed\Source\Repos\VVS-Zadaca2-GrupaRS3-EMM\Tinder.ba\Unit Testovi\bin\Debug\fine-code-coverage\Microsoft.VisualStudio.TestPlatform.MSTest.TestAdapter.dll
TpTrace Verbose: 0 : 5432, 4, 2020/12/01, 16:38:34.993, 10447600118386, testhost.dll, TestPluginCache.GetExtensionPaths: Added unfilterableExtensionPaths: 
TpTrace Information: 0 : 5432, 4, 2020/12/01, 16:38:34.993, 10447600120444, testhost.dll, AssemblyResolver.AddSearchDirectories: Adding more searchDirectories C:\Users\Muhamed\Source\Repos\VVS-Zadaca2-GrupaRS3-EMM\Tinder.ba\Unit Testovi\bin\Debug\fine-code-coverage
TpTrace Verbose: 0 : 5432, 4, 2020/12/01, 16:38:34.993, 10447600121565, testhost.dll, TestPluginCache.DiscoverTestExtensions: Discovering the extensions using extension path.
TpTrace Verbose: 0 : 5432, 4, 2020/12/01, 16:38:34.993, 10447600122297, testhost.dll, TestPluginCache.GetExtensionPaths: Filtered extension paths: 
TpTrace Verbose: 0 : 5432, 4, 2020/12/01, 16:38:34.994, 10447600122995, testhost.dll, TestPluginCache.GetExtensionPaths: Added default extension paths: C:\Users\Muhamed\Source\Repos\VVS-Zadaca2-GrupaRS3-EMM\Tinder.ba\Unit Testovi\bin\Debug\fine-code-coverage\Microsoft.VisualStudio.TestPlatform.MSTest.TestAdapter.dll
TpTrace Verbose: 0 : 5432, 4, 2020/12/01, 16:38:34.994, 10447600123684, testhost.dll, TestPluginCache.GetExtensionPaths: Added unfilterableExtensionPaths: 
TpTrace Verbose: 0 : 5432, 4, 2020/12/01, 16:38:34.994, 10447600124431, testhost.dll, TestPluginCache.DiscoverTestExtensions: Discovering the extensions using allExtensionPaths: C:\Users\Muhamed\Source\Repos\VVS-Zadaca2-GrupaRS3-EMM\Tinder.ba\Unit Testovi\bin\Debug\fine-code-coverage\Microsoft.VisualStudio.TestPlatform.MSTest.TestAdapter.dll
TpTrace Information: 0 : 5432, 4, 2020/12/01, 16:38:34.994, 10447600125387, testhost.dll, AssemblyResolver.AddSearchDirectories: Adding more searchDirectories C:\Users\Muhamed\Source\Repos\VVS-Zadaca2-GrupaRS3-EMM\Tinder.ba\Unit Testovi\bin\Debug\fine-code-coverage
TpTrace Verbose: 0 : 5432, 4, 2020/12/01, 16:38:34.997, 10447600154010, testhost.dll, TestPluginCache: Discovered the extensions using extension path ''.
TpTrace Verbose: 0 : 5432, 4, 2020/12/01, 16:38:34.997, 10447600155614, testhost.dll, TestPluginCache: Discoverers are 'Microsoft.VisualStudio.TestPlatform.MSTest.TestAdapter.MSTestDiscoverer, Microsoft.VisualStudio.TestPlatform.MSTest.TestAdapter, Version=14.0.0.0, Culture=neutral, PublicKeyToken=b03f5f7f11d50a3a'.
TpTrace Verbose: 0 : 5432, 4, 2020/12/01, 16:38:34.997, 10447600156439, testhost.dll, TestPluginCache: Executors are 'executor://MSTestAdapter/v2'.
TpTrace Verbose: 0 : 5432, 4, 2020/12/01, 16:38:34.997, 10447600157249, testhost.dll, TestPluginCache: Setting providers are ''.
TpTrace Verbose: 0 : 5432, 4, 2020/12/01, 16:38:34.997, 10447600157962, testhost.dll, TestPluginCache: Loggers are ''.
TpTrace Verbose: 0 : 5432, 4, 2020/12/01, 16:38:35.004, 10447600225120, testhost.dll, BaseRunTests.RunTestInternalWithExecutors: Running tests for executor://MSTestAdapter/v2
TpTrace Information: 0 : 5432, 4, 2020/12/01, 16:38:35.107, 10447601257911, testhost.dll, AssemblyResolver.OnResolve: Microsoft.VisualStudio.TestPlatform.MSTestAdapter.PlatformServices.resources: Resolving assembly.
TpTrace Information: 0 : 5432, 4, 2020/12/01, 16:38:35.107, 10447601261867, testhost.dll, AssemblyResolver.OnResolve: Microsoft.VisualStudio.TestPlatform.MSTestAdapter.PlatformServices.resources: Failed to load assembly.
TpTrace Information: 0 : 5432, 4, 2020/12/01, 16:38:35.108, 10447601267373, testhost.dll, AssemblyResolver.OnResolve: Microsoft.VisualStudio.TestPlatform.MSTestAdapter.PlatformServices.resources: Resolving assembly.
TpTrace Information: 0 : 5432, 4, 2020/12/01, 16:38:35.108, 10447601269695, testhost.dll, AssemblyResolver.OnResolve: Microsoft.VisualStudio.TestPlatform.MSTestAdapter.PlatformServices.resources: Resolved from cache.
TpTrace Verbose: 0 : 5432, 4, 2020/12/01, 16:38:35.159, 10447601779722, testhost.dll, TestExecutionRecorder.RecordStart: Starting test: Unit_Testovi.NoviTestovi.TestZamjenskiObjekti.
TpTrace Information: 0 : 5432, 4, 2020/12/01, 16:38:35.342, 10447603603257, testhost.dll, AssemblyResolver.OnResolve: Microsoft.VisualStudio.TestPlatform.MSTest.TestAdapter.resources: Resolving assembly.
TpTrace Information: 0 : 5432, 4, 2020/12/01, 16:38:35.342, 10447603605996, testhost.dll, AssemblyResolver.OnResolve: Microsoft.VisualStudio.TestPlatform.MSTest.TestAdapter.resources: Failed to load assembly.
TpTrace Verbose: 0 : 5432, 4, 2020/12/01, 16:38:35.383, 10447604013555, testhost.dll, TestExecutionRecorder.RecordEnd: test: Unit_Testovi.NoviTestovi.TestZamjenskiObjekti execution completed.
TpTrace Verbose: 0 : 5432, 4, 2020/12/01, 16:38:35.404, 10447604228806, testhost.dll, TestExecutionRecorder.RecordResult: Received result for test: Unit_Testovi.NoviTestovi.TestZamjenskiObjekti.
TpTrace Warning: 0 : 5432, 4, 2020/12/01, 16:38:35.410, 10447604287275, testhost.dll, InProgressTests is null
TpTrace Warning: 0 : 5432, 4, 2020/12/01, 16:38:35.413, 10447604320951, testhost.dll, TestRunCache: No test found corresponding to testResult 'TestZamjenskiObjekti  Failed
  Message: Test method Unit_Testovi.NoviTestovi.TestZamjenskiObjekti threw exception: 
System.NotImplementedException: The method or operation is not implemented.
  StackTrace:
    at Tinder.ba.Poruka.IzračunajPotencijalPoruke() in C:\Users\Muhamed\Source\Repos\VVS-Zadaca2-GrupaRS3-EMM\Tinder.ba\Tinder.ba\Poruka.cs:line 65
   at Tinder.ba.Tinder.<>c.<DaLiJeSpajanjeUspjesno>b__10_0(Poruka poruka) in C:\Users\Muhamed\Source\Repos\VVS-Zadaca2-GrupaRS3-EMM\Tinder.ba\Tinder.ba\Tinder.cs:line 102
   at System.Collections.Generic.List`1.Find(Predicate`1 match)
   at Tinder.ba.Tinder.DaLiJeSpajanjeUspjesno(Chat c, IRecenzija r) in C:\Users\Muhamed\Source\Repos\VVS-Zadaca2-GrupaRS3-EMM\Tinder.ba\Tinder.ba\Tinder.cs:line 102
   at Unit_Testovi.NoviTestovi.TestZamjenskiObjekti() in C:\Users\Muhamed\Source\Repos\VVS-Zadaca2-GrupaRS3-EMM\Tinder.ba\Unit Testovi\NoviTestovi.cs:line 24
' in inProgress list.
TpTrace Verbose: 0 : 5432, 4, 2020/12/01, 16:38:35.414, 10447604328479, testhost.dll, TestExecutionRecorder.RecordStart: Starting test: Unit_Testovi.NoviTestovi.TestPotencijalChataVeliki.
TpTrace Verbose: 0 : 5432, 4, 2020/12/01, 16:38:35.419, 10447604374756, testhost.dll, TestExecutionRecorder.RecordEnd: test: Unit_Testovi.NoviTestovi.TestPotencijalChataVeliki execution completed.
TpTrace Verbose: 0 : 5432, 4, 2020/12/01, 16:38:35.421, 10447604396642, testhost.dll, TestExecutionRecorder.RecordResult: Received result for test: Unit_Testovi.NoviTestovi.TestPotencijalChataVeliki.
TpTrace Warning: 0 : 5432, 4, 2020/12/01, 16:38:35.421, 10447604399185, testhost.dll, InProgressTests is null
TpTrace Warning: 0 : 5432, 4, 2020/12/01, 16:38:35.421, 10447604400586, testhost.dll, TestRunCache: No test found corresponding to testResult 'TestPotencijalChataVeliki  Failed
  Message: Test method Unit_Testovi.NoviTestovi.TestPotencijalChataVeliki threw exception: 
System.NotImplementedException: The method or operation is not implemented.
  StackTrace:
    at Tinder.ba.Tinder.PotencijalChata(Chat c) in C:\Users\Muhamed\Source\Repos\VVS-Zadaca2-GrupaRS3-EMM\Tinder.ba\Tinder.ba\Tinder.cs:line 112
   at Unit_Testovi.NoviTestovi.TestPotencijalChataVeliki() in C:\Users\Muhamed\Source\Repos\VVS-Zadaca2-GrupaRS3-EMM\Tinder.ba\Unit Testovi\NoviTestovi.cs:line 45
' in inProgress list.
TpTrace Verbose: 0 : 5432, 4, 2020/12/01, 16:38:35.421, 10447604401933, testhost.dll, TestExecutionRecorder.RecordStart: Starting test: Unit_Testovi.NoviTestovi.TestPotencijalChataMali.
TpTrace Verbose: 0 : 5432, 4, 2020/12/01, 16:38:35.424, 10447604432033, testhost.dll, TestExecutionRecorder.RecordEnd: test: Unit_Testovi.NoviTestovi.TestPotencijalChataMali execution completed.
TpTrace Verbose: 0 : 5432, 4, 2020/12/01, 16:38:35.426, 10447604446416, testhost.dll, TestExecutionRecorder.RecordResult: Received result for test: Unit_Testovi.NoviTestovi.TestPotencijalChataMali.
TpTrace Warning: 0 : 5432, 4, 2020/12/01, 16:38:35.426, 10447604448119, testhost.dll, InProgressTests is null
TpTrace Warning: 0 : 5432, 4, 2020/12/01, 16:38:35.426, 10447604449096, testhost.dll, TestRunCache: No test found corresponding to testResult 'TestPotencijalChataMali  Failed
  Message: Test method Unit_Testovi.NoviTestovi.TestPotencijalChataMali threw exception: 
System.NotImplementedException: The method or operation is not implemented.
  StackTrace:
    at Tinder.ba.Tinder.PotencijalChata(Chat c) in C:\Users\Muhamed\Source\Repos\VVS-Zadaca2-GrupaRS3-EMM\Tinder.ba\Tinder.ba\Tinder.cs:line 112
   at Unit_Testovi.NoviTestovi.TestPotencijalChataMali() in C:\Users\Muhamed\Source\Repos\VVS-Zadaca2-GrupaRS3-EMM\Tinder.ba\Unit Testovi\NoviTestovi.cs:line 62
' in inProgress list.
TpTrace Verbose: 0 : 5432, 4, 2020/12/01, 16:38:35.426, 10447604450044, testhost.dll, TestExecutionRecorder.RecordStart: Starting test: Unit_Testovi.NoviTestovi.TestPotencijalChataIzuzetak.
TpTrace Information: 0 : 5432, 4, 2020/12/01, 16:38:35.431, 10447604502841, testhost.dll, AssemblyResolver.OnResolve: Microsoft.VisualStudio.TestPlatform.TestFramework.resources: Resolving assembly.
TpTrace Information: 0 : 5432, 4, 2020/12/01, 16:38:35.432, 10447604506006, testhost.dll, AssemblyResolver.OnResolve: Microsoft.VisualStudio.TestPlatform.TestFramework.resources: Failed to load assembly.
TpTrace Verbose: 0 : 5432, 4, 2020/12/01, 16:38:35.434, 10447604528071, testhost.dll, TestExecutionRecorder.RecordEnd: test: Unit_Testovi.NoviTestovi.TestPotencijalChataIzuzetak execution completed.
TpTrace Verbose: 0 : 5432, 4, 2020/12/01, 16:38:35.435, 10447604542002, testhost.dll, TestExecutionRecorder.RecordResult: Received result for test: Unit_Testovi.NoviTestovi.TestPotencijalChataIzuzetak.
TpTrace Warning: 0 : 5432, 4, 2020/12/01, 16:38:35.436, 10447604543613, testhost.dll, InProgressTests is null
TpTrace Warning: 0 : 5432, 4, 2020/12/01, 16:38:35.436, 10447604544586, testhost.dll, TestRunCache: No test found corresponding to testResult 'TestPotencijalChataIzuzetak  Failed
  Message: Test method threw exception System.NotImplementedException, but exception System.InvalidOperationException was expected. Exception message: System.NotImplementedException: The method or operation is not implemented.
  StackTrace:
   at Tinder.ba.Tinder.PotencijalChata(Chat c) in C:\Users\Muhamed\Source\Repos\VVS-Zadaca2-GrupaRS3-EMM\Tinder.ba\Tinder.ba\Tinder.cs:line 112
   at Unit_Testovi.NoviTestovi.TestPotencijalChataIzuzetak() in C:\Users\Muhamed\Source\Repos\VVS-Zadaca2-GrupaRS3-EMM\Tinder.ba\Unit Testovi\NoviTestovi.cs:line 80
' in inProgress list.
TpTrace Verbose: 0 : 5432, 4, 2020/12/01, 16:38:35.438, 10447604572580, testhost.dll, BaseRunTests.RunTestInternalWithExecutors: Completed running tests for executor://MSTestAdapter/v2
TpTrace Information: 0 : 5432, 4, 2020/12/01, 16:38:35.444, 10447604628431, testhost.dll, Sending test run complete
TpTrace Verbose: 0 : 5432, 4, 2020/12/01, 16:38:35.517, 10447605360259, testhost.dll, TestRequestHandler.SendData:  sending data from testhost: {"Version":2,"MessageType":"TestExecution.Completed","Payload":{"TestRunCompleteArgs":{"TestRunStatistics":{"ExecutedTests":4,"Stats":{"Failed":4}},"IsCanceled":false,"IsAborted":false,"Error":null,"AttachmentSets":[],"ElapsedTimeInRunningTests":"00:00:00.4396941","Metrics":{}},"LastRunTests":{"NewTestResults":[{"TestCase":{"Id":"1f188b79-6e7d-426e-cee7-535acfae4fe2","FullyQualifiedName":"Unit_Testovi.NoviTestovi.TestZamjenskiObjekti","DisplayName":"TestZamjenskiObjekti","ExecutorUri":"executor://MSTestAdapter/v2","Source":"C:\\Users\\Muhamed\\Source\\Repos\\VVS-Zadaca2-GrupaRS3-EMM\\Tinder.ba\\Unit Testovi\\bin\\Debug\\fine-code-coverage\\Unit Testovi.dll","CodeFilePath":null,"LineNumber":-1,"Properties":[{"Key":{"Id":"MSTestDiscoverer.TestClassName","Label":"ClassName","Category":"","Description":"","Attributes":1,"ValueType":"System.String"},"Value":"Unit_Testovi.NoviTestovi"},{"Key":{"Id":"TestObject.Traits","Label":"Traits","Category":"","Description":"","Attributes":5,"ValueType":"System.Collections.Generic.KeyValuePair`2[[System.String],[System.String]][]"},"Value":[]}]},"Attachments":[],"Outcome":2,"ErrorMessage":"Test method Unit_Testovi.NoviTestovi.TestZamjenskiObjekti threw exception: \r\nSystem.NotImplementedException: The method or operation is not implemented.","ErrorStackTrace":"    at Tinder.ba.Poruka.IzračunajPotencijalPoruke() in C:\\Users\\Muhamed\\Source\\Repos\\VVS-Zadaca2-GrupaRS3-EMM\\Tinder.ba\\Tinder.ba\\Poruka.cs:line 65\r\n   at Tinder.ba.Tinder.<>c.<DaLiJeSpajanjeUspjesno>b__10_0(Poruka poruka) in C:\\Users\\Muhamed\\Source\\Repos\\VVS-Zadaca2-GrupaRS3-EMM\\Tinder.ba\\Tinder.ba\\Tinder.cs:line 102\r\n   at System.Collections.Generic.List`1.Find(Predicate`1 match)\r\n   at Tinder.ba.Tinder.DaLiJeSpajanjeUspjesno(Chat c, IRecenzija r) in C:\\Users\\Muhamed\\Source\\Repos\\VVS-Zadaca2-GrupaRS3-EMM\\Tinder.ba\\Tinder.ba\\Tinder.cs:line 102\r\n   at Unit_Testovi.NoviTestovi.TestZamjenskiObjekti() in C:\\Users\\Muhamed\\Source\\Repos\\VVS-Zadaca2-GrupaRS3-EMM\\Tinder.ba\\Unit Testovi\\NoviTestovi.cs:line 24\r\n","DisplayName":null,"Messages":[],"ComputerName":null,"Duration":"00:00:00.0442883","StartTime":"2020-12-01T16:38:35.2735027+01:00","EndTime":"2020-12-01T16:38:35.3762949+01:00","Properties":[{"Key":{"Id":"ExecutionId","Label":"ExecutionId","Category":"","Description":"","Attributes":1,"ValueType":"System.Guid"},"Value":"00000000-0000-0000-0000-000000000000"},{"Key":{"Id":"ParentExecId","Label":"ParentExecId","Category":"","Description":"","Attributes":1,"ValueType":"System.Guid"},"Value":"00000000-0000-0000-0000-000000000000"},{"Key":{"Id":"InnerResultsCount","Label":"InnerResultsCount","Category":"","Description":"","Attributes":1,"ValueType":"System.Int32"},"Value":0}]},{"TestCase":{"Id":"39000b5c-3ec2-cb14-5cc3-6b0da6f4e3d6","FullyQualifiedName":"Unit_Testovi.NoviTestovi.TestPotencijalChataVeliki","DisplayName":"TestPotencijalChataVeliki","ExecutorUri":"executor://MSTestAdapter/v2","Source":"C:\\Users\\Muhamed\\Source\\Repos\\VVS-Zadaca2-GrupaRS3-EMM\\Tinder.ba\\Unit Testovi\\bin\\Debug\\fine-code-coverage\\Unit Testovi.dll","CodeFilePath":null,"LineNumber":-1,"Properties":[{"Key":{"Id":"MSTestDiscoverer.TestClassName","Label":"ClassName","Category":"","Description":"","Attributes":1,"ValueType":"System.String"},"Value":"Unit_Testovi.NoviTestovi"},{"Key":{"Id":"TestObject.Traits","Label":"Traits","Category":"","Description":"","Attributes":5,"ValueType":"System.Collections.Generic.KeyValuePair`2[[System.String],[System.String]][]"},"Value":[]}]},"Attachments":[],"Outcome":2,"ErrorMessage":"Test method Unit_Testovi.NoviTestovi.TestPotencijalChataVeliki threw exception: \r\nSystem.NotImplementedException: The method or operation is not implemented.","ErrorStackTrace":"    at Tinder.ba.Tinder.PotencijalChata(Chat c) in C:\\Users\\Muhamed\\Source\\Repos\\VVS-Zadaca2-GrupaRS3-EMM\\Tinder.ba\\Tinder.ba\\Tinder.cs:line 112\r\n   at Unit_Testovi.NoviTestovi.TestPotencijalChataVeliki() in C:\\Users\\Muhamed\\Source\\Repos\\VVS-Zadaca2-GrupaRS3-EMM\\Tinder.ba\\Unit Testovi\\NoviTestovi.cs:line 45\r\n","DisplayName":null,"Messages":[],"ComputerName":null,"Duration":"00:00:00.0027696","StartTime":"2020-12-01T16:38:35.416084+01:00","EndTime":"2020-12-01T16:38:35.4191548+01:00","Properties":[{"Key":{"Id":"ExecutionId","Label":"ExecutionId","Category":"","Description":"","Attributes":1,"ValueType":"System.Guid"},"Value":"00000000-0000-0000-0000-000000000000"},{"Key":{"Id":"ParentExecId","Label":"ParentExecId","Category":"","Description":"","Attributes":1,"ValueType":"System.Guid"},"Value":"00000000-0000-0000-0000-000000000000"},{"Key":{"Id":"InnerResultsCount","Label":"InnerResultsCount","Category":"","Description":"","Attributes":1,"ValueType":"System.Int32"},"Value":0}]},{"TestCase":{"Id":"91a7eed0-723a-2c19-08b3-37cd0fdbe5f9","FullyQualifiedName":"Unit_Testovi.NoviTestovi.TestPotencijalChataMali","DisplayName":"TestPotencijalChataMali","ExecutorUri":"executor://MSTestAdapter/v2","Source":"C:\\Users\\Muhamed\\Source\\Repos\\VVS-Zadaca2-GrupaRS3-EMM\\Tinder.ba\\Unit Testovi\\bin\\Debug\\fine-code-coverage\\Unit Testovi.dll","CodeFilePath":null,"LineNumber":-1,"Properties":[{"Key":{"Id":"MSTestDiscoverer.TestClassName","Label":"ClassName","Category":"","Description":"","Attributes":1,"ValueType":"System.String"},"Value":"Unit_Testovi.NoviTestovi"},{"Key":{"Id":"TestObject.Traits","Label":"Traits","Category":"","Description":"","Attributes":5,"ValueType":"System.Collections.Generic.KeyValuePair`2[[System.String],[System.String]][]"},"Value":[]}]},"Attachments":[],"Outcome":2,"ErrorMessage":"Test method Unit_Testovi.NoviTestovi.TestPotencijalChataMali threw exception: \r\nSystem.NotImplementedException: The method or operation is not implemented.","ErrorStackTrace":"    at Tinder.ba.Tinder.PotencijalChata(Chat c) in C:\\Users\\Muhamed\\Source\\Repos\\VVS-Zadaca2-GrupaRS3-EMM\\Tinder.ba\\Tinder.ba\\Tinder.cs:line 112\r\n   at Unit_Testovi.NoviTestovi.TestPotencijalChataMali() in C:\\Users\\Muhamed\\Source\\Repos\\VVS-Zadaca2-GrupaRS3-EMM\\Tinder.ba\\Unit Testovi\\NoviTestovi.cs:line 62\r\n","DisplayName":null,"Messages":[],"ComputerName":null,"Duration":"00:00:00.0010266","StartTime":"2020-12-01T16:38:35.4236169+01:00","EndTime":"2020-12-01T16:38:35.4248959+01:00","Properties":[{"Key":{"Id":"ExecutionId","Label":"ExecutionId","Category":"","Description":"","Attributes":1,"ValueType":"System.Guid"},"Value":"00000000-0000-0000-0000-000000000000"},{"Key":{"Id":"ParentExecId","Label":"ParentExecId","Category":"","Description":"","Attributes":1,"ValueType":"System.Guid"},"Value":"00000000-0000-0000-0000-000000000000"},{"Key":{"Id":"InnerResultsCount","Label":"InnerResultsCount","Category":"","Description":"","Attributes":1,"ValueType":"System.Int32"},"Value":0}]},{"TestCase":{"Id":"38eae18c-f9cd-11af-df60-e79774e5f173","FullyQualifiedName":"Unit_Testovi.NoviTestovi.TestPotencijalChataIzuzetak","DisplayName":"TestPotencijalChataIzuzetak","ExecutorUri":"executor://MSTestAdapter/v2","Source":"C:\\Users\\Muhamed\\Source\\Repos\\VVS-Zadaca2-GrupaRS3-EMM\\Tinder.ba\\Unit Testovi\\bin\\Debug\\fine-code-coverage\\Unit Testovi.dll","CodeFilePath":null,"LineNumber":-1,"Properties":[{"Key":{"Id":"MSTestDiscoverer.TestClassName","Label":"ClassName","Category":"","Description":"","Attributes":1,"ValueType":"System.String"},"Value":"Unit_Testovi.NoviTestovi"},{"Key":{"Id":"TestObject.Traits","Label":"Traits","Category":"","Description":"","Attributes":5,"ValueType":"System.Collections.Generic.KeyValuePair`2[[System.String],[System.String]][]"},"Value":[]}]},"Attachments":[],"Outcome":2,"ErrorMessage":"Test method threw exception System.NotImplementedException, but exception System.InvalidOperationException was expected. Exception message: System.NotImplementedException: The method or operation is not implemented.","ErrorStackTrace":"   at Tinder.ba.Tinder.PotencijalChata(Chat c) in C:\\Users\\Muhamed\\Source\\Repos\\VVS-Zadaca2-GrupaRS3-EMM\\Tinder.ba\\Tinder.ba\\Tinder.cs:line 112\r\n   at Unit_Testovi.NoviTestovi.TestPotencijalChataIzuzetak() in C:\\Users\\Muhamed\\Source\\Repos\\VVS-Zadaca2-GrupaRS3-EMM\\Tinder.ba\\Unit Testovi\\NoviTestovi.cs:line 80\r\n","DisplayName":null,"Messages":[],"ComputerName":null,"Duration":"00:00:00.0055121","StartTime":"2020-12-01T16:38:35.428663+01:00","EndTime":"2020-12-01T16:38:35.434495+01:00","Properties":[{"Key":{"Id":"ExecutionId","Label":"ExecutionId","Category":"","Description":"","Attributes":1,"ValueType":"System.Guid"},"Value":"00000000-0000-0000-0000-000000000000"},{"Key":{"Id":"ParentExecId","Label":"ParentExecId","Category":"","Description":"","Attributes":1,"ValueType":"System.Guid"},"Value":"00000000-0000-0000-0000-000000000000"},{"Key":{"Id":"InnerResultsCount","Label":"InnerResultsCount","Category":"","Description":"","Attributes":1,"ValueType":"System.Int32"},"Value":0}]}],"TestRunStatistics":{"ExecutedTests":4,"Stats":{"Failed":4}},"ActiveTests":[]},"RunAttachments":[],"ExecutorUris":["executor://mstestadapter/v2"]}}
TpTrace Verbose: 0 : 5432, 4, 2020/12/01, 16:38:35.518, 10447605370619, testhost.dll, BaseRunTests.RunTests: Run is complete.
TpTrace Verbose: 0 : 5432, 9, 2020/12/01, 16:38:35.523, 10447605421931, testhost.dll, TcpClientExtensions.MessageLoopAsync: NotifyDataAvailable remoteEndPoint: [::ffff:127.0.0.1]:58111 localEndPoint: [::ffff:127.0.0.1]:58113
TpTrace Information: 0 : 5432, 9, 2020/12/01, 16:38:35.524, 10447605424681, testhost.dll, TestRequestHandler.ProcessRequests: received message: (TestSession.Terminate) -> null
TpTrace Information: 0 : 5432, 9, 2020/12/01, 16:38:35.524, 10447605426063, testhost.dll, Session End message received from server. Closing the connection.
TpTrace Information: 0 : 5432, 9, 2020/12/01, 16:38:35.524, 10447605432592, testhost.dll, SocketClient.Stop: Stop communication from server endpoint: 127.0.0.1:058111
TpTrace Information: 0 : 5432, 9, 2020/12/01, 16:38:35.525, 10447605434249, testhost.dll, SocketClient: Stop: Cancellation requested. Stopping message loop.
TpTrace Verbose: 0 : 5432, 9, 2020/12/01, 16:38:35.525, 10447605441813, testhost.dll, LengthPrefixCommunicationChannel.Dispose: Dispose reader and writer.
TpTrace Information: 0 : 5432, 9, 2020/12/01, 16:38:35.526, 10447605443844, testhost.dll, Closing the connection !
TpTrace Information: 0 : 5432, 1, 2020/12/01, 16:38:35.526, 10447605444470, testhost.dll, Closing the connection !
TpTrace Information: 0 : 5432, 1, 2020/12/01, 16:38:35.526, 10447605451228, testhost.dll, SocketClient.Stop: Stop communication from server endpoint: 127.0.0.1:058111
TpTrace Information: 0 : 5432, 1, 2020/12/01, 16:38:35.526, 10447605452571, testhost.dll, SocketClient: Stop: Cancellation requested. Stopping message loop.
TpTrace Information: 0 : 5432, 9, 2020/12/01, 16:38:35.526, 10447605452708, testhost.dll, SocketClient.PrivateStop: Stop communication from server endpoint: 127.0.0.1:058111, error:
TpTrace Verbose: 0 : 5432, 1, 2020/12/01, 16:38:35.527, 10447605454048, testhost.dll, LengthPrefixCommunicationChannel.Dispose: Dispose reader and writer.
TpTrace Verbose: 0 : 5432, 9, 2020/12/01, 16:38:35.527, 10447605456477, testhost.dll, LengthPrefixCommunicationChannel.Dispose: Dispose reader and writer.
TpTrace Information: 0 : 5432, 1, 2020/12/01, 16:38:35.527, 10447605457840, testhost.dll, Testhost process exiting.
TpTrace Verbose: 0 : 5432, 9, 2020/12/01, 16:38:35.527, 10447605458040, testhost.dll, TcpClientExtensions.MessageLoopAsync: exiting MessageLoopAsync remoteEndPoint: [::ffff:127.0.0.1]:58111 localEndPoint: [::ffff:127.0.0.1]:58113
