TpTrace Information: 0 : 7160, 1, 2020/12/01, 12:04:28.584, 10283136039934, testhost.dll, DefaultEngineInvoker.Invoke: Testhost process started with args :[--port, 60659],[--endpoint, 127.0.0.1:060659],[--role, client],[--parentprocessid, 5372],[--diag, C:\Users\Muhamed\Documents\Fax\VVS\VVS-Zadaca2-GrupaRS3-EMM-master\VVS-Zadaca2-GrupaRS3-EMM-master\Tinder.ba\Unit Testovi\bin\Debug\fine-code-coverage\_outputfolder\diagnostics.host.20-12-01_12-04-28_35139_4.log],[--tracelevel, 4],[--datacollectionport, 60658],[--telemetryoptedin, false]
TpTrace Information: 0 : 7160, 1, 2020/12/01, 12:04:28.590, 10283136083689, testhost.dll, DefaultEngineInvoker.SetParentProcessExitCallback: Monitoring parent process with id: '5372'
TpTrace Information: 0 : 7160, 1, 2020/12/01, 12:04:28.600, 10283136184058, testhost.dll, DefaultEngineInvoker.GetConnectionInfo: Initialize communication on endpoint address: '127.0.0.1:060659'
TpTrace Information: 0 : 7160, 1, 2020/12/01, 12:04:28.629, 10283136482251, testhost.dll, SocketClient.Start: connecting to server endpoint: 127.0.0.1:060659
TpTrace Information: 0 : 7160, 1, 2020/12/01, 12:04:28.638, 10283136572098, testhost.dll, DefaultEngineInvoker.ConnectToDatacollector: Connecting to datacollector, port: 60658
TpTrace Information: 0 : 7160, 5, 2020/12/01, 12:04:28.642, 10283136604041, testhost.dll, SocketClient.OnServerConnected: connected to server endpoint: 127.0.0.1:060659
TpTrace Information: 0 : 7160, 1, 2020/12/01, 12:04:28.644, 10283136624648, testhost.dll, Trying to connect to server on socket : 127.0.0.1:60658 
TpTrace Verbose: 0 : 7160, 1, 2020/12/01, 12:04:28.644, 10283136631741, testhost.dll, SocketCommunicationManager : SetupClientAsync : Attempting to connect to the server.
TpTrace Verbose: 0 : 7160, 5, 2020/12/01, 12:04:28.645, 10283136633479, testhost.dll, Connected to server, and starting MessageLoopAsync
TpTrace Information: 0 : 7160, 10, 2020/12/01, 12:04:28.647, 10283136661231, testhost.dll, Connected to the server successfully 
TpTrace Information: 0 : 7160, 10, 2020/12/01, 12:04:28.648, 10283136663322, testhost.dll, Using the buffer size of 16384 bytes
TpTrace Information: 0 : 7160, 1, 2020/12/01, 12:04:28.649, 10283136673925, testhost.dll, DefaultEngineInvoker.Invoke: Start Request Processing.
TpTrace Verbose: 0 : 7160, 5, 2020/12/01, 12:04:28.650, 10283136684300, testhost.dll, TcpClientExtensions.MessageLoopAsync: Polling on remoteEndPoint: [::ffff:127.0.0.1]:60659 localEndPoint: [::ffff:127.0.0.1]:60660
TpTrace Information: 0 : 7160, 11, 2020/12/01, 12:04:28.650, 10283136685314, testhost.dll, DefaultEngineInvoker.StartProcessingAsync: Connected to vstest.console, Starting process requests.
TpTrace Verbose: 0 : 7160, 5, 2020/12/01, 12:04:28.650, 10283136689047, testhost.dll, TcpClientExtensions.MessageLoopAsync: NotifyDataAvailable remoteEndPoint: [::ffff:127.0.0.1]:60659 localEndPoint: [::ffff:127.0.0.1]:60660
TpTrace Information: 0 : 7160, 5, 2020/12/01, 12:04:28.870, 10283138887565, testhost.dll, TestRequestHandler.ProcessRequests: received message: (ProtocolVersion) -> 3
TpTrace Verbose: 0 : 7160, 5, 2020/12/01, 12:04:28.914, 10283139323565, testhost.dll, TestRequestHandler.SendData:  sending data from testhost: {"Version":2,"MessageType":"TestSession.Message","Payload":{"MessageLevel":0,"Message":"Logging TestHost Diagnostics in file: C:\\Users\\Muhamed\\Documents\\Fax\\VVS\\VVS-Zadaca2-GrupaRS3-EMM-master\\VVS-Zadaca2-GrupaRS3-EMM-master\\Tinder.ba\\Unit Testovi\\bin\\Debug\\fine-code-coverage\\_outputfolder\\diagnostics.host.20-12-01_12-04-28_35139_4.log"}}
TpTrace Verbose: 0 : 7160, 5, 2020/12/01, 12:04:28.914, 10283139325938, testhost.dll, TcpClientExtensions.MessageLoopAsync: Polling on remoteEndPoint: [::ffff:127.0.0.1]:60659 localEndPoint: [::ffff:127.0.0.1]:60660
TpTrace Verbose: 0 : 7160, 5, 2020/12/01, 12:04:28.914, 10283139327345, testhost.dll, TcpClientExtensions.MessageLoopAsync: NotifyDataAvailable remoteEndPoint: [::ffff:127.0.0.1]:60659 localEndPoint: [::ffff:127.0.0.1]:60660
TpTrace Information: 0 : 7160, 5, 2020/12/01, 12:04:28.921, 10283139400063, testhost.dll, TestRequestHandler.ProcessRequests: received message: (TestExecution.Initialize) -> [
  "C:\\Users\\Muhamed\\Documents\\Fax\\VVS\\VVS-Zadaca2-GrupaRS3-EMM-master\\VVS-Zadaca2-GrupaRS3-EMM-master\\Tinder.ba\\Unit Testovi\\bin\\Debug\\fine-code-coverage\\Microsoft.VisualStudio.TestPlatform.MSTest.TestAdapter.dll"
]
TpTrace Information: 0 : 7160, 5, 2020/12/01, 12:04:28.922, 10283139403670, testhost.dll, Execution Session Initialize.
TpTrace Verbose: 0 : 7160, 5, 2020/12/01, 12:04:28.934, 10283139531825, testhost.dll, TcpClientExtensions.MessageLoopAsync: Polling on remoteEndPoint: [::ffff:127.0.0.1]:60659 localEndPoint: [::ffff:127.0.0.1]:60660
TpTrace Verbose: 0 : 7160, 5, 2020/12/01, 12:04:28.935, 10283139536926, testhost.dll, TcpClientExtensions.MessageLoopAsync: NotifyDataAvailable remoteEndPoint: [::ffff:127.0.0.1]:60659 localEndPoint: [::ffff:127.0.0.1]:60660
TpTrace Verbose: 0 : 7160, 4, 2020/12/01, 12:04:28.939, 10283139576397, testhost.dll, TestExecutorService: Loading the extensions
TpTrace Information: 0 : 7160, 5, 2020/12/01, 12:04:28.940, 10283139589707, testhost.dll, TestRequestHandler.ProcessRequests: received message: (TestExecution.StartWithSources) -> {
  "AdapterSourceMap": {
    "_none_": [
      "C:\\Users\\Muhamed\\Documents\\Fax\\VVS\\VVS-Zadaca2-GrupaRS3-EMM-master\\VVS-Zadaca2-GrupaRS3-EMM-master\\Tinder.ba\\Unit Testovi\\bin\\Debug\\fine-code-coverage\\Unit Testovi.dll"
    ]
  },
  "RunSettings": "<RunSettings>\r\n  <RunConfiguration>\r\n    <ResultsDirectory>C:\\Users\\Muhamed\\Documents\\Fax\\VVS\\VVS-Zadaca2-GrupaRS3-EMM-master\\VVS-Zadaca2-GrupaRS3-EMM-master\\Tinder.ba\\Unit Testovi\\bin\\Debug\\fine-code-coverage\\_outputfolder</ResultsDirectory>\r\n    <TargetPlatform>X64</TargetPlatform>\r\n    <TargetFrameworkVersion>.NETCoreApp,Version=v3.1</TargetFrameworkVersion>\r\n    <DesignMode>False</DesignMode>\r\n    <CollectSourceInformation>False</CollectSourceInformation>\r\n  </RunConfiguration>\r\n  <LoggerRunSettings>\r\n    <Loggers>\r\n      <Logger friendlyName=\"blame\" enabled=\"True\" />\r\n      <Logger friendlyName=\"Console\" uri=\"logger://microsoft/TestPlatform/ConsoleLogger/v1\" assemblyQualifiedName=\"Microsoft.VisualStudio.TestPlatform.CommandLine.Internal.ConsoleLogger, vstest.console, Version=15.0.0.0, Culture=neutral, PublicKeyToken=b03f5f7f11d50a3a\" codeBase=\"C:\\Program Files\\dotnet\\sdk\\5.0.100\\vstest.console.dll\" enabled=\"True\" />\r\n    </Loggers>\r\n  </LoggerRunSettings>\r\n  <DataCollectionRunSettings>\r\n    <DataCollectors>\r\n      <DataCollector friendlyName=\"blame\" enabled=\"True\">\r\n        <Configuration>\r\n          <ResultsDirectory>C:\\Users\\Muhamed\\Documents\\Fax\\VVS\\VVS-Zadaca2-GrupaRS3-EMM-master\\VVS-Zadaca2-GrupaRS3-EMM-master\\Tinder.ba\\Unit Testovi\\bin\\Debug\\fine-code-coverage\\_outputfolder</ResultsDirectory>\r\n        </Configuration>\r\n      </DataCollector>\r\n    </DataCollectors>\r\n  </DataCollectionRunSettings>\r\n</RunSettings>",
  "TestExecutionContext": {
    "FrequencyOfRunStatsChangeEvent": 10,
    "RunStatsChangeEventTimeout": "00:00:01.5000000",
    "InIsolation": false,
    "KeepAlive": false,
    "AreTestCaseLevelEventsRequired": false,
    "IsDebug": false,
    "TestCaseFilter": null,
    "FilterOptions": null
  },
  "Package": null
}
TpTrace Information: 0 : 7160, 5, 2020/12/01, 12:04:28.940, 10283139591909, testhost.dll, Execution started.
TpTrace Verbose: 0 : 7160, 4, 2020/12/01, 12:04:28.942, 10283139610113, testhost.dll, TestPluginCache.DiscoverTestExtensions: finding test extensions in assemblies endswith: TestAdapter.dll TPluginInfo: Microsoft.VisualStudio.TestPlatform.Common.ExtensionFramework.Utilities.TestExecutorPluginInformation TExtension: Microsoft.VisualStudio.TestPlatform.ObjectModel.Adapter.ITestExecutor
TpTrace Verbose: 0 : 7160, 4, 2020/12/01, 12:04:28.947, 10283139659030, testhost.dll, TestPluginCache.GetExtensionPaths: Filtered extension paths: 
TpTrace Verbose: 0 : 7160, 4, 2020/12/01, 12:04:28.948, 10283139671846, testhost.dll, TestPluginCache.GetExtensionPaths: Added default extension paths: C:\Users\Muhamed\Documents\Fax\VVS\VVS-Zadaca2-GrupaRS3-EMM-master\VVS-Zadaca2-GrupaRS3-EMM-master\Tinder.ba\Unit Testovi\bin\Debug\fine-code-coverage\Microsoft.VisualStudio.TestPlatform.MSTest.TestAdapter.dll
TpTrace Verbose: 0 : 7160, 4, 2020/12/01, 12:04:28.949, 10283139674356, testhost.dll, TestPluginCache.GetExtensionPaths: Added unfilterableExtensionPaths: 
TpTrace Information: 0 : 7160, 4, 2020/12/01, 12:04:28.955, 10283139741639, testhost.dll, AssemblyResolver.ctor: Creating AssemblyResolver with searchDirectories C:\Users\Muhamed\Documents\Fax\VVS\VVS-Zadaca2-GrupaRS3-EMM-master\VVS-Zadaca2-GrupaRS3-EMM-master\Tinder.ba\Unit Testovi\bin\Debug\fine-code-coverage
TpTrace Verbose: 0 : 7160, 4, 2020/12/01, 12:04:28.959, 10283139780948, testhost.dll, TestPluginCache.DiscoverTestExtensions: Discovering the extensions using extension path.
TpTrace Verbose: 0 : 7160, 4, 2020/12/01, 12:04:28.960, 10283139787704, testhost.dll, TestPluginCache.GetExtensionPaths: Filtered extension paths: 
TpTrace Verbose: 0 : 7160, 4, 2020/12/01, 12:04:28.960, 10283139791018, testhost.dll, TestPluginCache.GetExtensionPaths: Added default extension paths: C:\Users\Muhamed\Documents\Fax\VVS\VVS-Zadaca2-GrupaRS3-EMM-master\VVS-Zadaca2-GrupaRS3-EMM-master\Tinder.ba\Unit Testovi\bin\Debug\fine-code-coverage\Microsoft.VisualStudio.TestPlatform.MSTest.TestAdapter.dll
TpTrace Verbose: 0 : 7160, 4, 2020/12/01, 12:04:28.960, 10283139792743, testhost.dll, TestPluginCache.GetExtensionPaths: Added unfilterableExtensionPaths: 
TpTrace Verbose: 0 : 7160, 4, 2020/12/01, 12:04:28.961, 10283139795084, testhost.dll, TestPluginCache.DiscoverTestExtensions: Discovering the extensions using allExtensionPaths: C:\Users\Muhamed\Documents\Fax\VVS\VVS-Zadaca2-GrupaRS3-EMM-master\VVS-Zadaca2-GrupaRS3-EMM-master\Tinder.ba\Unit Testovi\bin\Debug\fine-code-coverage\Microsoft.VisualStudio.TestPlatform.MSTest.TestAdapter.dll
TpTrace Information: 0 : 7160, 4, 2020/12/01, 12:04:28.962, 10283139811602, testhost.dll, AssemblyResolver.AddSearchDirectories: Adding more searchDirectories C:\Users\Muhamed\Documents\Fax\VVS\VVS-Zadaca2-GrupaRS3-EMM-master\VVS-Zadaca2-GrupaRS3-EMM-master\Tinder.ba\Unit Testovi\bin\Debug\fine-code-coverage
TpTrace Information: 0 : 7160, 4, 2020/12/01, 12:04:28.971, 10283139895050, testhost.dll, AssemblyResolver.OnResolve: Microsoft.VisualStudio.TestPlatform.MSTest.TestAdapter: Resolving assembly.
TpTrace Information: 0 : 7160, 4, 2020/12/01, 12:04:28.975, 10283139934468, testhost.dll, AssemblyResolver.OnResolve: Resolved assembly: Microsoft.VisualStudio.TestPlatform.MSTest.TestAdapter, from path: C:\Users\Muhamed\Documents\Fax\VVS\VVS-Zadaca2-GrupaRS3-EMM-master\VVS-Zadaca2-GrupaRS3-EMM-master\Tinder.ba\Unit Testovi\bin\Debug\fine-code-coverage\Microsoft.VisualStudio.TestPlatform.MSTest.TestAdapter.dll
TpTrace Information: 0 : 7160, 4, 2020/12/01, 12:04:28.980, 10283139985029, testhost.dll, AssemblyResolver.OnResolve: Microsoft.VisualStudio.TestPlatform.MSTestAdapter.PlatformServices.Interface: Resolving assembly.
TpTrace Information: 0 : 7160, 4, 2020/12/01, 12:04:28.981, 10283139993365, testhost.dll, AssemblyResolver.OnResolve: Resolved assembly: Microsoft.VisualStudio.TestPlatform.MSTestAdapter.PlatformServices.Interface, from path: C:\Users\Muhamed\Documents\Fax\VVS\VVS-Zadaca2-GrupaRS3-EMM-master\VVS-Zadaca2-GrupaRS3-EMM-master\Tinder.ba\Unit Testovi\bin\Debug\fine-code-coverage\Microsoft.VisualStudio.TestPlatform.MSTestAdapter.PlatformServices.Interface.dll
TpTrace Information: 0 : 7160, 4, 2020/12/01, 12:04:28.981, 10283139997571, testhost.dll, AssemblyResolver.OnResolve: Microsoft.VisualStudio.TestPlatform.MSTestAdapter.PlatformServices: Resolving assembly.
TpTrace Information: 0 : 7160, 4, 2020/12/01, 12:04:28.982, 10283140005765, testhost.dll, AssemblyResolver.OnResolve: Resolved assembly: Microsoft.VisualStudio.TestPlatform.MSTestAdapter.PlatformServices, from path: C:\Users\Muhamed\Documents\Fax\VVS\VVS-Zadaca2-GrupaRS3-EMM-master\VVS-Zadaca2-GrupaRS3-EMM-master\Tinder.ba\Unit Testovi\bin\Debug\fine-code-coverage\Microsoft.VisualStudio.TestPlatform.MSTestAdapter.PlatformServices.dll
TpTrace Verbose: 0 : 7160, 4, 2020/12/01, 12:04:28.990, 10283140091756, testhost.dll, TestPluginCache: Discovered the extensions using extension path ''.
TpTrace Verbose: 0 : 7160, 4, 2020/12/01, 12:04:28.991, 10283140102008, testhost.dll, TestPluginCache: Discoverers are ''.
TpTrace Verbose: 0 : 7160, 4, 2020/12/01, 12:04:28.992, 10283140104958, testhost.dll, TestPluginCache: Executors are 'executor://MSTestAdapter/v2'.
TpTrace Verbose: 0 : 7160, 4, 2020/12/01, 12:04:28.992, 10283140107765, testhost.dll, TestPluginCache: Setting providers are ''.
TpTrace Verbose: 0 : 7160, 4, 2020/12/01, 12:04:28.992, 10283140110955, testhost.dll, TestPluginCache: Loggers are ''.
TpTrace Verbose: 0 : 7160, 5, 2020/12/01, 12:04:28.998, 10283140172900, testhost.dll, TcpClientExtensions.MessageLoopAsync: Polling on remoteEndPoint: [::ffff:127.0.0.1]:60659 localEndPoint: [::ffff:127.0.0.1]:60660
TpTrace Information: 0 : 7160, 4, 2020/12/01, 12:04:29.004, 10283140223339, testhost.dll, TestPluginManager.CreateTestExtension: Attempting to load test extension: Microsoft.VisualStudio.TestPlatform.MSTest.TestAdapter.MSTestExecutor
TpTrace Verbose: 0 : 7160, 4, 2020/12/01, 12:04:29.010, 10283140290128, testhost.dll, TestExecutorExtensionManager: Loading executor Microsoft.VisualStudio.TestPlatform.MSTest.TestAdapter.MSTestExecutor
TpTrace Verbose: 0 : 7160, 4, 2020/12/01, 12:04:29.010, 10283140291536, testhost.dll, TestExecutorService: Loaded the executors
TpTrace Verbose: 0 : 7160, 4, 2020/12/01, 12:04:29.012, 10283140303182, testhost.dll, TestPluginCache.DiscoverTestExtensions: finding test extensions in assemblies endswith: TestAdapter.dll TPluginInfo: Microsoft.VisualStudio.TestPlatform.Common.ExtensionFramework.Utilities.TestSettingsProviderPluginInformation TExtension: Microsoft.VisualStudio.TestPlatform.ObjectModel.Adapter.ISettingsProvider
TpTrace Verbose: 0 : 7160, 4, 2020/12/01, 12:04:29.012, 10283140309221, testhost.dll, TestPluginCache.GetExtensionPaths: Filtered extension paths: 
TpTrace Verbose: 0 : 7160, 4, 2020/12/01, 12:04:29.012, 10283140311016, testhost.dll, TestPluginCache.GetExtensionPaths: Added default extension paths: C:\Users\Muhamed\Documents\Fax\VVS\VVS-Zadaca2-GrupaRS3-EMM-master\VVS-Zadaca2-GrupaRS3-EMM-master\Tinder.ba\Unit Testovi\bin\Debug\fine-code-coverage\Microsoft.VisualStudio.TestPlatform.MSTest.TestAdapter.dll
TpTrace Verbose: 0 : 7160, 4, 2020/12/01, 12:04:29.012, 10283140312172, testhost.dll, TestPluginCache.GetExtensionPaths: Added unfilterableExtensionPaths: 
TpTrace Information: 0 : 7160, 4, 2020/12/01, 12:04:29.013, 10283140317708, testhost.dll, AssemblyResolver.AddSearchDirectories: Adding more searchDirectories C:\Users\Muhamed\Documents\Fax\VVS\VVS-Zadaca2-GrupaRS3-EMM-master\VVS-Zadaca2-GrupaRS3-EMM-master\Tinder.ba\Unit Testovi\bin\Debug\fine-code-coverage
TpTrace Verbose: 0 : 7160, 4, 2020/12/01, 12:04:29.013, 10283140322178, testhost.dll, TestPluginCache.DiscoverTestExtensions: Discovering the extensions using extension path.
TpTrace Verbose: 0 : 7160, 4, 2020/12/01, 12:04:29.014, 10283140323693, testhost.dll, TestPluginCache.GetExtensionPaths: Filtered extension paths: 
TpTrace Verbose: 0 : 7160, 4, 2020/12/01, 12:04:29.014, 10283140324452, testhost.dll, TestPluginCache.GetExtensionPaths: Added default extension paths: C:\Users\Muhamed\Documents\Fax\VVS\VVS-Zadaca2-GrupaRS3-EMM-master\VVS-Zadaca2-GrupaRS3-EMM-master\Tinder.ba\Unit Testovi\bin\Debug\fine-code-coverage\Microsoft.VisualStudio.TestPlatform.MSTest.TestAdapter.dll
TpTrace Verbose: 0 : 7160, 4, 2020/12/01, 12:04:29.014, 10283140325241, testhost.dll, TestPluginCache.GetExtensionPaths: Added unfilterableExtensionPaths: 
TpTrace Verbose: 0 : 7160, 4, 2020/12/01, 12:04:29.014, 10283140326038, testhost.dll, TestPluginCache.DiscoverTestExtensions: Discovering the extensions using allExtensionPaths: C:\Users\Muhamed\Documents\Fax\VVS\VVS-Zadaca2-GrupaRS3-EMM-master\VVS-Zadaca2-GrupaRS3-EMM-master\Tinder.ba\Unit Testovi\bin\Debug\fine-code-coverage\Microsoft.VisualStudio.TestPlatform.MSTest.TestAdapter.dll
TpTrace Information: 0 : 7160, 4, 2020/12/01, 12:04:29.014, 10283140327595, testhost.dll, AssemblyResolver.AddSearchDirectories: Adding more searchDirectories C:\Users\Muhamed\Documents\Fax\VVS\VVS-Zadaca2-GrupaRS3-EMM-master\VVS-Zadaca2-GrupaRS3-EMM-master\Tinder.ba\Unit Testovi\bin\Debug\fine-code-coverage
TpTrace Verbose: 0 : 7160, 4, 2020/12/01, 12:04:29.014, 10283140331409, testhost.dll, TestPluginCache: Discovered the extensions using extension path ''.
TpTrace Verbose: 0 : 7160, 4, 2020/12/01, 12:04:29.014, 10283140332263, testhost.dll, TestPluginCache: Discoverers are ''.
TpTrace Verbose: 0 : 7160, 4, 2020/12/01, 12:04:29.015, 10283140333245, testhost.dll, TestPluginCache: Executors are 'executor://MSTestAdapter/v2'.
TpTrace Verbose: 0 : 7160, 4, 2020/12/01, 12:04:29.015, 10283140334345, testhost.dll, TestPluginCache: Setting providers are ''.
TpTrace Verbose: 0 : 7160, 4, 2020/12/01, 12:04:29.015, 10283140335073, testhost.dll, TestPluginCache: Loggers are ''.
TpTrace Verbose: 0 : 7160, 4, 2020/12/01, 12:04:29.016, 10283140350672, testhost.dll, TestExecutorService: Loaded the settings providers
TpTrace Information: 0 : 7160, 4, 2020/12/01, 12:04:29.016, 10283140352895, testhost.dll, TestExecutorService: Loaded the extensions
TpTrace Information: 0 : 7160, 4, 2020/12/01, 12:04:29.114, 10283141332343, testhost.dll, TestDiscoveryManager: Discovering tests from sources C:\Users\Muhamed\Documents\Fax\VVS\VVS-Zadaca2-GrupaRS3-EMM-master\VVS-Zadaca2-GrupaRS3-EMM-master\Tinder.ba\Unit Testovi\bin\Debug\fine-code-coverage\Unit Testovi.dll
TpTrace Verbose: 0 : 7160, 4, 2020/12/01, 12:04:29.117, 10283141360969, testhost.dll, TestPluginCache.DiscoverTestExtensions: finding test extensions in assemblies endswith: TestAdapter.dll TPluginInfo: Microsoft.VisualStudio.TestPlatform.Common.ExtensionFramework.Utilities.TestDiscovererPluginInformation TExtension: Microsoft.VisualStudio.TestPlatform.ObjectModel.Adapter.ITestDiscoverer
TpTrace Verbose: 0 : 7160, 4, 2020/12/01, 12:04:29.118, 10283141363022, testhost.dll, TestPluginCache.GetExtensionPaths: Filtered extension paths: 
TpTrace Verbose: 0 : 7160, 4, 2020/12/01, 12:04:29.118, 10283141363835, testhost.dll, TestPluginCache.GetExtensionPaths: Added default extension paths: C:\Users\Muhamed\Documents\Fax\VVS\VVS-Zadaca2-GrupaRS3-EMM-master\VVS-Zadaca2-GrupaRS3-EMM-master\Tinder.ba\Unit Testovi\bin\Debug\fine-code-coverage\Microsoft.VisualStudio.TestPlatform.MSTest.TestAdapter.dll
TpTrace Verbose: 0 : 7160, 4, 2020/12/01, 12:04:29.118, 10283141364547, testhost.dll, TestPluginCache.GetExtensionPaths: Added unfilterableExtensionPaths: 
TpTrace Information: 0 : 7160, 4, 2020/12/01, 12:04:29.118, 10283141366289, testhost.dll, AssemblyResolver.AddSearchDirectories: Adding more searchDirectories C:\Users\Muhamed\Documents\Fax\VVS\VVS-Zadaca2-GrupaRS3-EMM-master\VVS-Zadaca2-GrupaRS3-EMM-master\Tinder.ba\Unit Testovi\bin\Debug\fine-code-coverage
TpTrace Verbose: 0 : 7160, 4, 2020/12/01, 12:04:29.118, 10283141367110, testhost.dll, TestPluginCache.DiscoverTestExtensions: Discovering the extensions using extension path.
TpTrace Verbose: 0 : 7160, 4, 2020/12/01, 12:04:29.118, 10283141368173, testhost.dll, TestPluginCache.GetExtensionPaths: Filtered extension paths: 
TpTrace Verbose: 0 : 7160, 4, 2020/12/01, 12:04:29.118, 10283141368856, testhost.dll, TestPluginCache.GetExtensionPaths: Added default extension paths: C:\Users\Muhamed\Documents\Fax\VVS\VVS-Zadaca2-GrupaRS3-EMM-master\VVS-Zadaca2-GrupaRS3-EMM-master\Tinder.ba\Unit Testovi\bin\Debug\fine-code-coverage\Microsoft.VisualStudio.TestPlatform.MSTest.TestAdapter.dll
TpTrace Verbose: 0 : 7160, 4, 2020/12/01, 12:04:29.118, 10283141369542, testhost.dll, TestPluginCache.GetExtensionPaths: Added unfilterableExtensionPaths: 
TpTrace Verbose: 0 : 7160, 4, 2020/12/01, 12:04:29.118, 10283141370251, testhost.dll, TestPluginCache.DiscoverTestExtensions: Discovering the extensions using allExtensionPaths: C:\Users\Muhamed\Documents\Fax\VVS\VVS-Zadaca2-GrupaRS3-EMM-master\VVS-Zadaca2-GrupaRS3-EMM-master\Tinder.ba\Unit Testovi\bin\Debug\fine-code-coverage\Microsoft.VisualStudio.TestPlatform.MSTest.TestAdapter.dll
TpTrace Information: 0 : 7160, 4, 2020/12/01, 12:04:29.118, 10283141371527, testhost.dll, AssemblyResolver.AddSearchDirectories: Adding more searchDirectories C:\Users\Muhamed\Documents\Fax\VVS\VVS-Zadaca2-GrupaRS3-EMM-master\VVS-Zadaca2-GrupaRS3-EMM-master\Tinder.ba\Unit Testovi\bin\Debug\fine-code-coverage
TpTrace Verbose: 0 : 7160, 4, 2020/12/01, 12:04:29.121, 10283141398024, testhost.dll, TestPluginCache: Discovered the extensions using extension path ''.
TpTrace Verbose: 0 : 7160, 4, 2020/12/01, 12:04:29.121, 10283141399676, testhost.dll, TestPluginCache: Discoverers are 'Microsoft.VisualStudio.TestPlatform.MSTest.TestAdapter.MSTestDiscoverer, Microsoft.VisualStudio.TestPlatform.MSTest.TestAdapter, Version=14.0.0.0, Culture=neutral, PublicKeyToken=b03f5f7f11d50a3a'.
TpTrace Verbose: 0 : 7160, 4, 2020/12/01, 12:04:29.121, 10283141400568, testhost.dll, TestPluginCache: Executors are 'executor://MSTestAdapter/v2'.
TpTrace Verbose: 0 : 7160, 4, 2020/12/01, 12:04:29.121, 10283141401308, testhost.dll, TestPluginCache: Setting providers are ''.
TpTrace Verbose: 0 : 7160, 4, 2020/12/01, 12:04:29.121, 10283141402017, testhost.dll, TestPluginCache: Loggers are ''.
TpTrace Verbose: 0 : 7160, 4, 2020/12/01, 12:04:29.129, 10283141477009, testhost.dll, BaseRunTests.RunTestInternalWithExecutors: Running tests for executor://MSTestAdapter/v2
TpTrace Information: 0 : 7160, 4, 2020/12/01, 12:04:29.204, 10283142230726, testhost.dll, AssemblyResolver.OnResolve: Microsoft.VisualStudio.TestPlatform.MSTestAdapter.PlatformServices.resources: Resolving assembly.
TpTrace Information: 0 : 7160, 4, 2020/12/01, 12:04:29.205, 10283142233389, testhost.dll, AssemblyResolver.OnResolve: Microsoft.VisualStudio.TestPlatform.MSTestAdapter.PlatformServices.resources: Failed to load assembly.
TpTrace Information: 0 : 7160, 4, 2020/12/01, 12:04:29.205, 10283142237896, testhost.dll, AssemblyResolver.OnResolve: Microsoft.VisualStudio.TestPlatform.MSTestAdapter.PlatformServices.resources: Resolving assembly.
TpTrace Information: 0 : 7160, 4, 2020/12/01, 12:04:29.205, 10283142239252, testhost.dll, AssemblyResolver.OnResolve: Microsoft.VisualStudio.TestPlatform.MSTestAdapter.PlatformServices.resources: Resolved from cache.
TpTrace Verbose: 0 : 7160, 4, 2020/12/01, 12:04:29.230, 10283142484173, testhost.dll, TestExecutionRecorder.RecordStart: Starting test: Unit_Testovi.NoviTestovi.TestZamjenskiObjekti.
TpTrace Information: 0 : 7160, 4, 2020/12/01, 12:04:29.399, 10283144179124, testhost.dll, AssemblyResolver.OnResolve: Microsoft.VisualStudio.TestPlatform.MSTest.TestAdapter.resources: Resolving assembly.
TpTrace Information: 0 : 7160, 4, 2020/12/01, 12:04:29.399, 10283144181539, testhost.dll, AssemblyResolver.OnResolve: Microsoft.VisualStudio.TestPlatform.MSTest.TestAdapter.resources: Failed to load assembly.
TpTrace Verbose: 0 : 7160, 4, 2020/12/01, 12:04:29.442, 10283144604854, testhost.dll, TestExecutionRecorder.RecordEnd: test: Unit_Testovi.NoviTestovi.TestZamjenskiObjekti execution completed.
TpTrace Verbose: 0 : 7160, 4, 2020/12/01, 12:04:29.461, 10283144796897, testhost.dll, TestExecutionRecorder.RecordResult: Received result for test: Unit_Testovi.NoviTestovi.TestZamjenskiObjekti.
TpTrace Warning: 0 : 7160, 4, 2020/12/01, 12:04:29.466, 10283144843645, testhost.dll, InProgressTests is null
TpTrace Warning: 0 : 7160, 4, 2020/12/01, 12:04:29.469, 10283144872946, testhost.dll, TestRunCache: No test found corresponding to testResult 'TestZamjenskiObjekti  Failed
  Message: Test method Unit_Testovi.NoviTestovi.TestZamjenskiObjekti threw exception: 
System.NotImplementedException: The method or operation is not implemented.
  StackTrace:
    at Tinder.ba.Poruka.IzračunajPotencijalPoruke() in C:\Users\Muhamed\Documents\Fax\VVS\VVS-Zadaca2-GrupaRS3-EMM-master\VVS-Zadaca2-GrupaRS3-EMM-master\Tinder.ba\Tinder.ba\Poruka.cs:line 65
   at Tinder.ba.Tinder.<>c.<DaLiJeSpajanjeUspjesno>b__10_0(Poruka poruka) in C:\Users\Muhamed\Documents\Fax\VVS\VVS-Zadaca2-GrupaRS3-EMM-master\VVS-Zadaca2-GrupaRS3-EMM-master\Tinder.ba\Tinder.ba\Tinder.cs:line 102
   at System.Collections.Generic.List`1.Find(Predicate`1 match)
   at Tinder.ba.Tinder.DaLiJeSpajanjeUspjesno(Chat c, IRecenzija r) in C:\Users\Muhamed\Documents\Fax\VVS\VVS-Zadaca2-GrupaRS3-EMM-master\VVS-Zadaca2-GrupaRS3-EMM-master\Tinder.ba\Tinder.ba\Tinder.cs:line 102
   at Unit_Testovi.NoviTestovi.TestZamjenskiObjekti() in C:\Users\Muhamed\Documents\Fax\VVS\VVS-Zadaca2-GrupaRS3-EMM-master\VVS-Zadaca2-GrupaRS3-EMM-master\Tinder.ba\Unit Testovi\NoviTestovi.cs:line 24
' in inProgress list.
TpTrace Verbose: 0 : 7160, 4, 2020/12/01, 12:04:29.469, 10283144879629, testhost.dll, TestExecutionRecorder.RecordStart: Starting test: Unit_Testovi.NoviTestovi.TestPotencijalChataVeliki.
TpTrace Verbose: 0 : 7160, 4, 2020/12/01, 12:04:29.473, 10283144913920, testhost.dll, TestExecutionRecorder.RecordEnd: test: Unit_Testovi.NoviTestovi.TestPotencijalChataVeliki execution completed.
TpTrace Verbose: 0 : 7160, 4, 2020/12/01, 12:04:29.474, 10283144928284, testhost.dll, TestExecutionRecorder.RecordResult: Received result for test: Unit_Testovi.NoviTestovi.TestPotencijalChataVeliki.
TpTrace Warning: 0 : 7160, 4, 2020/12/01, 12:04:29.474, 10283144929637, testhost.dll, InProgressTests is null
TpTrace Warning: 0 : 7160, 4, 2020/12/01, 12:04:29.474, 10283144930640, testhost.dll, TestRunCache: No test found corresponding to testResult 'TestPotencijalChataVeliki  Failed
  Message: Test method Unit_Testovi.NoviTestovi.TestPotencijalChataVeliki threw exception: 
System.NotImplementedException: The method or operation is not implemented.
  StackTrace:
    at Tinder.ba.Tinder.PotencijalChata(Chat c) in C:\Users\Muhamed\Documents\Fax\VVS\VVS-Zadaca2-GrupaRS3-EMM-master\VVS-Zadaca2-GrupaRS3-EMM-master\Tinder.ba\Tinder.ba\Tinder.cs:line 112
   at Unit_Testovi.NoviTestovi.TestPotencijalChataVeliki() in C:\Users\Muhamed\Documents\Fax\VVS\VVS-Zadaca2-GrupaRS3-EMM-master\VVS-Zadaca2-GrupaRS3-EMM-master\Tinder.ba\Unit Testovi\NoviTestovi.cs:line 45
' in inProgress list.
TpTrace Verbose: 0 : 7160, 4, 2020/12/01, 12:04:29.474, 10283144931621, testhost.dll, TestExecutionRecorder.RecordStart: Starting test: Unit_Testovi.NoviTestovi.TestPotencijalChataMali.
TpTrace Verbose: 0 : 7160, 4, 2020/12/01, 12:04:29.478, 10283144967561, testhost.dll, TestExecutionRecorder.RecordEnd: test: Unit_Testovi.NoviTestovi.TestPotencijalChataMali execution completed.
TpTrace Verbose: 0 : 7160, 4, 2020/12/01, 12:04:29.479, 10283144981602, testhost.dll, TestExecutionRecorder.RecordResult: Received result for test: Unit_Testovi.NoviTestovi.TestPotencijalChataMali.
TpTrace Warning: 0 : 7160, 4, 2020/12/01, 12:04:29.480, 10283144983075, testhost.dll, InProgressTests is null
TpTrace Warning: 0 : 7160, 4, 2020/12/01, 12:04:29.480, 10283144984082, testhost.dll, TestRunCache: No test found corresponding to testResult 'TestPotencijalChataMali  Failed
  Message: Test method Unit_Testovi.NoviTestovi.TestPotencijalChataMali threw exception: 
System.NotImplementedException: The method or operation is not implemented.
  StackTrace:
    at Tinder.ba.Tinder.PotencijalChata(Chat c) in C:\Users\Muhamed\Documents\Fax\VVS\VVS-Zadaca2-GrupaRS3-EMM-master\VVS-Zadaca2-GrupaRS3-EMM-master\Tinder.ba\Tinder.ba\Tinder.cs:line 112
   at Unit_Testovi.NoviTestovi.TestPotencijalChataMali() in C:\Users\Muhamed\Documents\Fax\VVS\VVS-Zadaca2-GrupaRS3-EMM-master\VVS-Zadaca2-GrupaRS3-EMM-master\Tinder.ba\Unit Testovi\NoviTestovi.cs:line 62
' in inProgress list.
TpTrace Verbose: 0 : 7160, 4, 2020/12/01, 12:04:29.480, 10283144985120, testhost.dll, TestExecutionRecorder.RecordStart: Starting test: Unit_Testovi.NoviTestovi.TestPotencijalChataIzuzetak.
TpTrace Information: 0 : 7160, 4, 2020/12/01, 12:04:29.485, 10283145034885, testhost.dll, AssemblyResolver.OnResolve: Microsoft.VisualStudio.TestPlatform.TestFramework.resources: Resolving assembly.
TpTrace Information: 0 : 7160, 4, 2020/12/01, 12:04:29.485, 10283145037351, testhost.dll, AssemblyResolver.OnResolve: Microsoft.VisualStudio.TestPlatform.TestFramework.resources: Failed to load assembly.
TpTrace Verbose: 0 : 7160, 4, 2020/12/01, 12:04:29.486, 10283145049994, testhost.dll, TestExecutionRecorder.RecordEnd: test: Unit_Testovi.NoviTestovi.TestPotencijalChataIzuzetak execution completed.
TpTrace Verbose: 0 : 7160, 4, 2020/12/01, 12:04:29.488, 10283145064109, testhost.dll, TestExecutionRecorder.RecordResult: Received result for test: Unit_Testovi.NoviTestovi.TestPotencijalChataIzuzetak.
TpTrace Warning: 0 : 7160, 4, 2020/12/01, 12:04:29.488, 10283145065750, testhost.dll, InProgressTests is null
TpTrace Warning: 0 : 7160, 4, 2020/12/01, 12:04:29.488, 10283145067074, testhost.dll, TestRunCache: No test found corresponding to testResult 'TestPotencijalChataIzuzetak  Failed
  Message: Test method threw exception System.NotImplementedException, but exception System.InvalidOperationException was expected. Exception message: System.NotImplementedException: The method or operation is not implemented.
  StackTrace:
   at Tinder.ba.Tinder.PotencijalChata(Chat c) in C:\Users\Muhamed\Documents\Fax\VVS\VVS-Zadaca2-GrupaRS3-EMM-master\VVS-Zadaca2-GrupaRS3-EMM-master\Tinder.ba\Tinder.ba\Tinder.cs:line 112
   at Unit_Testovi.NoviTestovi.TestPotencijalChataIzuzetak() in C:\Users\Muhamed\Documents\Fax\VVS\VVS-Zadaca2-GrupaRS3-EMM-master\VVS-Zadaca2-GrupaRS3-EMM-master\Tinder.ba\Unit Testovi\NoviTestovi.cs:line 80
' in inProgress list.
TpTrace Verbose: 0 : 7160, 4, 2020/12/01, 12:04:29.490, 10283145092228, testhost.dll, BaseRunTests.RunTestInternalWithExecutors: Completed running tests for executor://MSTestAdapter/v2
TpTrace Information: 0 : 7160, 4, 2020/12/01, 12:04:29.496, 10283145148090, testhost.dll, Sending test run complete
TpTrace Verbose: 0 : 7160, 4, 2020/12/01, 12:04:29.554, 10283145730155, testhost.dll, TestRequestHandler.SendData:  sending data from testhost: {"Version":2,"MessageType":"TestExecution.Completed","Payload":{"TestRunCompleteArgs":{"TestRunStatistics":{"ExecutedTests":4,"Stats":{"Failed":4}},"IsCanceled":false,"IsAborted":false,"Error":null,"AttachmentSets":[],"ElapsedTimeInRunningTests":"00:00:00.3667944","Metrics":{}},"LastRunTests":{"NewTestResults":[{"TestCase":{"Id":"1f188b79-6e7d-426e-cee7-535acfae4fe2","FullyQualifiedName":"Unit_Testovi.NoviTestovi.TestZamjenskiObjekti","DisplayName":"TestZamjenskiObjekti","ExecutorUri":"executor://MSTestAdapter/v2","Source":"C:\\Users\\Muhamed\\Documents\\Fax\\VVS\\VVS-Zadaca2-GrupaRS3-EMM-master\\VVS-Zadaca2-GrupaRS3-EMM-master\\Tinder.ba\\Unit Testovi\\bin\\Debug\\fine-code-coverage\\Unit Testovi.dll","CodeFilePath":null,"LineNumber":-1,"Properties":[{"Key":{"Id":"MSTestDiscoverer.TestClassName","Label":"ClassName","Category":"","Description":"","Attributes":1,"ValueType":"System.String"},"Value":"Unit_Testovi.NoviTestovi"},{"Key":{"Id":"TestObject.Traits","Label":"Traits","Category":"","Description":"","Attributes":5,"ValueType":"System.Collections.Generic.KeyValuePair`2[[System.String],[System.String]][]"},"Value":[]}]},"Attachments":[],"Outcome":2,"ErrorMessage":"Test method Unit_Testovi.NoviTestovi.TestZamjenskiObjekti threw exception: \r\nSystem.NotImplementedException: The method or operation is not implemented.","ErrorStackTrace":"    at Tinder.ba.Poruka.IzračunajPotencijalPoruke() in C:\\Users\\Muhamed\\Documents\\Fax\\VVS\\VVS-Zadaca2-GrupaRS3-EMM-master\\VVS-Zadaca2-GrupaRS3-EMM-master\\Tinder.ba\\Tinder.ba\\Poruka.cs:line 65\r\n   at Tinder.ba.Tinder.<>c.<DaLiJeSpajanjeUspjesno>b__10_0(Poruka poruka) in C:\\Users\\Muhamed\\Documents\\Fax\\VVS\\VVS-Zadaca2-GrupaRS3-EMM-master\\VVS-Zadaca2-GrupaRS3-EMM-master\\Tinder.ba\\Tinder.ba\\Tinder.cs:line 102\r\n   at System.Collections.Generic.List`1.Find(Predicate`1 match)\r\n   at Tinder.ba.Tinder.DaLiJeSpajanjeUspjesno(Chat c, IRecenzija r) in C:\\Users\\Muhamed\\Documents\\Fax\\VVS\\VVS-Zadaca2-GrupaRS3-EMM-master\\VVS-Zadaca2-GrupaRS3-EMM-master\\Tinder.ba\\Tinder.ba\\Tinder.cs:line 102\r\n   at Unit_Testovi.NoviTestovi.TestZamjenskiObjekti() in C:\\Users\\Muhamed\\Documents\\Fax\\VVS\\VVS-Zadaca2-GrupaRS3-EMM-master\\VVS-Zadaca2-GrupaRS3-EMM-master\\Tinder.ba\\Unit Testovi\\NoviTestovi.cs:line 24\r\n","DisplayName":null,"Messages":[],"ComputerName":null,"Duration":"00:00:00.0463191","StartTime":"2020-12-01T12:04:29.3388279+01:00","EndTime":"2020-12-01T12:04:29.4369119+01:00","Properties":[{"Key":{"Id":"ExecutionId","Label":"ExecutionId","Category":"","Description":"","Attributes":1,"ValueType":"System.Guid"},"Value":"00000000-0000-0000-0000-000000000000"},{"Key":{"Id":"ParentExecId","Label":"ParentExecId","Category":"","Description":"","Attributes":1,"ValueType":"System.Guid"},"Value":"00000000-0000-0000-0000-000000000000"},{"Key":{"Id":"InnerResultsCount","Label":"InnerResultsCount","Category":"","Description":"","Attributes":1,"ValueType":"System.Int32"},"Value":0}]},{"TestCase":{"Id":"39000b5c-3ec2-cb14-5cc3-6b0da6f4e3d6","FullyQualifiedName":"Unit_Testovi.NoviTestovi.TestPotencijalChataVeliki","DisplayName":"TestPotencijalChataVeliki","ExecutorUri":"executor://MSTestAdapter/v2","Source":"C:\\Users\\Muhamed\\Documents\\Fax\\VVS\\VVS-Zadaca2-GrupaRS3-EMM-master\\VVS-Zadaca2-GrupaRS3-EMM-master\\Tinder.ba\\Unit Testovi\\bin\\Debug\\fine-code-coverage\\Unit Testovi.dll","CodeFilePath":null,"LineNumber":-1,"Properties":[{"Key":{"Id":"MSTestDiscoverer.TestClassName","Label":"ClassName","Category":"","Description":"","Attributes":1,"ValueType":"System.String"},"Value":"Unit_Testovi.NoviTestovi"},{"Key":{"Id":"TestObject.Traits","Label":"Traits","Category":"","Description":"","Attributes":5,"ValueType":"System.Collections.Generic.KeyValuePair`2[[System.String],[System.String]][]"},"Value":[]}]},"Attachments":[],"Outcome":2,"ErrorMessage":"Test method Unit_Testovi.NoviTestovi.TestPotencijalChataVeliki threw exception: \r\nSystem.NotImplementedException: The method or operation is not implemented.","ErrorStackTrace":"    at Tinder.ba.Tinder.PotencijalChata(Chat c) in C:\\Users\\Muhamed\\Documents\\Fax\\VVS\\VVS-Zadaca2-GrupaRS3-EMM-master\\VVS-Zadaca2-GrupaRS3-EMM-master\\Tinder.ba\\Tinder.ba\\Tinder.cs:line 112\r\n   at Unit_Testovi.NoviTestovi.TestPotencijalChataVeliki() in C:\\Users\\Muhamed\\Documents\\Fax\\VVS\\VVS-Zadaca2-GrupaRS3-EMM-master\\VVS-Zadaca2-GrupaRS3-EMM-master\\Tinder.ba\\Unit Testovi\\NoviTestovi.cs:line 45\r\n","DisplayName":null,"Messages":[],"ComputerName":null,"Duration":"00:00:00.0017187","StartTime":"2020-12-01T12:04:29.4711059+01:00","EndTime":"2020-12-01T12:04:29.4730819+01:00","Properties":[{"Key":{"Id":"ExecutionId","Label":"ExecutionId","Category":"","Description":"","Attributes":1,"ValueType":"System.Guid"},"Value":"00000000-0000-0000-0000-000000000000"},{"Key":{"Id":"ParentExecId","Label":"ParentExecId","Category":"","Description":"","Attributes":1,"ValueType":"System.Guid"},"Value":"00000000-0000-0000-0000-000000000000"},{"Key":{"Id":"InnerResultsCount","Label":"InnerResultsCount","Category":"","Description":"","Attributes":1,"ValueType":"System.Int32"},"Value":0}]},{"TestCase":{"Id":"91a7eed0-723a-2c19-08b3-37cd0fdbe5f9","FullyQualifiedName":"Unit_Testovi.NoviTestovi.TestPotencijalChataMali","DisplayName":"TestPotencijalChataMali","ExecutorUri":"executor://MSTestAdapter/v2","Source":"C:\\Users\\Muhamed\\Documents\\Fax\\VVS\\VVS-Zadaca2-GrupaRS3-EMM-master\\VVS-Zadaca2-GrupaRS3-EMM-master\\Tinder.ba\\Unit Testovi\\bin\\Debug\\fine-code-coverage\\Unit Testovi.dll","CodeFilePath":null,"LineNumber":-1,"Properties":[{"Key":{"Id":"MSTestDiscoverer.TestClassName","Label":"ClassName","Category":"","Description":"","Attributes":1,"ValueType":"System.String"},"Value":"Unit_Testovi.NoviTestovi"},{"Key":{"Id":"TestObject.Traits","Label":"Traits","Category":"","Description":"","Attributes":5,"ValueType":"System.Collections.Generic.KeyValuePair`2[[System.String],[System.String]][]"},"Value":[]}]},"Attachments":[],"Outcome":2,"ErrorMessage":"Test method Unit_Testovi.NoviTestovi.TestPotencijalChataMali threw exception: \r\nSystem.NotImplementedException: The method or operation is not implemented.","ErrorStackTrace":"    at Tinder.ba.Tinder.PotencijalChata(Chat c) in C:\\Users\\Muhamed\\Documents\\Fax\\VVS\\VVS-Zadaca2-GrupaRS3-EMM-master\\VVS-Zadaca2-GrupaRS3-EMM-master\\Tinder.ba\\Tinder.ba\\Tinder.cs:line 112\r\n   at Unit_Testovi.NoviTestovi.TestPotencijalChataMali() in C:\\Users\\Muhamed\\Documents\\Fax\\VVS\\VVS-Zadaca2-GrupaRS3-EMM-master\\VVS-Zadaca2-GrupaRS3-EMM-master\\Tinder.ba\\Unit Testovi\\NoviTestovi.cs:line 62\r\n","DisplayName":null,"Messages":[],"ComputerName":null,"Duration":"00:00:00.0010974","StartTime":"2020-12-01T12:04:29.4770256+01:00","EndTime":"2020-12-01T12:04:29.4784498+01:00","Properties":[{"Key":{"Id":"ExecutionId","Label":"ExecutionId","Category":"","Description":"","Attributes":1,"ValueType":"System.Guid"},"Value":"00000000-0000-0000-0000-000000000000"},{"Key":{"Id":"ParentExecId","Label":"ParentExecId","Category":"","Description":"","Attributes":1,"ValueType":"System.Guid"},"Value":"00000000-0000-0000-0000-000000000000"},{"Key":{"Id":"InnerResultsCount","Label":"InnerResultsCount","Category":"","Description":"","Attributes":1,"ValueType":"System.Int32"},"Value":0}]},{"TestCase":{"Id":"38eae18c-f9cd-11af-df60-e79774e5f173","FullyQualifiedName":"Unit_Testovi.NoviTestovi.TestPotencijalChataIzuzetak","DisplayName":"TestPotencijalChataIzuzetak","ExecutorUri":"executor://MSTestAdapter/v2","Source":"C:\\Users\\Muhamed\\Documents\\Fax\\VVS\\VVS-Zadaca2-GrupaRS3-EMM-master\\VVS-Zadaca2-GrupaRS3-EMM-master\\Tinder.ba\\Unit Testovi\\bin\\Debug\\fine-code-coverage\\Unit Testovi.dll","CodeFilePath":null,"LineNumber":-1,"Properties":[{"Key":{"Id":"MSTestDiscoverer.TestClassName","Label":"ClassName","Category":"","Description":"","Attributes":1,"ValueType":"System.String"},"Value":"Unit_Testovi.NoviTestovi"},{"Key":{"Id":"TestObject.Traits","Label":"Traits","Category":"","Description":"","Attributes":5,"ValueType":"System.Collections.Generic.KeyValuePair`2[[System.String],[System.String]][]"},"Value":[]}]},"Attachments":[],"Outcome":2,"ErrorMessage":"Test method threw exception System.NotImplementedException, but exception System.InvalidOperationException was expected. Exception message: System.NotImplementedException: The method or operation is not implemented.","ErrorStackTrace":"   at Tinder.ba.Tinder.PotencijalChata(Chat c) in C:\\Users\\Muhamed\\Documents\\Fax\\VVS\\VVS-Zadaca2-GrupaRS3-EMM-master\\VVS-Zadaca2-GrupaRS3-EMM-master\\Tinder.ba\\Tinder.ba\\Tinder.cs:line 112\r\n   at Unit_Testovi.NoviTestovi.TestPotencijalChataIzuzetak() in C:\\Users\\Muhamed\\Documents\\Fax\\VVS\\VVS-Zadaca2-GrupaRS3-EMM-master\\VVS-Zadaca2-GrupaRS3-EMM-master\\Tinder.ba\\Unit Testovi\\NoviTestovi.cs:line 80\r\n","DisplayName":null,"Messages":[],"ComputerName":null,"Duration":"00:00:00.0038713","StartTime":"2020-12-01T12:04:29.482205+01:00","EndTime":"2020-12-01T12:04:29.4866944+01:00","Properties":[{"Key":{"Id":"ExecutionId","Label":"ExecutionId","Category":"","Description":"","Attributes":1,"ValueType":"System.Guid"},"Value":"00000000-0000-0000-0000-000000000000"},{"Key":{"Id":"ParentExecId","Label":"ParentExecId","Category":"","Description":"","Attributes":1,"ValueType":"System.Guid"},"Value":"00000000-0000-0000-0000-000000000000"},{"Key":{"Id":"InnerResultsCount","Label":"InnerResultsCount","Category":"","Description":"","Attributes":1,"ValueType":"System.Int32"},"Value":0}]}],"TestRunStatistics":{"ExecutedTests":4,"Stats":{"Failed":4}},"ActiveTests":[]},"RunAttachments":[],"ExecutorUris":["executor://mstestadapter/v2"]}}
TpTrace Verbose: 0 : 7160, 4, 2020/12/01, 12:04:29.558, 10283145763843, testhost.dll, BaseRunTests.RunTests: Run is complete.
TpTrace Verbose: 0 : 7160, 5, 2020/12/01, 12:04:29.561, 10283145794113, testhost.dll, TcpClientExtensions.MessageLoopAsync: NotifyDataAvailable remoteEndPoint: [::ffff:127.0.0.1]:60659 localEndPoint: [::ffff:127.0.0.1]:60660
TpTrace Information: 0 : 7160, 5, 2020/12/01, 12:04:29.561, 10283145797287, testhost.dll, TestRequestHandler.ProcessRequests: received message: (TestSession.Terminate) -> null
TpTrace Information: 0 : 7160, 5, 2020/12/01, 12:04:29.561, 10283145798204, testhost.dll, Session End message received from server. Closing the connection.
TpTrace Information: 0 : 7160, 5, 2020/12/01, 12:04:29.562, 10283145804763, testhost.dll, SocketClient.Stop: Stop communication from server endpoint: 127.0.0.1:060659
TpTrace Information: 0 : 7160, 5, 2020/12/01, 12:04:29.562, 10283145806444, testhost.dll, SocketClient: Stop: Cancellation requested. Stopping message loop.
TpTrace Verbose: 0 : 7160, 5, 2020/12/01, 12:04:29.563, 10283145815159, testhost.dll, LengthPrefixCommunicationChannel.Dispose: Dispose reader and writer.
TpTrace Information: 0 : 7160, 5, 2020/12/01, 12:04:29.563, 10283145817778, testhost.dll, Closing the connection !
TpTrace Information: 0 : 7160, 1, 2020/12/01, 12:04:29.563, 10283145821145, testhost.dll, Closing the connection !
TpTrace Information: 0 : 7160, 5, 2020/12/01, 12:04:29.563, 10283145821865, testhost.dll, SocketClient.PrivateStop: Stop communication from server endpoint: 127.0.0.1:060659, error:
TpTrace Information: 0 : 7160, 1, 2020/12/01, 12:04:29.564, 10283145823192, testhost.dll, SocketClient.Stop: Stop communication from server endpoint: 127.0.0.1:060659
TpTrace Verbose: 0 : 7160, 5, 2020/12/01, 12:04:29.564, 10283145824826, testhost.dll, LengthPrefixCommunicationChannel.Dispose: Dispose reader and writer.
TpTrace Verbose: 0 : 7160, 1, 2020/12/01, 12:04:29.564, 10283145825232, testhost.dll, LengthPrefixCommunicationChannel.Dispose: Dispose reader and writer.
TpTrace Verbose: 0 : 7160, 5, 2020/12/01, 12:04:29.564, 10283145826261, testhost.dll, TcpClientExtensions.MessageLoopAsync: exiting MessageLoopAsync remoteEndPoint: [::ffff:127.0.0.1]:60659 localEndPoint: [::ffff:127.0.0.1]:60660
TpTrace Information: 0 : 7160, 1, 2020/12/01, 12:04:29.564, 10283145828549, testhost.dll, Testhost process exiting.
